10:42:50.113 [main                     ] DEBUG Logger               - Configured Logger
10:42:50.130 [main                     ] DEBUG GameApplication      - Logging settings
Title: HTL Mario Test
Version: 0.0
Width: 1280
Height: 720
Fullscreen: false
Intro: false
Profiling: false
Single step:false
App Mode: DEVELOPER
Menu Key: ESCAPE
Stage Style: DECORATED
Scene Factory: class com.almasb.fxgl.app.scene.SceneFactory

10:42:50.995 [JavaFX Application Thread] DEBUG FXGLApplication      - Initializing FXGL
10:42:51.000 [JavaFX Application Thread] INFO  Engine               - FXGL-17.3 (30.03.2023 11.49) on WINDOWS (J:24.0.2 FX:21.0.2)
10:42:51.000 [JavaFX Application Thread] DEBUG Engine               - JRE Vendor Name: Amazon.com Inc.
10:42:51.001 [JavaFX Application Thread] DEBUG Engine               - Running on OS: Windows 11 version 10.0
10:42:51.001 [JavaFX Application Thread] DEBUG Engine               - Architecture: amd64
10:42:51.001 [JavaFX Application Thread] INFO  Engine               - Source code and latest versions at: https://github.com/AlmasB/FXGL
10:42:51.001 [JavaFX Application Thread] INFO  Engine               -       Ask questions and discuss at: https://github.com/AlmasB/FXGL/discussions
10:42:51.001 [JavaFX Application Thread] INFO  Engine               -              Join the FXGL chat at: https://gitter.im/AlmasB/FXGL
10:42:51.252 [JavaFX Application Thread] DEBUG PrimaryStageWindow   - Creating a JavaFX scene
10:42:51.366 [JavaFX Application Thread] DEBUG PrimaryStageWindow   - Target settings size: 1280.0 x 720.0
10:42:51.367 [JavaFX Application Thread] DEBUG PrimaryStageWindow   - Scaled scene size:    1280.0 x 720.0
10:42:51.367 [JavaFX Application Thread] DEBUG PrimaryStageWindow   - Scaled ratio: (1.0, 1.0)
10:42:51.369 [JavaFX Application Thread] DEBUG PrimaryStageWindow   - Set initial scene to FXGLStartupScene
10:42:51.377 [JavaFX Application Thread] DEBUG PrimaryStageWindow   - Opening main window
10:42:51.550 [JavaFX Application Thread] DEBUG PrimaryStageWindow   - Window border size: (14.4000244140625, 37.5999755859375)
10:42:51.550 [JavaFX Application Thread] DEBUG PrimaryStageWindow   - Scaled size: 1280.0 x 720.0
10:42:51.550 [JavaFX Application Thread] DEBUG PrimaryStageWindow   - Scaled ratio: (1.0, 1.0)
10:42:51.551 [JavaFX Application Thread] DEBUG PrimaryStageWindow   - Scene size: 1280.0 x 720.0
10:42:51.552 [JavaFX Application Thread] DEBUG PrimaryStageWindow   - Stage size: 1294.4000244140625 x 757.5999755859375
10:42:51.579 [FXGL Background Thread 1 ] DEBUG Engine               - Initializing environment variables
10:42:51.702 [FXGL Background Thread 1 ] DEBUG FXGLAssetLoaderServi - User app class for loading assets: class at.htl.spiel.MarioLevel
10:42:51.702 [FXGL Background Thread 1 ] DEBUG GameApplicationServi - Applying CSS: fxgl_dark.css
10:42:51.704 [FXGL Background Thread 1 ] DEBUG FXGLAssetLoaderServi - Loading from file system: jar:file:/C:/Users/makim/.m2/repository/com/github/almasb/fxgl/17.3/fxgl-17.3.jar!/fxglassets/ui/css/fxgl_dark.css
10:42:51.780 [FXGL Background Thread 1 ] DEBUG GameApplicationServi - Initializing application scenes
10:42:51.864 [FXGL Background Thread 1 ] DEBUG GameWorld            - Game world initialized
10:42:51.993 [FXGL Background Thread 1 ] DEBUG PhysicsWorld         - Physics world initialized: appHeight=720, physics.ppm=50,0
10:42:51.994 [FXGL Background Thread 1 ] DEBUG PhysicsWorld         - Using strategy: BRUTE_FORCE
10:42:52.000 [FXGL Background Thread 1 ] DEBUG GameScene            - Game scene initialized: 1280x720
10:42:52.027 [FXGL Background Thread 1 ] DEBUG FXGL.DefaultMenu     - createMenuBodyGameMenu()
10:42:52.067 [FXGL Background Thread 1 ] DEBUG FXGL.DefaultMenu     - createOptionsMenu()
10:42:52.088 [FXGL Background Thread 1 ] DEBUG FXGLAssetLoaderServi - Loading from file system: jar:file:/C:/Users/makim/.m2/repository/com/github/almasb/fxgl/17.3/fxgl-17.3.jar!/fxglassets/textures/particles/smoke.png
10:42:52.234 [FXGL Background Thread 1 ] DEBUG FXGLAssetLoaderServi - Loading from file system: jar:file:/C:/Users/makim/.m2/repository/com/github/almasb/fxgl/17.3/fxgl-17.3.jar!/fxglassets/textures/particles/trace_horizontal.png
10:42:52.271 [FXGL Background Thread 1 ] DEBUG GameApplicationServi - Application scenes initialized
10:42:52.296 [FXGL Background Thread 1 ] DEBUG SystemBundleService  - Loading FXGL system data
10:42:52.305 [FXGL Background Thread 1 ] DEBUG FileSystemAccess     - Reading from: C:\Users\makim\OneDrive - HTL Saalfelden\3AHINF 2025_2026\POS\Spiel\system\fxgl.bundle
10:42:52.317 [FXGL Background Thread 1 ] DEBUG SystemBundleService  - Bundle FXGL: {}
10:42:52.317 [FXGL Background Thread 1 ] DEBUG UpdaterService       - Checking for updates
10:42:52.325 [FXGL Background Thread 4 ] DEBUG FXGLApplication      - Loading fonts
10:42:52.326 [FXGL Background Thread 4 ] DEBUG FXGLAssetLoaderServi - Loading from file system: jar:file:/C:/Users/makim/.m2/repository/com/github/almasb/fxgl/17.3/fxgl-17.3.jar!/fxglassets/ui/fonts/VarelaRound-Regular.ttf
10:42:52.327 [FXGL Background Thread 1 ] DEBUG FXGLApplication      - Loading default localization
10:42:52.327 [FXGL Background Thread 1 ] DEBUG FXGLAssetLoaderServi - Loading from file system: jar:file:/C:/Users/makim/.m2/repository/com/github/almasb/fxgl/17.3/fxgl-17.3.jar!/fxglassets/languages/english.lang
10:42:52.374 [FXGL Background Thread 1 ] INFO  FXGLApplication      - FXGL initialization took: 0,795 sec
10:42:52.376 [JavaFX Application Thread] DEBUG FXGLAssetLoaderServi - Loading from file system: jar:file:/C:/Users/makim/.m2/repository/com/github/almasb/fxgl/17.3/fxgl-17.3.jar!/fxglassets/textures/fxgl_icon.png
10:42:52.401 [FXGL Background Thread 4 ] DEBUG FXGLAssetLoaderServi - Loading from file system: jar:file:/C:/Users/makim/.m2/repository/com/github/almasb/fxgl/17.3/fxgl-17.3.jar!/fxglassets/ui/fonts/Abel-Regular.ttf
10:42:52.415 [JavaFX Application Thread] DEBUG FXGLAssetLoaderServi - Loading from file system: jar:file:/C:/Users/makim/.m2/repository/com/github/almasb/fxgl/17.3/fxgl-17.3.jar!/fxglassets/textures/fxgl_default_cursor.png
10:42:52.423 [FXGL Background Thread 4 ] DEBUG FXGLAssetLoaderServi - Loading from file system: jar:file:/C:/Users/makim/.m2/repository/com/github/almasb/fxgl/17.3/fxgl-17.3.jar!/fxglassets/ui/fonts/TerminalLandMono-Regular.otf
10:42:52.439 [JavaFX Application Thread] DEBUG Input                - Registered new binding: Screenshot - CTRL+8
10:42:52.441 [JavaFX Application Thread] DEBUG Input                - Registered new binding: System info dump - CTRL+9
10:42:52.441 [JavaFX Application Thread] DEBUG Input                - Registered new binding: Restart - CTRL+R
10:42:52.444 [JavaFX Application Thread] DEBUG Input                - Registered new binding: Toggle Debug Camera - CTRL+7
10:42:52.444 [FXGL Background Thread 4 ] DEBUG FXGLAssetLoaderServi - Loading from file system: jar:file:/C:/Users/makim/.m2/repository/com/github/almasb/fxgl/17.3/fxgl-17.3.jar!/fxglassets/ui/fonts/Courier-Prime.ttf
10:42:52.451 [JavaFX Application Thread] DEBUG LoopRunner           - Starting loop
10:42:52.451 [JavaFX Application Thread] DEBUG LoopRunner           - Initializing JavaFX AnimationTimerLoop
10:42:52.457 [JavaFX Application Thread] DEBUG GameApplicationServi - Starting new game
10:42:52.458 [JavaFX Application Thread] DEBUG Input                - Clearing active input actions
10:42:52.480 [JavaFX Application Thread] DEBUG GameApplicationServi - Removing overlay from FXGLStartupScene and adding to FXGLLoadingScene
10:42:52.481 [JavaFX Application Thread] DEBUG PrimaryStageWindow   - FXGLStartupScene -> FXGLLoadingScene
10:42:52.481 [JavaFX Application Thread] DEBUG GameApplicationServi - Clearing previous game
10:42:52.481 [JavaFX Application Thread] DEBUG GameScene            - Clearing game scene
10:42:52.481 [JavaFX Application Thread] DEBUG GameWorld            - Clearing game world
10:42:52.481 [JavaFX Application Thread] DEBUG PhysicsWorld         - Clearing physics world
10:42:52.485 [FXGL Background Thread 4 ] DEBUG FXGLApplication      - Initializing game
10:42:52.591 [JavaFX Application Thread] DEBUG FXGLApplication      - Registering font factories with UI factory
10:42:52.674 [FXGL Background Thread 4 ] WARN  TMXLevelLoader       - TiledMap generated from 1.11.2. Supported version: 1.9.0. Some features may not be parsed fully.
10:42:52.693 [FXGL Background Thread 4 ] DEBUG TMXLevelLoader       - Parsed TiledMap: file:/C:/Users/makim/OneDrive%20-%20HTL%20Saalfelden/3AHINF%202025_2026/POS/Spiel/target/classes/assets/levels/level1.tmx
10:42:52.695 [FXGL Background Thread 4 ] DEBUG TMXLevelLoader       - Creating tile layer entities
10:42:52.699 [FXGL Background Thread 4 ] DEBUG TilesetLoader        - Loading view for layer ground
10:42:52.700 [FXGL Background Thread 4 ] DEBUG TilesetLoader        - Created buffer with size 1600.0x240.0
10:42:52.702 [FXGL Background Thread 4 ] DEBUG TilesetLoader        - Loading view for layer Deko
10:42:52.702 [FXGL Background Thread 4 ] DEBUG TilesetLoader        - Created buffer with size 1600.0x240.0
10:42:52.761 [FXGL Background Thread 4 ] DEBUG TilesetLoader        - Loading view for layer Vordergrund
10:42:52.762 [FXGL Background Thread 4 ] DEBUG TilesetLoader        - Created buffer with size 1600.0x240.0
10:42:52.769 [FXGL Background Thread 4 ] DEBUG TMXLevelLoader       - Creating object layer entities
10:42:52.794 [FXGL Background Thread 4 ] DEBUG GameWorld            - Clearing removable entities
10:42:52.795 [FXGL Background Thread 4 ] DEBUG GameWorld            - Setting level: com.almasb.fxgl.entity.level.Level@55287eb8
10:42:52.813 [FXGL Background Thread 4 ] INFO  FXGLApplication      - Game initialization took: 0,328 sec
10:42:52.822 [JavaFX Application Thread] DEBUG Input                - Clearing active input actions
10:42:52.842 [JavaFX Application Thread] DEBUG GameApplicationServi - Removing overlay from FXGLLoadingScene and adding to GameScene
10:42:52.842 [JavaFX Application Thread] DEBUG PrimaryStageWindow   - FXGLLoadingScene -> GameScene
10:42:53.205 [FXGL Background Thread 2 ] INFO  UpdaterService       - Your current version:  17.3
10:42:53.206 [FXGL Background Thread 2 ] INFO  UpdaterService       - Latest stable version: 25
10:42:55.323 [FXGL Background Thread 3 ] DEBUG Engine               - Logging environment variables
10:42:55.324 [FXGL Background Thread 3 ] DEBUG Engine               - achievements: []
10:42:55.324 [FXGL Background Thread 3 ] DEBUG Engine               - actualHeight: 720.0
10:42:55.324 [FXGL Background Thread 3 ] DEBUG Engine               - actualHeightProperty: ReadOnlyDoubleProperty [value: 720.0]
10:42:55.324 [FXGL Background Thread 3 ] DEBUG Engine               - actualWidth: 1280.0
10:42:55.324 [FXGL Background Thread 3 ] DEBUG Engine               - actualWidthProperty: ReadOnlyDoubleProperty [value: 1280.0]
10:42:55.324 [FXGL Background Thread 3 ] DEBUG Engine               - appIcon: fxgl_icon.png
10:42:55.324 [FXGL Background Thread 3 ] DEBUG Engine               - applicationMode: DEVELOPER
10:42:55.324 [FXGL Background Thread 3 ] DEBUG Engine               - cSSList: [fxgl_dark.css]
10:42:55.324 [FXGL Background Thread 3 ] DEBUG Engine               - collisionDetectionStrategy: BRUTE_FORCE
10:42:55.324 [FXGL Background Thread 3 ] DEBUG Engine               - configClass: Optional.empty
10:42:55.324 [FXGL Background Thread 3 ] DEBUG Engine               - credits: []
10:42:55.325 [FXGL Background Thread 3 ] DEBUG Engine               - defaultCursor: CursorInfo(imageName=fxgl_default_cursor.png, hotspotX=7.0, hotspotY=6.0)
10:42:55.325 [FXGL Background Thread 3 ] DEBUG Engine               - devBBoxColorProperty: ObjectProperty [value: 0xff0000ff]
10:42:55.325 [FXGL Background Thread 3 ] DEBUG Engine               - devEnableDebugCameraProperty: BooleanProperty [value: false]
10:42:55.325 [FXGL Background Thread 3 ] DEBUG Engine               - devSensorColorProperty: ObjectProperty [value: 0xffff00ff]
10:42:55.325 [FXGL Background Thread 3 ] DEBUG Engine               - devShowBBoxProperty: BooleanProperty [value: false]
10:42:55.325 [FXGL Background Thread 3 ] DEBUG Engine               - devShowPositionProperty: BooleanProperty [value: false]
10:42:55.325 [FXGL Background Thread 3 ] DEBUG Engine               - enabledMenuItems: []
10:42:55.325 [FXGL Background Thread 3 ] DEBUG Engine               - engineServices: [class com.almasb.fxgl.app.services.FXGLAssetLoaderService, class com.almasb.fxgl.app.FXGLApplication$GameApplicationService, class com.almasb.fxgl.app.services.FXGLDialogService, class com.almasb.fxgl.app.services.IOTaskExecutorService, class com.almasb.fxgl.io.FileSystemService, class com.almasb.fxgl.localization.LocalizationService, class com.almasb.fxgl.app.services.SystemBundleService, class com.almasb.fxgl.profile.SaveLoadService, class com.almasb.fxgl.ui.FXGLUIFactoryServiceProvider, class com.almasb.fxgl.ui.FXGLDialogFactoryServiceProvider, class com.almasb.fxgl.audio.AudioPlayer, class com.almasb.fxgl.notification.impl.NotificationServiceProvider, class com.almasb.fxgl.achievement.AchievementService, class com.almasb.fxgl.cutscene.CutsceneService, class com.almasb.fxgl.minigames.MiniGameService, class com.almasb.fxgl.net.NetService, class com.almasb.fxgl.app.services.UpdaterService, class com.almasb.fxgl.dev.DevService]
10:42:55.325 [FXGL Background Thread 3 ] DEBUG Engine               - fontGame: Abel-Regular.ttf
10:42:55.325 [FXGL Background Thread 3 ] DEBUG Engine               - fontMono: TerminalLandMono-Regular.otf
10:42:55.325 [FXGL Background Thread 3 ] DEBUG Engine               - fontSizeScaleUI: 1.0
10:42:55.325 [FXGL Background Thread 3 ] DEBUG Engine               - fontText: Courier-Prime.ttf
10:42:55.325 [FXGL Background Thread 3 ] DEBUG Engine               - fontUI: VarelaRound-Regular.ttf
10:42:55.325 [FXGL Background Thread 3 ] DEBUG Engine               - fullScreen: BooleanProperty [value: false]
10:42:55.326 [FXGL Background Thread 3 ] DEBUG Engine               - gameDifficulty: MEDIUM
10:42:55.326 [FXGL Background Thread 3 ] DEBUG Engine               - gameDifficultyProperty: ObjectProperty [value: MEDIUM]
10:42:55.326 [FXGL Background Thread 3 ] DEBUG Engine               - globalMusicVolume: 0.5
10:42:55.326 [FXGL Background Thread 3 ] DEBUG Engine               - globalMusicVolumeProperty: DoubleProperty [value: 0.5]
10:42:55.326 [FXGL Background Thread 3 ] DEBUG Engine               - globalSoundVolume: 0.5
10:42:55.326 [FXGL Background Thread 3 ] DEBUG Engine               - globalSoundVolumeProperty: DoubleProperty [value: 0.5]
10:42:55.326 [FXGL Background Thread 3 ] DEBUG Engine               - height: 720
10:42:55.326 [FXGL Background Thread 3 ] DEBUG Engine               - is3D: false
10:42:55.326 [FXGL Background Thread 3 ] DEBUG Engine               - isAndroid: false
10:42:55.326 [FXGL Background Thread 3 ] DEBUG Engine               - isBrowser: false
10:42:55.326 [FXGL Background Thread 3 ] DEBUG Engine               - isClickFeedbackEnabled: false
10:42:55.326 [FXGL Background Thread 3 ] DEBUG Engine               - isCloseConfirmation: false
10:42:55.326 [FXGL Background Thread 3 ] DEBUG Engine               - isDesktop: true
10:42:55.327 [FXGL Background Thread 3 ] DEBUG Engine               - isDeveloperMenuEnabled: false
10:42:55.327 [FXGL Background Thread 3 ] DEBUG Engine               - isEmbedded: false
10:42:55.327 [FXGL Background Thread 3 ] DEBUG Engine               - isEntityPreloadEnabled: true
10:42:55.327 [FXGL Background Thread 3 ] DEBUG Engine               - isExperimentalTiledLargeMap: false
10:42:55.327 [FXGL Background Thread 3 ] DEBUG Engine               - isFileSystemWriteAllowed: true
10:42:55.327 [FXGL Background Thread 3 ] DEBUG Engine               - isFullScreenAllowed: false
10:42:55.327 [FXGL Background Thread 3 ] DEBUG Engine               - isFullScreenFromStart: false
10:42:55.327 [FXGL Background Thread 3 ] DEBUG Engine               - isGameMenuEnabled: true
10:42:55.327 [FXGL Background Thread 3 ] DEBUG Engine               - isIOS: false
10:42:55.327 [FXGL Background Thread 3 ] DEBUG Engine               - isIntroEnabled: false
10:42:55.327 [FXGL Background Thread 3 ] DEBUG Engine               - isLinux: false
10:42:55.327 [FXGL Background Thread 3 ] DEBUG Engine               - isMac: false
10:42:55.327 [FXGL Background Thread 3 ] DEBUG Engine               - isMainMenuEnabled: false
10:42:55.327 [FXGL Background Thread 3 ] DEBUG Engine               - isManualResizeEnabled: false
10:42:55.327 [FXGL Background Thread 3 ] DEBUG Engine               - isMobile: false
10:42:55.327 [FXGL Background Thread 3 ] DEBUG Engine               - isNative: false
10:42:55.328 [FXGL Background Thread 3 ] DEBUG Engine               - isPauseMusicWhenMinimized: true
10:42:55.328 [FXGL Background Thread 3 ] DEBUG Engine               - isPreserveResizeRatio: false
10:42:55.328 [FXGL Background Thread 3 ] DEBUG Engine               - isProfilingEnabled: false
10:42:55.328 [FXGL Background Thread 3 ] DEBUG Engine               - isScaleAffectedOnResize: true
10:42:55.328 [FXGL Background Thread 3 ] DEBUG Engine               - isSingleStep: false
10:42:55.328 [FXGL Background Thread 3 ] DEBUG Engine               - isUserProfileEnabled: false
10:42:55.328 [FXGL Background Thread 3 ] DEBUG Engine               - isWindows: true
10:42:55.328 [FXGL Background Thread 3 ] DEBUG Engine               - language: ObjectProperty [value: ENGLISH]
10:42:55.328 [FXGL Background Thread 3 ] DEBUG Engine               - menuKey: ESCAPE
10:42:55.328 [FXGL Background Thread 3 ] DEBUG Engine               - mouseSensitivity: 0.2
10:42:55.329 [FXGL Background Thread 3 ] DEBUG Engine               - notificationViewClass: class com.almasb.fxgl.notification.view.XboxNotificationView
10:42:55.329 [FXGL Background Thread 3 ] DEBUG Engine               - pixelsPerMeter: 50.0
10:42:55.329 [FXGL Background Thread 3 ] DEBUG Engine               - platform: WINDOWS
10:42:55.329 [FXGL Background Thread 3 ] DEBUG Engine               - prefHeightProperty: ReadOnlyDoubleProperty [value: 720.0]
10:42:55.329 [FXGL Background Thread 3 ] DEBUG Engine               - prefWidthProperty: ReadOnlyDoubleProperty [value: 1280.0]
10:42:55.329 [FXGL Background Thread 3 ] DEBUG Engine               - profileDir: profiles/
10:42:55.329 [FXGL Background Thread 3 ] DEBUG Engine               - profileName: StringProperty [value: DEFAULT]
10:42:55.329 [FXGL Background Thread 3 ] DEBUG Engine               - randomSeed: -1
10:42:55.329 [FXGL Background Thread 3 ] DEBUG Engine               - runtimeInfo: RuntimeInfo(platform=WINDOWS, version=17.3, build=30.03.2023 11.49)
10:42:55.329 [FXGL Background Thread 3 ] DEBUG Engine               - saveFileExt: sav
10:42:55.329 [FXGL Background Thread 3 ] DEBUG Engine               - scaledHeightProp$fxgl: DoubleProperty [bound, value: 720.0]
10:42:55.329 [FXGL Background Thread 3 ] DEBUG Engine               - scaledWidthProp$fxgl: DoubleProperty [bound, value: 1280.0]
10:42:55.329 [FXGL Background Thread 3 ] DEBUG Engine               - sceneFactory: com.almasb.fxgl.app.scene.SceneFactory@1ff5d0e
10:42:55.329 [FXGL Background Thread 3 ] DEBUG Engine               - secondsIn24h: 60
10:42:55.329 [FXGL Background Thread 3 ] DEBUG Engine               - soundMenuBack: menu/back.wav
10:42:55.329 [FXGL Background Thread 3 ] DEBUG Engine               - soundMenuPress: menu/press.wav
10:42:55.330 [FXGL Background Thread 3 ] DEBUG Engine               - soundMenuSelect: menu/select.wav
10:42:55.330 [FXGL Background Thread 3 ] DEBUG Engine               - soundNotification: core/notification.wav
10:42:55.330 [FXGL Background Thread 3 ] DEBUG Engine               - stageStyle: DECORATED
10:42:55.330 [FXGL Background Thread 3 ] DEBUG Engine               - supportedLanguages: [ENGLISH, FRENCH, GERMAN, HUNGARIAN, RUSSIAN]
10:42:55.330 [FXGL Background Thread 3 ] DEBUG Engine               - ticksPerSecond: -1
10:42:55.330 [FXGL Background Thread 3 ] DEBUG Engine               - title: HTL Mario Test
10:42:55.330 [FXGL Background Thread 3 ] DEBUG Engine               - urlGithub: https://github.com/AlmasB/FXGL
10:42:55.330 [FXGL Background Thread 3 ] DEBUG Engine               - urlLeaderboard: http://fxgl-top.herokuapp.com/
10:42:55.330 [FXGL Background Thread 3 ] DEBUG Engine               - urlPOM: https://raw.githubusercontent.com/AlmasB/FXGL/release/README.md
10:42:55.330 [FXGL Background Thread 3 ] DEBUG Engine               - userAppClass: class at.htl.spiel.MarioLevel
10:42:55.330 [FXGL Background Thread 3 ] DEBUG Engine               - version: 0.0
10:42:55.330 [FXGL Background Thread 3 ] DEBUG Engine               - versionCheckDays: 7
10:42:55.330 [FXGL Background Thread 3 ] DEBUG Engine               - width: 1280
10:42:55.330 [FXGL Background Thread 3 ] DEBUG Engine               - Logging services
10:42:55.330 [FXGL Background Thread 3 ] DEBUG Engine               - class com.almasb.fxgl.app.services.FXGLAssetLoaderService
10:42:55.330 [FXGL Background Thread 3 ] DEBUG Engine               - class com.almasb.fxgl.app.FXGLApplication$GameApplicationService
10:42:55.330 [FXGL Background Thread 3 ] DEBUG Engine               - class com.almasb.fxgl.app.services.FXGLDialogService
10:42:55.330 [FXGL Background Thread 3 ] DEBUG Engine               - class com.almasb.fxgl.app.services.IOTaskExecutorService
10:42:55.330 [FXGL Background Thread 3 ] DEBUG Engine               - class com.almasb.fxgl.io.FileSystemService
10:42:55.330 [FXGL Background Thread 3 ] DEBUG Engine               - class com.almasb.fxgl.localization.LocalizationService
10:42:55.330 [FXGL Background Thread 3 ] DEBUG Engine               - class com.almasb.fxgl.app.services.SystemBundleService
10:42:55.330 [FXGL Background Thread 3 ] DEBUG Engine               - class com.almasb.fxgl.profile.SaveLoadService
10:42:55.330 [FXGL Background Thread 3 ] DEBUG Engine               - class com.almasb.fxgl.ui.FXGLUIFactoryServiceProvider
10:42:55.330 [FXGL Background Thread 3 ] DEBUG Engine               - class com.almasb.fxgl.ui.FXGLDialogFactoryServiceProvider
10:42:55.330 [FXGL Background Thread 3 ] DEBUG Engine               - class com.almasb.fxgl.audio.AudioPlayer
10:42:55.330 [FXGL Background Thread 3 ] DEBUG Engine               - class com.almasb.fxgl.notification.impl.NotificationServiceProvider
10:42:55.330 [FXGL Background Thread 3 ] DEBUG Engine               - class com.almasb.fxgl.achievement.AchievementService
10:42:55.330 [FXGL Background Thread 3 ] DEBUG Engine               - class com.almasb.fxgl.cutscene.CutsceneService
10:42:55.330 [FXGL Background Thread 3 ] DEBUG Engine               - class com.almasb.fxgl.minigames.MiniGameService
10:42:55.330 [FXGL Background Thread 3 ] DEBUG Engine               - class com.almasb.fxgl.net.NetService
10:42:55.331 [FXGL Background Thread 3 ] DEBUG Engine               - class com.almasb.fxgl.app.services.UpdaterService
10:42:55.331 [FXGL Background Thread 3 ] DEBUG Engine               - class com.almasb.fxgl.dev.DevService
10:44:35.640 [JavaFX Application Thread] DEBUG FXGLApplication      - Exiting FXGL
10:44:35.640 [JavaFX Application Thread] DEBUG LoopRunner           - Stopping loop
10:44:35.640 [JavaFX Application Thread] DEBUG SystemBundleService  - Saving FXGL system data
10:44:35.651 [JavaFX Application Thread] DEBUG FileSystemAccess     - Writing to: C:\Users\makim\OneDrive - HTL Saalfelden\3AHINF 2025_2026\POS\Spiel\system\fxgl.bundle
10:44:35.655 [JavaFX Application Thread] DEBUG Async                - Shutting down background threads
10:44:35.656 [JavaFX Application Thread] DEBUG PrimaryStageWindow   - Closing main window
10:44:35.682 [JavaFX Application Thread] DEBUG Logger               - Closing Logger
