12:01:59.123 [main                     ] DEBUG Logger               - Configured Logger
12:01:59.144 [main                     ] DEBUG GameApplication      - Logging settings
Title: HTL Mario - Smooth Physics
Version: 0.0
Width: 1920
Height: 1080
Fullscreen: false
Intro: false
Profiling: false
Single step:false
App Mode: DEVELOPER
Menu Key: ESCAPE
Stage Style: DECORATED
Scene Factory: class com.almasb.fxgl.app.scene.SceneFactory

12:01:59.848 [JavaFX Application Thread] DEBUG FXGLApplication      - Initializing FXGL
12:01:59.853 [JavaFX Application Thread] INFO  Engine               - FXGL-17.3 (30.03.2023 11.49) on WINDOWS (J:24.0.2 FX:21.0.2)
12:01:59.853 [JavaFX Application Thread] DEBUG Engine               - JRE Vendor Name: Amazon.com Inc.
12:01:59.854 [JavaFX Application Thread] DEBUG Engine               - Running on OS: Windows 11 version 10.0
12:01:59.854 [JavaFX Application Thread] DEBUG Engine               - Architecture: amd64
12:01:59.854 [JavaFX Application Thread] INFO  Engine               - Source code and latest versions at: https://github.com/AlmasB/FXGL
12:01:59.854 [JavaFX Application Thread] INFO  Engine               -       Ask questions and discuss at: https://github.com/AlmasB/FXGL/discussions
12:01:59.854 [JavaFX Application Thread] INFO  Engine               -              Join the FXGL chat at: https://gitter.im/AlmasB/FXGL
12:02:00.125 [JavaFX Application Thread] DEBUG PrimaryStageWindow   - Creating a JavaFX scene
12:02:00.126 [JavaFX Application Thread] DEBUG PrimaryStageWindow   - Target size > screen size
12:02:00.225 [JavaFX Application Thread] DEBUG PrimaryStageWindow   - Target settings size: 1920.0 x 1080.0
12:02:00.225 [JavaFX Application Thread] DEBUG PrimaryStageWindow   - Scaled scene size:    1425.0 x 815.0
12:02:00.226 [JavaFX Application Thread] DEBUG PrimaryStageWindow   - Scaled ratio: (0.7421875, 0.7546296296296297)
12:02:00.228 [JavaFX Application Thread] DEBUG PrimaryStageWindow   - Set initial scene to FXGLStartupScene
12:02:00.236 [JavaFX Application Thread] DEBUG PrimaryStageWindow   - Opening main window
12:02:00.414 [JavaFX Application Thread] DEBUG PrimaryStageWindow   - Window border size: (15.0, 37.79998779296875)
12:02:00.414 [JavaFX Application Thread] DEBUG PrimaryStageWindow   - Scaled size: 1425.0 x 815.0
12:02:00.415 [JavaFX Application Thread] DEBUG PrimaryStageWindow   - Scaled ratio: (0.7421875, 0.7546296296296297)
12:02:00.415 [JavaFX Application Thread] DEBUG PrimaryStageWindow   - Scene size: 1425.0 x 815.0
12:02:00.416 [JavaFX Application Thread] DEBUG PrimaryStageWindow   - Stage size: 1440.0 x 852.7999877929688
12:02:00.437 [FXGL Background Thread 1 ] DEBUG Engine               - Initializing environment variables
12:02:00.568 [FXGL Background Thread 1 ] DEBUG FXGLAssetLoaderServi - User app class for loading assets: class at.htl.spiel.MarioLevel
12:02:00.569 [FXGL Background Thread 1 ] DEBUG GameApplicationServi - Applying CSS: fxgl_dark.css
12:02:00.570 [FXGL Background Thread 1 ] DEBUG FXGLAssetLoaderServi - Loading from file system: jar:file:/C:/Users/makim/.m2/repository/com/github/almasb/fxgl/17.3/fxgl-17.3.jar!/fxglassets/ui/css/fxgl_dark.css
12:02:00.675 [FXGL Background Thread 1 ] DEBUG GameApplicationServi - Initializing application scenes
12:02:00.758 [FXGL Background Thread 1 ] DEBUG GameWorld            - Game world initialized
12:02:00.882 [FXGL Background Thread 1 ] DEBUG PhysicsWorld         - Physics world initialized: appHeight=1080, physics.ppm=50,0
12:02:00.882 [FXGL Background Thread 1 ] DEBUG PhysicsWorld         - Using strategy: BRUTE_FORCE
12:02:00.889 [FXGL Background Thread 1 ] DEBUG GameScene            - Game scene initialized: 1920x1080
12:02:00.921 [FXGL Background Thread 1 ] DEBUG FXGL.DefaultMenu     - createMenuBodyGameMenu()
12:02:00.953 [FXGL Background Thread 1 ] DEBUG FXGL.DefaultMenu     - createOptionsMenu()
12:02:00.978 [FXGL Background Thread 1 ] DEBUG FXGLAssetLoaderServi - Loading from file system: jar:file:/C:/Users/makim/.m2/repository/com/github/almasb/fxgl/17.3/fxgl-17.3.jar!/fxglassets/textures/particles/smoke.png
12:02:01.149 [FXGL Background Thread 1 ] DEBUG FXGLAssetLoaderServi - Loading from file system: jar:file:/C:/Users/makim/.m2/repository/com/github/almasb/fxgl/17.3/fxgl-17.3.jar!/fxglassets/textures/particles/trace_horizontal.png
12:02:01.223 [FXGL Background Thread 1 ] DEBUG GameApplicationServi - Application scenes initialized
12:02:01.247 [FXGL Background Thread 1 ] DEBUG SystemBundleService  - Loading FXGL system data
12:02:01.253 [FXGL Background Thread 1 ] DEBUG FileSystemAccess     - Reading from: C:\Users\makim\OneDrive - HTL Saalfelden\3AHINF 2025_2026\POS\Spiel\system\fxgl.bundle
12:02:01.264 [FXGL Background Thread 1 ] DEBUG SystemBundleService  - Bundle FXGL: {}
12:02:01.264 [FXGL Background Thread 1 ] DEBUG UpdaterService       - Checking for updates
12:02:01.271 [FXGL Background Thread 4 ] DEBUG FXGLApplication      - Loading fonts
12:02:01.272 [FXGL Background Thread 4 ] DEBUG FXGLAssetLoaderServi - Loading from file system: jar:file:/C:/Users/makim/.m2/repository/com/github/almasb/fxgl/17.3/fxgl-17.3.jar!/fxglassets/ui/fonts/VarelaRound-Regular.ttf
12:02:01.273 [FXGL Background Thread 1 ] DEBUG FXGLApplication      - Loading default localization
12:02:01.275 [FXGL Background Thread 1 ] DEBUG FXGLAssetLoaderServi - Loading from file system: jar:file:/C:/Users/makim/.m2/repository/com/github/almasb/fxgl/17.3/fxgl-17.3.jar!/fxglassets/languages/english.lang
12:02:01.316 [FXGL Background Thread 1 ] INFO  FXGLApplication      - FXGL initialization took: 0,878 sec
12:02:01.336 [JavaFX Application Thread] DEBUG Input                - Registered new binding: action0 - D
12:02:01.337 [JavaFX Application Thread] DEBUG Input                - Registered new binding: action1 - A
12:02:01.339 [JavaFX Application Thread] DEBUG Input                - Registered new binding: action2 - W
12:02:01.340 [JavaFX Application Thread] DEBUG FXGLAssetLoaderServi - Loading from file system: jar:file:/C:/Users/makim/.m2/repository/com/github/almasb/fxgl/17.3/fxgl-17.3.jar!/fxglassets/textures/fxgl_icon.png
12:02:01.351 [FXGL Background Thread 4 ] DEBUG FXGLAssetLoaderServi - Loading from file system: jar:file:/C:/Users/makim/.m2/repository/com/github/almasb/fxgl/17.3/fxgl-17.3.jar!/fxglassets/ui/fonts/Abel-Regular.ttf
12:02:01.372 [JavaFX Application Thread] DEBUG FXGLAssetLoaderServi - Loading from file system: jar:file:/C:/Users/makim/.m2/repository/com/github/almasb/fxgl/17.3/fxgl-17.3.jar!/fxglassets/textures/fxgl_default_cursor.png
12:02:01.377 [JavaFX Application Thread] DEBUG Input                - Registered new binding: Screenshot - CTRL+8
12:02:01.378 [JavaFX Application Thread] DEBUG Input                - Registered new binding: System info dump - CTRL+9
12:02:01.378 [FXGL Background Thread 4 ] DEBUG FXGLAssetLoaderServi - Loading from file system: jar:file:/C:/Users/makim/.m2/repository/com/github/almasb/fxgl/17.3/fxgl-17.3.jar!/fxglassets/ui/fonts/TerminalLandMono-Regular.otf
12:02:01.380 [JavaFX Application Thread] DEBUG Input                - Registered new binding: Restart - CTRL+R
12:02:01.382 [JavaFX Application Thread] DEBUG Input                - Registered new binding: Toggle Debug Camera - CTRL+7
12:02:01.389 [JavaFX Application Thread] DEBUG LoopRunner           - Starting loop
12:02:01.389 [JavaFX Application Thread] DEBUG LoopRunner           - Initializing JavaFX AnimationTimerLoop
12:02:01.394 [JavaFX Application Thread] DEBUG GameApplicationServi - Starting new game
12:02:01.395 [JavaFX Application Thread] DEBUG Input                - Clearing active input actions
12:02:01.401 [FXGL Background Thread 4 ] DEBUG FXGLAssetLoaderServi - Loading from file system: jar:file:/C:/Users/makim/.m2/repository/com/github/almasb/fxgl/17.3/fxgl-17.3.jar!/fxglassets/ui/fonts/Courier-Prime.ttf
12:02:01.419 [JavaFX Application Thread] DEBUG GameApplicationServi - Removing overlay from FXGLStartupScene and adding to FXGLLoadingScene
12:02:01.420 [JavaFX Application Thread] DEBUG PrimaryStageWindow   - FXGLStartupScene -> FXGLLoadingScene
12:02:01.420 [JavaFX Application Thread] DEBUG GameApplicationServi - Clearing previous game
12:02:01.420 [JavaFX Application Thread] DEBUG GameScene            - Clearing game scene
12:02:01.420 [JavaFX Application Thread] DEBUG GameWorld            - Clearing game world
12:02:01.420 [JavaFX Application Thread] DEBUG PhysicsWorld         - Clearing physics world
12:02:01.424 [FXGL Background Thread 1 ] DEBUG FXGLApplication      - Initializing game
12:02:01.522 [JavaFX Application Thread] DEBUG FXGLApplication      - Registering font factories with UI factory
12:02:01.589 [FXGL Background Thread 1 ] WARN  TMXLevelLoader       - TiledMap generated from 1.11.2. Supported version: 1.9.0. Some features may not be parsed fully.
12:02:01.617 [FXGL Background Thread 1 ] DEBUG TMXLevelLoader       - Parsed TiledMap: file:/C:/Users/makim/OneDrive%20-%20HTL%20Saalfelden/3AHINF%202025_2026/POS/Spiel/target/classes/assets/levels/level1.tmx
12:02:01.619 [FXGL Background Thread 1 ] DEBUG TMXLevelLoader       - Creating tile layer entities
12:02:01.623 [FXGL Background Thread 1 ] DEBUG TilesetLoader        - Loading view for layer ground
12:02:01.624 [FXGL Background Thread 1 ] DEBUG TilesetLoader        - Created buffer with size 1600.0x240.0
12:02:01.625 [FXGL Background Thread 1 ] DEBUG TilesetLoader        - Loading view for layer Deko
12:02:01.625 [FXGL Background Thread 1 ] DEBUG TilesetLoader        - Created buffer with size 1600.0x240.0
12:02:01.682 [FXGL Background Thread 1 ] DEBUG TilesetLoader        - Loading view for layer Vordergrund
12:02:01.683 [FXGL Background Thread 1 ] DEBUG TilesetLoader        - Created buffer with size 1600.0x240.0
12:02:01.689 [FXGL Background Thread 1 ] DEBUG TMXLevelLoader       - Creating object layer entities
12:02:01.758 [FXGL Background Thread 1 ] DEBUG GameWorld            - Clearing removable entities
12:02:01.758 [FXGL Background Thread 1 ] DEBUG GameWorld            - Setting level: com.almasb.fxgl.entity.level.Level@246131b4
12:02:01.770 [FXGL Background Thread 1 ] DEBUG FXGLAssetLoaderServi - Loading from file system: file:/C:/Users/makim/OneDrive%20-%20HTL%20Saalfelden/3AHINF%202025_2026/POS/Spiel/target/classes/assets/levels/mario_and_items.png
12:02:01.783 [FXGL Background Thread 1 ] INFO  FXGLApplication      - Game initialization took: 0,359 sec
12:02:01.785 [JavaFX Application Thread] DEBUG Input                - Clearing active input actions
12:02:01.804 [JavaFX Application Thread] DEBUG GameApplicationServi - Removing overlay from FXGLLoadingScene and adding to GameScene
12:02:01.805 [JavaFX Application Thread] DEBUG PrimaryStageWindow   - FXGLLoadingScene -> GameScene
12:02:02.165 [FXGL Background Thread 2 ] INFO  UpdaterService       - Your current version:  17.3
12:02:02.165 [FXGL Background Thread 2 ] INFO  UpdaterService       - Latest stable version: 25
12:02:04.269 [FXGL Background Thread 3 ] DEBUG Engine               - Logging environment variables
12:02:04.269 [FXGL Background Thread 3 ] DEBUG Engine               - achievements: []
12:02:04.269 [FXGL Background Thread 3 ] DEBUG Engine               - actualHeight: 815.0
12:02:04.269 [FXGL Background Thread 3 ] DEBUG Engine               - actualHeightProperty: ReadOnlyDoubleProperty [value: 815.0]
12:02:04.269 [FXGL Background Thread 3 ] DEBUG Engine               - actualWidth: 1425.0
12:02:04.269 [FXGL Background Thread 3 ] DEBUG Engine               - actualWidthProperty: ReadOnlyDoubleProperty [value: 1425.0]
12:02:04.270 [FXGL Background Thread 3 ] DEBUG Engine               - appIcon: fxgl_icon.png
12:02:04.270 [FXGL Background Thread 3 ] DEBUG Engine               - applicationMode: DEVELOPER
12:02:04.270 [FXGL Background Thread 3 ] DEBUG Engine               - cSSList: [fxgl_dark.css]
12:02:04.270 [FXGL Background Thread 3 ] DEBUG Engine               - collisionDetectionStrategy: BRUTE_FORCE
12:02:04.270 [FXGL Background Thread 3 ] DEBUG Engine               - configClass: Optional.empty
12:02:04.270 [FXGL Background Thread 3 ] DEBUG Engine               - credits: []
12:02:04.270 [FXGL Background Thread 3 ] DEBUG Engine               - defaultCursor: CursorInfo(imageName=fxgl_default_cursor.png, hotspotX=7.0, hotspotY=6.0)
12:02:04.271 [FXGL Background Thread 3 ] DEBUG Engine               - devBBoxColorProperty: ObjectProperty [value: 0xff0000ff]
12:02:04.271 [FXGL Background Thread 3 ] DEBUG Engine               - devEnableDebugCameraProperty: BooleanProperty [value: false]
12:02:04.271 [FXGL Background Thread 3 ] DEBUG Engine               - devSensorColorProperty: ObjectProperty [value: 0xffff00ff]
12:02:04.271 [FXGL Background Thread 3 ] DEBUG Engine               - devShowBBoxProperty: BooleanProperty [value: false]
12:02:04.271 [FXGL Background Thread 3 ] DEBUG Engine               - devShowPositionProperty: BooleanProperty [value: false]
12:02:04.272 [FXGL Background Thread 3 ] DEBUG Engine               - enabledMenuItems: []
12:02:04.272 [FXGL Background Thread 3 ] DEBUG Engine               - engineServices: [class com.almasb.fxgl.app.services.FXGLAssetLoaderService, class com.almasb.fxgl.app.FXGLApplication$GameApplicationService, class com.almasb.fxgl.app.services.FXGLDialogService, class com.almasb.fxgl.app.services.IOTaskExecutorService, class com.almasb.fxgl.io.FileSystemService, class com.almasb.fxgl.localization.LocalizationService, class com.almasb.fxgl.app.services.SystemBundleService, class com.almasb.fxgl.profile.SaveLoadService, class com.almasb.fxgl.ui.FXGLUIFactoryServiceProvider, class com.almasb.fxgl.ui.FXGLDialogFactoryServiceProvider, class com.almasb.fxgl.audio.AudioPlayer, class com.almasb.fxgl.notification.impl.NotificationServiceProvider, class com.almasb.fxgl.achievement.AchievementService, class com.almasb.fxgl.cutscene.CutsceneService, class com.almasb.fxgl.minigames.MiniGameService, class com.almasb.fxgl.net.NetService, class com.almasb.fxgl.app.services.UpdaterService, class com.almasb.fxgl.dev.DevService]
12:02:04.272 [FXGL Background Thread 3 ] DEBUG Engine               - fontGame: Abel-Regular.ttf
12:02:04.272 [FXGL Background Thread 3 ] DEBUG Engine               - fontMono: TerminalLandMono-Regular.otf
12:02:04.272 [FXGL Background Thread 3 ] DEBUG Engine               - fontSizeScaleUI: 1.0
12:02:04.272 [FXGL Background Thread 3 ] DEBUG Engine               - fontText: Courier-Prime.ttf
12:02:04.272 [FXGL Background Thread 3 ] DEBUG Engine               - fontUI: VarelaRound-Regular.ttf
12:02:04.272 [FXGL Background Thread 3 ] DEBUG Engine               - fullScreen: BooleanProperty [value: false]
12:02:04.272 [FXGL Background Thread 3 ] DEBUG Engine               - gameDifficulty: MEDIUM
12:02:04.272 [FXGL Background Thread 3 ] DEBUG Engine               - gameDifficultyProperty: ObjectProperty [value: MEDIUM]
12:02:04.272 [FXGL Background Thread 3 ] DEBUG Engine               - globalMusicVolume: 0.5
12:02:04.273 [FXGL Background Thread 3 ] DEBUG Engine               - globalMusicVolumeProperty: DoubleProperty [value: 0.5]
12:02:04.273 [FXGL Background Thread 3 ] DEBUG Engine               - globalSoundVolume: 0.5
12:02:04.273 [FXGL Background Thread 3 ] DEBUG Engine               - globalSoundVolumeProperty: DoubleProperty [value: 0.5]
12:02:04.273 [FXGL Background Thread 3 ] DEBUG Engine               - height: 1080
12:02:04.273 [FXGL Background Thread 3 ] DEBUG Engine               - is3D: false
12:02:04.273 [FXGL Background Thread 3 ] DEBUG Engine               - isAndroid: false
12:02:04.273 [FXGL Background Thread 3 ] DEBUG Engine               - isBrowser: false
12:02:04.273 [FXGL Background Thread 3 ] DEBUG Engine               - isClickFeedbackEnabled: false
12:02:04.273 [FXGL Background Thread 3 ] DEBUG Engine               - isCloseConfirmation: false
12:02:04.273 [FXGL Background Thread 3 ] DEBUG Engine               - isDesktop: true
12:02:04.274 [FXGL Background Thread 3 ] DEBUG Engine               - isDeveloperMenuEnabled: false
12:02:04.274 [FXGL Background Thread 3 ] DEBUG Engine               - isEmbedded: false
12:02:04.274 [FXGL Background Thread 3 ] DEBUG Engine               - isEntityPreloadEnabled: true
12:02:04.274 [FXGL Background Thread 3 ] DEBUG Engine               - isExperimentalTiledLargeMap: false
12:02:04.274 [FXGL Background Thread 3 ] DEBUG Engine               - isFileSystemWriteAllowed: true
12:02:04.274 [FXGL Background Thread 3 ] DEBUG Engine               - isFullScreenAllowed: false
12:02:04.275 [FXGL Background Thread 3 ] DEBUG Engine               - isFullScreenFromStart: false
12:02:04.275 [FXGL Background Thread 3 ] DEBUG Engine               - isGameMenuEnabled: true
12:02:04.275 [FXGL Background Thread 3 ] DEBUG Engine               - isIOS: false
12:02:04.275 [FXGL Background Thread 3 ] DEBUG Engine               - isIntroEnabled: false
12:02:04.275 [FXGL Background Thread 3 ] DEBUG Engine               - isLinux: false
12:02:04.275 [FXGL Background Thread 3 ] DEBUG Engine               - isMac: false
12:02:04.275 [FXGL Background Thread 3 ] DEBUG Engine               - isMainMenuEnabled: false
12:02:04.275 [FXGL Background Thread 3 ] DEBUG Engine               - isManualResizeEnabled: false
12:02:04.275 [FXGL Background Thread 3 ] DEBUG Engine               - isMobile: false
12:02:04.275 [FXGL Background Thread 3 ] DEBUG Engine               - isNative: false
12:02:04.275 [FXGL Background Thread 3 ] DEBUG Engine               - isPauseMusicWhenMinimized: true
12:02:04.275 [FXGL Background Thread 3 ] DEBUG Engine               - isPreserveResizeRatio: false
12:02:04.275 [FXGL Background Thread 3 ] DEBUG Engine               - isProfilingEnabled: false
12:02:04.275 [FXGL Background Thread 3 ] DEBUG Engine               - isScaleAffectedOnResize: true
12:02:04.276 [FXGL Background Thread 3 ] DEBUG Engine               - isSingleStep: false
12:02:04.276 [FXGL Background Thread 3 ] DEBUG Engine               - isUserProfileEnabled: false
12:02:04.276 [FXGL Background Thread 3 ] DEBUG Engine               - isWindows: true
12:02:04.276 [FXGL Background Thread 3 ] DEBUG Engine               - language: ObjectProperty [value: ENGLISH]
12:02:04.276 [FXGL Background Thread 3 ] DEBUG Engine               - menuKey: ESCAPE
12:02:04.276 [FXGL Background Thread 3 ] DEBUG Engine               - mouseSensitivity: 0.2
12:02:04.276 [FXGL Background Thread 3 ] DEBUG Engine               - notificationViewClass: class com.almasb.fxgl.notification.view.XboxNotificationView
12:02:04.276 [FXGL Background Thread 3 ] DEBUG Engine               - pixelsPerMeter: 50.0
12:02:04.276 [FXGL Background Thread 3 ] DEBUG Engine               - platform: WINDOWS
12:02:04.276 [FXGL Background Thread 3 ] DEBUG Engine               - prefHeightProperty: ReadOnlyDoubleProperty [value: 1080.0]
12:02:04.276 [FXGL Background Thread 3 ] DEBUG Engine               - prefWidthProperty: ReadOnlyDoubleProperty [value: 1920.0]
12:02:04.276 [FXGL Background Thread 3 ] DEBUG Engine               - profileDir: profiles/
12:02:04.276 [FXGL Background Thread 3 ] DEBUG Engine               - profileName: StringProperty [value: DEFAULT]
12:02:04.276 [FXGL Background Thread 3 ] DEBUG Engine               - randomSeed: -1
12:02:04.276 [FXGL Background Thread 3 ] DEBUG Engine               - runtimeInfo: RuntimeInfo(platform=WINDOWS, version=17.3, build=30.03.2023 11.49)
12:02:04.276 [FXGL Background Thread 3 ] DEBUG Engine               - saveFileExt: sav
12:02:04.276 [FXGL Background Thread 3 ] DEBUG Engine               - scaledHeightProp$fxgl: DoubleProperty [bound, value: 815.0]
12:02:04.276 [FXGL Background Thread 3 ] DEBUG Engine               - scaledWidthProp$fxgl: DoubleProperty [bound, value: 1425.0]
12:02:04.276 [FXGL Background Thread 3 ] DEBUG Engine               - sceneFactory: com.almasb.fxgl.app.scene.SceneFactory@5114ef8e
12:02:04.276 [FXGL Background Thread 3 ] DEBUG Engine               - secondsIn24h: 60
12:02:04.276 [FXGL Background Thread 3 ] DEBUG Engine               - soundMenuBack: menu/back.wav
12:02:04.276 [FXGL Background Thread 3 ] DEBUG Engine               - soundMenuPress: menu/press.wav
12:02:04.278 [FXGL Background Thread 3 ] DEBUG Engine               - soundMenuSelect: menu/select.wav
12:02:04.278 [FXGL Background Thread 3 ] DEBUG Engine               - soundNotification: core/notification.wav
12:02:04.278 [FXGL Background Thread 3 ] DEBUG Engine               - stageStyle: DECORATED
12:02:04.278 [FXGL Background Thread 3 ] DEBUG Engine               - supportedLanguages: [ENGLISH, FRENCH, GERMAN, HUNGARIAN, RUSSIAN]
12:02:04.278 [FXGL Background Thread 3 ] DEBUG Engine               - ticksPerSecond: -1
12:02:04.278 [FXGL Background Thread 3 ] DEBUG Engine               - title: HTL Mario - Smooth Physics
12:02:04.278 [FXGL Background Thread 3 ] DEBUG Engine               - urlGithub: https://github.com/AlmasB/FXGL
12:02:04.278 [FXGL Background Thread 3 ] DEBUG Engine               - urlLeaderboard: http://fxgl-top.herokuapp.com/
12:02:04.278 [FXGL Background Thread 3 ] DEBUG Engine               - urlPOM: https://raw.githubusercontent.com/AlmasB/FXGL/release/README.md
12:02:04.278 [FXGL Background Thread 3 ] DEBUG Engine               - userAppClass: class at.htl.spiel.MarioLevel
12:02:04.278 [FXGL Background Thread 3 ] DEBUG Engine               - version: 0.0
12:02:04.278 [FXGL Background Thread 3 ] DEBUG Engine               - versionCheckDays: 7
12:02:04.278 [FXGL Background Thread 3 ] DEBUG Engine               - width: 1920
12:02:04.279 [FXGL Background Thread 3 ] DEBUG Engine               - Logging services
12:02:04.279 [FXGL Background Thread 3 ] DEBUG Engine               - class com.almasb.fxgl.app.services.FXGLAssetLoaderService
12:02:04.279 [FXGL Background Thread 3 ] DEBUG Engine               - class com.almasb.fxgl.app.FXGLApplication$GameApplicationService
12:02:04.279 [FXGL Background Thread 3 ] DEBUG Engine               - class com.almasb.fxgl.app.services.FXGLDialogService
12:02:04.279 [FXGL Background Thread 3 ] DEBUG Engine               - class com.almasb.fxgl.app.services.IOTaskExecutorService
12:02:04.279 [FXGL Background Thread 3 ] DEBUG Engine               - class com.almasb.fxgl.io.FileSystemService
12:02:04.279 [FXGL Background Thread 3 ] DEBUG Engine               - class com.almasb.fxgl.localization.LocalizationService
12:02:04.279 [FXGL Background Thread 3 ] DEBUG Engine               - class com.almasb.fxgl.app.services.SystemBundleService
12:02:04.279 [FXGL Background Thread 3 ] DEBUG Engine               - class com.almasb.fxgl.profile.SaveLoadService
12:02:04.279 [FXGL Background Thread 3 ] DEBUG Engine               - class com.almasb.fxgl.ui.FXGLUIFactoryServiceProvider
12:02:04.279 [FXGL Background Thread 3 ] DEBUG Engine               - class com.almasb.fxgl.ui.FXGLDialogFactoryServiceProvider
12:02:04.279 [FXGL Background Thread 3 ] DEBUG Engine               - class com.almasb.fxgl.audio.AudioPlayer
12:02:04.279 [FXGL Background Thread 3 ] DEBUG Engine               - class com.almasb.fxgl.notification.impl.NotificationServiceProvider
12:02:04.279 [FXGL Background Thread 3 ] DEBUG Engine               - class com.almasb.fxgl.achievement.AchievementService
12:02:04.279 [FXGL Background Thread 3 ] DEBUG Engine               - class com.almasb.fxgl.cutscene.CutsceneService
12:02:04.279 [FXGL Background Thread 3 ] DEBUG Engine               - class com.almasb.fxgl.minigames.MiniGameService
12:02:04.279 [FXGL Background Thread 3 ] DEBUG Engine               - class com.almasb.fxgl.net.NetService
12:02:04.280 [FXGL Background Thread 3 ] DEBUG Engine               - class com.almasb.fxgl.app.services.UpdaterService
12:02:04.280 [FXGL Background Thread 3 ] DEBUG Engine               - class com.almasb.fxgl.dev.DevService
12:02:06.917 [JavaFX Application Thread] DEBUG FXGLApplication      - Exiting FXGL
12:02:06.917 [JavaFX Application Thread] DEBUG LoopRunner           - Stopping loop
12:02:06.917 [JavaFX Application Thread] DEBUG SystemBundleService  - Saving FXGL system data
12:02:06.922 [JavaFX Application Thread] DEBUG FileSystemAccess     - Writing to: C:\Users\makim\OneDrive - HTL Saalfelden\3AHINF 2025_2026\POS\Spiel\system\fxgl.bundle
12:02:06.926 [JavaFX Application Thread] DEBUG Async                - Shutting down background threads
12:02:06.926 [JavaFX Application Thread] DEBUG PrimaryStageWindow   - Closing main window
12:02:06.948 [JavaFX Application Thread] DEBUG Logger               - Closing Logger
