09:17:52.116 [main                     ] DEBUG Logger               - Configured Logger
09:17:52.130 [main                     ] DEBUG GameApplication      - Logging settings
Title: HTL Mario Test
Version: 0.0
Width: 1280
Height: 720
Fullscreen: false
Intro: false
Profiling: false
Single step:false
App Mode: DEVELOPER
Menu Key: ESCAPE
Stage Style: DECORATED
Scene Factory: class com.almasb.fxgl.app.scene.SceneFactory

09:17:53.058 [JavaFX Application Thread] DEBUG FXGLApplication      - Initializing FXGL
09:17:53.065 [JavaFX Application Thread] INFO  Engine               - FXGL-17.3 (30.03.2023 11.49) on WINDOWS (J:24.0.2 FX:21.0.2)
09:17:53.066 [JavaFX Application Thread] DEBUG Engine               - JRE Vendor Name: Amazon.com Inc.
09:17:53.066 [JavaFX Application Thread] DEBUG Engine               - Running on OS: Windows 11 version 10.0
09:17:53.067 [JavaFX Application Thread] DEBUG Engine               - Architecture: amd64
09:17:53.067 [JavaFX Application Thread] INFO  Engine               - Source code and latest versions at: https://github.com/AlmasB/FXGL
09:17:53.067 [JavaFX Application Thread] INFO  Engine               -       Ask questions and discuss at: https://github.com/AlmasB/FXGL/discussions
09:17:53.067 [JavaFX Application Thread] INFO  Engine               -              Join the FXGL chat at: https://gitter.im/AlmasB/FXGL
09:17:53.460 [JavaFX Application Thread] DEBUG PrimaryStageWindow   - Creating a JavaFX scene
09:17:53.577 [JavaFX Application Thread] DEBUG PrimaryStageWindow   - Target settings size: 1280.0 x 720.0
09:17:53.577 [JavaFX Application Thread] DEBUG PrimaryStageWindow   - Scaled scene size:    1280.0 x 720.0
09:17:53.577 [JavaFX Application Thread] DEBUG PrimaryStageWindow   - Scaled ratio: (1.0, 1.0)
09:17:53.580 [JavaFX Application Thread] DEBUG PrimaryStageWindow   - Set initial scene to FXGLStartupScene
09:17:53.588 [JavaFX Application Thread] DEBUG PrimaryStageWindow   - Opening main window
09:17:53.779 [JavaFX Application Thread] DEBUG PrimaryStageWindow   - Window border size: (14.4000244140625, 37.5999755859375)
09:17:53.779 [JavaFX Application Thread] DEBUG PrimaryStageWindow   - Scaled size: 1280.0 x 720.0
09:17:53.780 [JavaFX Application Thread] DEBUG PrimaryStageWindow   - Scaled ratio: (1.0, 1.0)
09:17:53.780 [JavaFX Application Thread] DEBUG PrimaryStageWindow   - Scene size: 1280.0 x 720.0
09:17:53.780 [JavaFX Application Thread] DEBUG PrimaryStageWindow   - Stage size: 1294.4000244140625 x 757.5999755859375
09:17:53.803 [FXGL Background Thread 1 ] DEBUG Engine               - Initializing environment variables
09:17:53.933 [FXGL Background Thread 1 ] DEBUG FXGLAssetLoaderServi - User app class for loading assets: class at.htl.spiel.MarioLevel
09:17:53.934 [FXGL Background Thread 1 ] DEBUG GameApplicationServi - Applying CSS: fxgl_dark.css
09:17:53.936 [FXGL Background Thread 1 ] DEBUG FXGLAssetLoaderServi - Loading from file system: jar:file:/C:/Users/makim/.m2/repository/com/github/almasb/fxgl/17.3/fxgl-17.3.jar!/fxglassets/ui/css/fxgl_dark.css
09:17:54.018 [FXGL Background Thread 1 ] DEBUG GameApplicationServi - Initializing application scenes
09:17:54.110 [FXGL Background Thread 1 ] DEBUG GameWorld            - Game world initialized
09:17:54.239 [FXGL Background Thread 1 ] DEBUG PhysicsWorld         - Physics world initialized: appHeight=720, physics.ppm=50,0
09:17:54.239 [FXGL Background Thread 1 ] DEBUG PhysicsWorld         - Using strategy: BRUTE_FORCE
09:17:54.246 [FXGL Background Thread 1 ] DEBUG GameScene            - Game scene initialized: 1280x720
09:17:54.273 [FXGL Background Thread 1 ] DEBUG FXGL.DefaultMenu     - createMenuBodyGameMenu()
09:17:54.317 [FXGL Background Thread 1 ] DEBUG FXGL.DefaultMenu     - createOptionsMenu()
09:17:54.345 [FXGL Background Thread 1 ] DEBUG FXGLAssetLoaderServi - Loading from file system: jar:file:/C:/Users/makim/.m2/repository/com/github/almasb/fxgl/17.3/fxgl-17.3.jar!/fxglassets/textures/particles/smoke.png
09:17:54.528 [FXGL Background Thread 1 ] DEBUG FXGLAssetLoaderServi - Loading from file system: jar:file:/C:/Users/makim/.m2/repository/com/github/almasb/fxgl/17.3/fxgl-17.3.jar!/fxglassets/textures/particles/trace_horizontal.png
09:17:54.568 [FXGL Background Thread 1 ] DEBUG GameApplicationServi - Application scenes initialized
09:17:54.593 [FXGL Background Thread 1 ] DEBUG SystemBundleService  - Loading FXGL system data
09:17:54.602 [FXGL Background Thread 1 ] DEBUG FileSystemAccess     - Reading from: C:\Users\makim\OneDrive - HTL Saalfelden\3AHINF 2025_2026\POS\Spiel\system\fxgl.bundle
09:17:54.616 [FXGL Background Thread 1 ] DEBUG SystemBundleService  - Bundle FXGL: {}
09:17:54.616 [FXGL Background Thread 1 ] DEBUG UpdaterService       - Checking for updates
09:17:54.625 [FXGL Background Thread 4 ] DEBUG FXGLApplication      - Loading fonts
09:17:54.626 [FXGL Background Thread 4 ] DEBUG FXGLAssetLoaderServi - Loading from file system: jar:file:/C:/Users/makim/.m2/repository/com/github/almasb/fxgl/17.3/fxgl-17.3.jar!/fxglassets/ui/fonts/VarelaRound-Regular.ttf
09:17:54.626 [FXGL Background Thread 1 ] DEBUG FXGLApplication      - Loading default localization
09:17:54.628 [FXGL Background Thread 1 ] DEBUG FXGLAssetLoaderServi - Loading from file system: jar:file:/C:/Users/makim/.m2/repository/com/github/almasb/fxgl/17.3/fxgl-17.3.jar!/fxglassets/languages/english.lang
09:17:54.674 [FXGL Background Thread 1 ] INFO  FXGLApplication      - FXGL initialization took: 0,871 sec
09:17:54.695 [JavaFX Application Thread] DEBUG Input                - Registered new binding: action0 - D
09:17:54.696 [JavaFX Application Thread] DEBUG Input                - Registered new binding: action1 - A
09:17:54.697 [JavaFX Application Thread] DEBUG Input                - Registered new binding: action2 - W
09:17:54.698 [JavaFX Application Thread] DEBUG FXGLAssetLoaderServi - Loading from file system: jar:file:/C:/Users/makim/.m2/repository/com/github/almasb/fxgl/17.3/fxgl-17.3.jar!/fxglassets/textures/fxgl_icon.png
09:17:54.718 [FXGL Background Thread 4 ] DEBUG FXGLAssetLoaderServi - Loading from file system: jar:file:/C:/Users/makim/.m2/repository/com/github/almasb/fxgl/17.3/fxgl-17.3.jar!/fxglassets/ui/fonts/Abel-Regular.ttf
09:17:54.737 [JavaFX Application Thread] DEBUG FXGLAssetLoaderServi - Loading from file system: jar:file:/C:/Users/makim/.m2/repository/com/github/almasb/fxgl/17.3/fxgl-17.3.jar!/fxglassets/textures/fxgl_default_cursor.png
09:17:54.743 [JavaFX Application Thread] DEBUG Input                - Registered new binding: Screenshot - CTRL+8
09:17:54.743 [FXGL Background Thread 4 ] DEBUG FXGLAssetLoaderServi - Loading from file system: jar:file:/C:/Users/makim/.m2/repository/com/github/almasb/fxgl/17.3/fxgl-17.3.jar!/fxglassets/ui/fonts/TerminalLandMono-Regular.otf
09:17:54.744 [JavaFX Application Thread] DEBUG Input                - Registered new binding: System info dump - CTRL+9
09:17:54.745 [JavaFX Application Thread] DEBUG Input                - Registered new binding: Restart - CTRL+R
09:17:54.746 [JavaFX Application Thread] DEBUG Input                - Registered new binding: Toggle Debug Camera - CTRL+7
09:17:54.753 [JavaFX Application Thread] DEBUG LoopRunner           - Starting loop
09:17:54.754 [JavaFX Application Thread] DEBUG LoopRunner           - Initializing JavaFX AnimationTimerLoop
09:17:54.758 [JavaFX Application Thread] DEBUG GameApplicationServi - Starting new game
09:17:54.759 [JavaFX Application Thread] DEBUG Input                - Clearing active input actions
09:17:54.768 [FXGL Background Thread 4 ] DEBUG FXGLAssetLoaderServi - Loading from file system: jar:file:/C:/Users/makim/.m2/repository/com/github/almasb/fxgl/17.3/fxgl-17.3.jar!/fxglassets/ui/fonts/Courier-Prime.ttf
09:17:54.782 [JavaFX Application Thread] DEBUG GameApplicationServi - Removing overlay from FXGLStartupScene and adding to FXGLLoadingScene
09:17:54.783 [JavaFX Application Thread] DEBUG PrimaryStageWindow   - FXGLStartupScene -> FXGLLoadingScene
09:17:54.783 [JavaFX Application Thread] DEBUG GameApplicationServi - Clearing previous game
09:17:54.783 [JavaFX Application Thread] DEBUG GameScene            - Clearing game scene
09:17:54.783 [JavaFX Application Thread] DEBUG GameWorld            - Clearing game world
09:17:54.783 [JavaFX Application Thread] DEBUG PhysicsWorld         - Clearing physics world
09:17:54.786 [FXGL Background Thread 1 ] DEBUG FXGLApplication      - Initializing game
09:17:54.888 [JavaFX Application Thread] DEBUG FXGLApplication      - Registering font factories with UI factory
09:17:55.015 [FXGL Background Thread 1 ] WARN  TMXLevelLoader       - TiledMap generated from 1.11.2. Supported version: 1.9.0. Some features may not be parsed fully.
09:17:55.038 [FXGL Background Thread 1 ] DEBUG TMXLevelLoader       - Parsed TiledMap: file:/C:/Users/makim/OneDrive%20-%20HTL%20Saalfelden/3AHINF%202025_2026/POS/Spiel/target/classes/assets/levels/level1.tmx
09:17:55.040 [FXGL Background Thread 1 ] DEBUG TMXLevelLoader       - Creating tile layer entities
09:17:55.043 [FXGL Background Thread 1 ] DEBUG TilesetLoader        - Loading view for layer ground
09:17:55.045 [FXGL Background Thread 1 ] DEBUG TilesetLoader        - Created buffer with size 1600.0x240.0
09:17:55.046 [FXGL Background Thread 1 ] DEBUG TilesetLoader        - Loading view for layer Deko
09:17:55.047 [FXGL Background Thread 1 ] DEBUG TilesetLoader        - Created buffer with size 1600.0x240.0
09:17:55.111 [FXGL Background Thread 1 ] DEBUG TilesetLoader        - Loading view for layer Vordergrund
09:17:55.112 [FXGL Background Thread 1 ] DEBUG TilesetLoader        - Created buffer with size 1600.0x240.0
09:17:55.118 [FXGL Background Thread 1 ] DEBUG TMXLevelLoader       - Creating object layer entities
09:17:55.122 [FXGL Background Thread 1 ] WARN  TMXLevelLoader       - Parse error
java.lang.IllegalArgumentException: No EntityFactory has a method annotated @Spawns()
	at com.almasb.fxgl.entity.GameWorld.create(GameWorld.kt:413)
	at com.almasb.fxgl.entity.level.tiled.TMXLevelLoader.createObjectLayerEntities(TMXLevelLoader.kt:155)
	at com.almasb.fxgl.entity.level.tiled.TMXLevelLoader.load(TMXLevelLoader.kt:60)
	at com.almasb.fxgl.app.services.FXGLAssetLoaderService.loadLevel(FXGLAssetLoaderService.kt:430)
	at com.almasb.fxgl.dsl.FXGL$Companion.setLevelFromMap(FXGL.kt:634)
	at com.almasb.fxgl.dsl.FXGL.setLevelFromMap(FXGL.kt)
	at at.htl.spiel.MarioLevel.initGame(MarioLevel.java:41)
	at com.almasb.fxgl.app.FXGLApplication$InitAppTask.initGame(FXGLApplication.kt:339)
	at com.almasb.fxgl.app.FXGLApplication$InitAppTask.call(FXGLApplication.kt:319)
	at com.almasb.fxgl.app.FXGLApplication$InitAppTask.call(FXGLApplication.kt:311)
	at javafx.concurrent.Task$TaskCallable.call(Task.java:1399)
	at java.base/java.util.concurrent.FutureTask.run(FutureTask.java:328)
	at java.base/java.util.concurrent.Executors$RunnableAdapter.call(Executors.java:545)
	at java.base/java.util.concurrent.FutureTask.run(FutureTask.java:328)
	at java.base/java.util.concurrent.ThreadPoolExecutor.runWorker(ThreadPoolExecutor.java:1095)
	at java.base/java.util.concurrent.ThreadPoolExecutor$Worker.run(ThreadPoolExecutor.java:619)
	at java.base/java.lang.Thread.run(Thread.java:1447)

09:17:55.124 [FXGL Background Thread 1 ] INFO  FXGLApplication      - Game initialization took: 0,338 sec
09:17:55.139 [JavaFX Application Thread] DEBUG Input                - Clearing active input actions
09:17:55.155 [JavaFX Application Thread] DEBUG GameApplicationServi - Removing overlay from FXGLLoadingScene and adding to GameScene
09:17:55.156 [JavaFX Application Thread] DEBUG PrimaryStageWindow   - FXGLLoadingScene -> GameScene
09:17:55.640 [FXGL Background Thread 2 ] INFO  UpdaterService       - Your current version:  17.3
09:17:55.640 [FXGL Background Thread 2 ] INFO  UpdaterService       - Latest stable version: 25
09:17:57.623 [FXGL Background Thread 3 ] DEBUG Engine               - Logging environment variables
09:17:57.624 [FXGL Background Thread 3 ] DEBUG Engine               - achievements: []
09:17:57.625 [FXGL Background Thread 3 ] DEBUG Engine               - actualHeight: 720.0
09:17:57.625 [FXGL Background Thread 3 ] DEBUG Engine               - actualHeightProperty: ReadOnlyDoubleProperty [value: 720.0]
09:17:57.625 [FXGL Background Thread 3 ] DEBUG Engine               - actualWidth: 1280.0
09:17:57.625 [FXGL Background Thread 3 ] DEBUG Engine               - actualWidthProperty: ReadOnlyDoubleProperty [value: 1280.0]
09:17:57.625 [FXGL Background Thread 3 ] DEBUG Engine               - appIcon: fxgl_icon.png
09:17:57.625 [FXGL Background Thread 3 ] DEBUG Engine               - applicationMode: DEVELOPER
09:17:57.625 [FXGL Background Thread 3 ] DEBUG Engine               - cSSList: [fxgl_dark.css]
09:17:57.626 [FXGL Background Thread 3 ] DEBUG Engine               - collisionDetectionStrategy: BRUTE_FORCE
09:17:57.626 [FXGL Background Thread 3 ] DEBUG Engine               - configClass: Optional.empty
09:17:57.626 [FXGL Background Thread 3 ] DEBUG Engine               - credits: []
09:17:57.626 [FXGL Background Thread 3 ] DEBUG Engine               - defaultCursor: CursorInfo(imageName=fxgl_default_cursor.png, hotspotX=7.0, hotspotY=6.0)
09:17:57.626 [FXGL Background Thread 3 ] DEBUG Engine               - devBBoxColorProperty: ObjectProperty [value: 0xff0000ff]
09:17:57.627 [FXGL Background Thread 3 ] DEBUG Engine               - devEnableDebugCameraProperty: BooleanProperty [value: false]
09:17:57.627 [FXGL Background Thread 3 ] DEBUG Engine               - devSensorColorProperty: ObjectProperty [value: 0xffff00ff]
09:17:57.627 [FXGL Background Thread 3 ] DEBUG Engine               - devShowBBoxProperty: BooleanProperty [value: false]
09:17:57.627 [FXGL Background Thread 3 ] DEBUG Engine               - devShowPositionProperty: BooleanProperty [value: false]
09:17:57.627 [FXGL Background Thread 3 ] DEBUG Engine               - enabledMenuItems: []
09:17:57.627 [FXGL Background Thread 3 ] DEBUG Engine               - engineServices: [class com.almasb.fxgl.app.services.FXGLAssetLoaderService, class com.almasb.fxgl.app.FXGLApplication$GameApplicationService, class com.almasb.fxgl.app.services.FXGLDialogService, class com.almasb.fxgl.app.services.IOTaskExecutorService, class com.almasb.fxgl.io.FileSystemService, class com.almasb.fxgl.localization.LocalizationService, class com.almasb.fxgl.app.services.SystemBundleService, class com.almasb.fxgl.profile.SaveLoadService, class com.almasb.fxgl.ui.FXGLUIFactoryServiceProvider, class com.almasb.fxgl.ui.FXGLDialogFactoryServiceProvider, class com.almasb.fxgl.audio.AudioPlayer, class com.almasb.fxgl.notification.impl.NotificationServiceProvider, class com.almasb.fxgl.achievement.AchievementService, class com.almasb.fxgl.cutscene.CutsceneService, class com.almasb.fxgl.minigames.MiniGameService, class com.almasb.fxgl.net.NetService, class com.almasb.fxgl.app.services.UpdaterService, class com.almasb.fxgl.dev.DevService]
09:17:57.627 [FXGL Background Thread 3 ] DEBUG Engine               - fontGame: Abel-Regular.ttf
09:17:57.627 [FXGL Background Thread 3 ] DEBUG Engine               - fontMono: TerminalLandMono-Regular.otf
09:17:57.627 [FXGL Background Thread 3 ] DEBUG Engine               - fontSizeScaleUI: 1.0
09:17:57.627 [FXGL Background Thread 3 ] DEBUG Engine               - fontText: Courier-Prime.ttf
09:17:57.627 [FXGL Background Thread 3 ] DEBUG Engine               - fontUI: VarelaRound-Regular.ttf
09:17:57.627 [FXGL Background Thread 3 ] DEBUG Engine               - fullScreen: BooleanProperty [value: false]
09:17:57.628 [FXGL Background Thread 3 ] DEBUG Engine               - gameDifficulty: MEDIUM
09:17:57.628 [FXGL Background Thread 3 ] DEBUG Engine               - gameDifficultyProperty: ObjectProperty [value: MEDIUM]
09:17:57.628 [FXGL Background Thread 3 ] DEBUG Engine               - globalMusicVolume: 0.5
09:17:57.628 [FXGL Background Thread 3 ] DEBUG Engine               - globalMusicVolumeProperty: DoubleProperty [value: 0.5]
09:17:57.628 [FXGL Background Thread 3 ] DEBUG Engine               - globalSoundVolume: 0.5
09:17:57.628 [FXGL Background Thread 3 ] DEBUG Engine               - globalSoundVolumeProperty: DoubleProperty [value: 0.5]
09:17:57.628 [FXGL Background Thread 3 ] DEBUG Engine               - height: 720
09:17:57.628 [FXGL Background Thread 3 ] DEBUG Engine               - is3D: false
09:17:57.628 [FXGL Background Thread 3 ] DEBUG Engine               - isAndroid: false
09:17:57.628 [FXGL Background Thread 3 ] DEBUG Engine               - isBrowser: false
09:17:57.628 [FXGL Background Thread 3 ] DEBUG Engine               - isClickFeedbackEnabled: false
09:17:57.628 [FXGL Background Thread 3 ] DEBUG Engine               - isCloseConfirmation: false
09:17:57.628 [FXGL Background Thread 3 ] DEBUG Engine               - isDesktop: true
09:17:57.628 [FXGL Background Thread 3 ] DEBUG Engine               - isDeveloperMenuEnabled: false
09:17:57.628 [FXGL Background Thread 3 ] DEBUG Engine               - isEmbedded: false
09:17:57.628 [FXGL Background Thread 3 ] DEBUG Engine               - isEntityPreloadEnabled: true
09:17:57.628 [FXGL Background Thread 3 ] DEBUG Engine               - isExperimentalTiledLargeMap: false
09:17:57.628 [FXGL Background Thread 3 ] DEBUG Engine               - isFileSystemWriteAllowed: true
09:17:57.629 [FXGL Background Thread 3 ] DEBUG Engine               - isFullScreenAllowed: false
09:17:57.629 [FXGL Background Thread 3 ] DEBUG Engine               - isFullScreenFromStart: false
09:17:57.629 [FXGL Background Thread 3 ] DEBUG Engine               - isGameMenuEnabled: true
09:17:57.629 [FXGL Background Thread 3 ] DEBUG Engine               - isIOS: false
09:17:57.629 [FXGL Background Thread 3 ] DEBUG Engine               - isIntroEnabled: false
09:17:57.629 [FXGL Background Thread 3 ] DEBUG Engine               - isLinux: false
09:17:57.629 [FXGL Background Thread 3 ] DEBUG Engine               - isMac: false
09:17:57.629 [FXGL Background Thread 3 ] DEBUG Engine               - isMainMenuEnabled: false
09:17:57.629 [FXGL Background Thread 3 ] DEBUG Engine               - isManualResizeEnabled: false
09:17:57.629 [FXGL Background Thread 3 ] DEBUG Engine               - isMobile: false
09:17:57.629 [FXGL Background Thread 3 ] DEBUG Engine               - isNative: false
09:17:57.629 [FXGL Background Thread 3 ] DEBUG Engine               - isPauseMusicWhenMinimized: true
09:17:57.629 [FXGL Background Thread 3 ] DEBUG Engine               - isPreserveResizeRatio: false
09:17:57.629 [FXGL Background Thread 3 ] DEBUG Engine               - isProfilingEnabled: false
09:17:57.629 [FXGL Background Thread 3 ] DEBUG Engine               - isScaleAffectedOnResize: true
09:17:57.629 [FXGL Background Thread 3 ] DEBUG Engine               - isSingleStep: false
09:17:57.629 [FXGL Background Thread 3 ] DEBUG Engine               - isUserProfileEnabled: false
09:17:57.629 [FXGL Background Thread 3 ] DEBUG Engine               - isWindows: true
09:17:57.629 [FXGL Background Thread 3 ] DEBUG Engine               - language: ObjectProperty [value: ENGLISH]
09:17:57.629 [FXGL Background Thread 3 ] DEBUG Engine               - menuKey: ESCAPE
09:17:57.629 [FXGL Background Thread 3 ] DEBUG Engine               - mouseSensitivity: 0.2
09:17:57.629 [FXGL Background Thread 3 ] DEBUG Engine               - notificationViewClass: class com.almasb.fxgl.notification.view.XboxNotificationView
09:17:57.629 [FXGL Background Thread 3 ] DEBUG Engine               - pixelsPerMeter: 50.0
09:17:57.629 [FXGL Background Thread 3 ] DEBUG Engine               - platform: WINDOWS
09:17:57.629 [FXGL Background Thread 3 ] DEBUG Engine               - prefHeightProperty: ReadOnlyDoubleProperty [value: 720.0]
09:17:57.629 [FXGL Background Thread 3 ] DEBUG Engine               - prefWidthProperty: ReadOnlyDoubleProperty [value: 1280.0]
09:17:57.631 [FXGL Background Thread 3 ] DEBUG Engine               - profileDir: profiles/
09:17:57.631 [FXGL Background Thread 3 ] DEBUG Engine               - profileName: StringProperty [value: DEFAULT]
09:17:57.631 [FXGL Background Thread 3 ] DEBUG Engine               - randomSeed: -1
09:17:57.631 [FXGL Background Thread 3 ] DEBUG Engine               - runtimeInfo: RuntimeInfo(platform=WINDOWS, version=17.3, build=30.03.2023 11.49)
09:17:57.631 [FXGL Background Thread 3 ] DEBUG Engine               - saveFileExt: sav
09:17:57.631 [FXGL Background Thread 3 ] DEBUG Engine               - scaledHeightProp$fxgl: DoubleProperty [bound, value: 720.0]
09:17:57.631 [FXGL Background Thread 3 ] DEBUG Engine               - scaledWidthProp$fxgl: DoubleProperty [bound, value: 1280.0]
09:17:57.631 [FXGL Background Thread 3 ] DEBUG Engine               - sceneFactory: com.almasb.fxgl.app.scene.SceneFactory@46a0a683
09:17:57.631 [FXGL Background Thread 3 ] DEBUG Engine               - secondsIn24h: 60
09:17:57.631 [FXGL Background Thread 3 ] DEBUG Engine               - soundMenuBack: menu/back.wav
09:17:57.631 [FXGL Background Thread 3 ] DEBUG Engine               - soundMenuPress: menu/press.wav
09:17:57.632 [FXGL Background Thread 3 ] DEBUG Engine               - soundMenuSelect: menu/select.wav
09:17:57.632 [FXGL Background Thread 3 ] DEBUG Engine               - soundNotification: core/notification.wav
09:17:57.632 [FXGL Background Thread 3 ] DEBUG Engine               - stageStyle: DECORATED
09:17:57.632 [FXGL Background Thread 3 ] DEBUG Engine               - supportedLanguages: [ENGLISH, FRENCH, GERMAN, HUNGARIAN, RUSSIAN]
09:17:57.632 [FXGL Background Thread 3 ] DEBUG Engine               - ticksPerSecond: -1
09:17:57.632 [FXGL Background Thread 3 ] DEBUG Engine               - title: HTL Mario Test
09:17:57.632 [FXGL Background Thread 3 ] DEBUG Engine               - urlGithub: https://github.com/AlmasB/FXGL
09:17:57.632 [FXGL Background Thread 3 ] DEBUG Engine               - urlLeaderboard: http://fxgl-top.herokuapp.com/
09:17:57.632 [FXGL Background Thread 3 ] DEBUG Engine               - urlPOM: https://raw.githubusercontent.com/AlmasB/FXGL/release/README.md
09:17:57.632 [FXGL Background Thread 3 ] DEBUG Engine               - userAppClass: class at.htl.spiel.MarioLevel
09:17:57.632 [FXGL Background Thread 3 ] DEBUG Engine               - version: 0.0
09:17:57.632 [FXGL Background Thread 3 ] DEBUG Engine               - versionCheckDays: 7
09:17:57.632 [FXGL Background Thread 3 ] DEBUG Engine               - width: 1280
09:17:57.632 [FXGL Background Thread 3 ] DEBUG Engine               - Logging services
09:17:57.632 [FXGL Background Thread 3 ] DEBUG Engine               - class com.almasb.fxgl.app.services.FXGLAssetLoaderService
09:17:57.632 [FXGL Background Thread 3 ] DEBUG Engine               - class com.almasb.fxgl.app.FXGLApplication$GameApplicationService
09:17:57.632 [FXGL Background Thread 3 ] DEBUG Engine               - class com.almasb.fxgl.app.services.FXGLDialogService
09:17:57.632 [FXGL Background Thread 3 ] DEBUG Engine               - class com.almasb.fxgl.app.services.IOTaskExecutorService
09:17:57.632 [FXGL Background Thread 3 ] DEBUG Engine               - class com.almasb.fxgl.io.FileSystemService
09:17:57.632 [FXGL Background Thread 3 ] DEBUG Engine               - class com.almasb.fxgl.localization.LocalizationService
09:17:57.632 [FXGL Background Thread 3 ] DEBUG Engine               - class com.almasb.fxgl.app.services.SystemBundleService
09:17:57.632 [FXGL Background Thread 3 ] DEBUG Engine               - class com.almasb.fxgl.profile.SaveLoadService
09:17:57.632 [FXGL Background Thread 3 ] DEBUG Engine               - class com.almasb.fxgl.ui.FXGLUIFactoryServiceProvider
09:17:57.632 [FXGL Background Thread 3 ] DEBUG Engine               - class com.almasb.fxgl.ui.FXGLDialogFactoryServiceProvider
09:17:57.632 [FXGL Background Thread 3 ] DEBUG Engine               - class com.almasb.fxgl.audio.AudioPlayer
09:17:57.632 [FXGL Background Thread 3 ] DEBUG Engine               - class com.almasb.fxgl.notification.impl.NotificationServiceProvider
09:17:57.632 [FXGL Background Thread 3 ] DEBUG Engine               - class com.almasb.fxgl.achievement.AchievementService
09:17:57.632 [FXGL Background Thread 3 ] DEBUG Engine               - class com.almasb.fxgl.cutscene.CutsceneService
09:17:57.632 [FXGL Background Thread 3 ] DEBUG Engine               - class com.almasb.fxgl.minigames.MiniGameService
09:17:57.632 [FXGL Background Thread 3 ] DEBUG Engine               - class com.almasb.fxgl.net.NetService
09:17:57.633 [FXGL Background Thread 3 ] DEBUG Engine               - class com.almasb.fxgl.app.services.UpdaterService
09:17:57.633 [FXGL Background Thread 3 ] DEBUG Engine               - class com.almasb.fxgl.dev.DevService
09:18:04.484 [JavaFX Application Thread] DEBUG FXGLApplication      - Exiting FXGL
09:18:04.484 [JavaFX Application Thread] DEBUG LoopRunner           - Stopping loop
09:18:04.484 [JavaFX Application Thread] DEBUG SystemBundleService  - Saving FXGL system data
09:18:04.489 [JavaFX Application Thread] DEBUG FileSystemAccess     - Writing to: C:\Users\makim\OneDrive - HTL Saalfelden\3AHINF 2025_2026\POS\Spiel\system\fxgl.bundle
09:18:04.494 [JavaFX Application Thread] DEBUG Async                - Shutting down background threads
09:18:04.494 [JavaFX Application Thread] DEBUG PrimaryStageWindow   - Closing main window
09:18:04.515 [JavaFX Application Thread] DEBUG Logger               - Closing Logger
