12:04:16.351 [main                     ] DEBUG Logger               - Configured Logger
12:04:16.368 [main                     ] DEBUG GameApplication      - Logging settings
Title: HTL Mario - Fullscreen & Zoom
Version: 0.0
Width: 1280
Height: 720
Fullscreen: true
Intro: false
Profiling: false
Single step:false
App Mode: DEVELOPER
Menu Key: ESCAPE
Stage Style: DECORATED
Scene Factory: class com.almasb.fxgl.app.scene.SceneFactory

12:04:17.213 [JavaFX Application Thread] DEBUG FXGLApplication      - Initializing FXGL
12:04:17.219 [JavaFX Application Thread] INFO  Engine               - FXGL-17.3 (30.03.2023 11.49) on WINDOWS (J:24.0.2 FX:21.0.2)
12:04:17.219 [JavaFX Application Thread] DEBUG Engine               - JRE Vendor Name: Amazon.com Inc.
12:04:17.220 [JavaFX Application Thread] DEBUG Engine               - Running on OS: Windows 11 version 10.0
12:04:17.220 [JavaFX Application Thread] DEBUG Engine               - Architecture: amd64
12:04:17.220 [JavaFX Application Thread] INFO  Engine               - Source code and latest versions at: https://github.com/AlmasB/FXGL
12:04:17.220 [JavaFX Application Thread] INFO  Engine               -       Ask questions and discuss at: https://github.com/AlmasB/FXGL/discussions
12:04:17.220 [JavaFX Application Thread] INFO  Engine               -              Join the FXGL chat at: https://gitter.im/AlmasB/FXGL
12:04:17.462 [JavaFX Application Thread] DEBUG PrimaryStageWindow   - Creating a JavaFX scene
12:04:17.572 [JavaFX Application Thread] DEBUG PrimaryStageWindow   - Target settings size: 1280.0 x 720.0
12:04:17.572 [JavaFX Application Thread] DEBUG PrimaryStageWindow   - Scaled scene size:    1280.0 x 720.0
12:04:17.572 [JavaFX Application Thread] DEBUG PrimaryStageWindow   - Scaled ratio: (1.0, 1.0)
12:04:17.574 [JavaFX Application Thread] DEBUG PrimaryStageWindow   - Set initial scene to FXGLStartupScene
12:04:17.584 [JavaFX Application Thread] DEBUG PrimaryStageWindow   - Opening main window
12:04:17.754 [JavaFX Application Thread] DEBUG PrimaryStageWindow   - Window border size: (14.4000244140625, 37.5999755859375)
12:04:17.754 [JavaFX Application Thread] DEBUG PrimaryStageWindow   - Scaled size: 1280.0 x 720.0
12:04:17.755 [JavaFX Application Thread] DEBUG PrimaryStageWindow   - Scaled ratio: (1.0, 1.0)
12:04:17.755 [JavaFX Application Thread] DEBUG PrimaryStageWindow   - Scene size: 1280.0 x 720.0
12:04:17.756 [JavaFX Application Thread] DEBUG PrimaryStageWindow   - Stage size: 1294.4000244140625 x 757.5999755859375
12:04:17.867 [JavaFX Application Thread] DEBUG PrimaryStageWindow   - Going fullscreen
12:04:17.888 [FXGL Background Thread 1 ] DEBUG Engine               - Initializing environment variables
12:04:18.023 [FXGL Background Thread 1 ] DEBUG FXGLAssetLoaderServi - User app class for loading assets: class at.htl.spiel.MarioLevel
12:04:18.024 [FXGL Background Thread 1 ] DEBUG GameApplicationServi - Applying CSS: fxgl_dark.css
12:04:18.026 [FXGL Background Thread 1 ] DEBUG FXGLAssetLoaderServi - Loading from file system: jar:file:/C:/Users/makim/.m2/repository/com/github/almasb/fxgl/17.3/fxgl-17.3.jar!/fxglassets/ui/css/fxgl_dark.css
12:04:18.128 [FXGL Background Thread 1 ] DEBUG GameApplicationServi - Initializing application scenes
12:04:18.210 [FXGL Background Thread 1 ] DEBUG GameWorld            - Game world initialized
12:04:18.316 [FXGL Background Thread 1 ] DEBUG PhysicsWorld         - Physics world initialized: appHeight=720, physics.ppm=50,0
12:04:18.317 [FXGL Background Thread 1 ] DEBUG PhysicsWorld         - Using strategy: BRUTE_FORCE
12:04:18.323 [FXGL Background Thread 1 ] DEBUG GameScene            - Game scene initialized: 1280x720
12:04:18.345 [FXGL Background Thread 1 ] DEBUG FXGL.DefaultMenu     - createMenuBodyGameMenu()
12:04:18.381 [FXGL Background Thread 1 ] DEBUG FXGL.DefaultMenu     - createOptionsMenu()
12:04:18.403 [FXGL Background Thread 1 ] DEBUG FXGLAssetLoaderServi - Loading from file system: jar:file:/C:/Users/makim/.m2/repository/com/github/almasb/fxgl/17.3/fxgl-17.3.jar!/fxglassets/textures/particles/smoke.png
12:04:18.558 [FXGL Background Thread 1 ] DEBUG FXGLAssetLoaderServi - Loading from file system: jar:file:/C:/Users/makim/.m2/repository/com/github/almasb/fxgl/17.3/fxgl-17.3.jar!/fxglassets/textures/particles/trace_horizontal.png
12:04:18.605 [FXGL Background Thread 1 ] DEBUG GameApplicationServi - Application scenes initialized
12:04:18.627 [FXGL Background Thread 1 ] DEBUG SystemBundleService  - Loading FXGL system data
12:04:18.633 [FXGL Background Thread 1 ] DEBUG FileSystemAccess     - Reading from: C:\Users\makim\OneDrive - HTL Saalfelden\3AHINF 2025_2026\POS\Spiel\system\fxgl.bundle
12:04:18.645 [FXGL Background Thread 1 ] DEBUG SystemBundleService  - Bundle FXGL: {}
12:04:18.645 [FXGL Background Thread 1 ] DEBUG UpdaterService       - Checking for updates
12:04:18.654 [FXGL Background Thread 4 ] DEBUG FXGLApplication      - Loading fonts
12:04:18.655 [FXGL Background Thread 4 ] DEBUG FXGLAssetLoaderServi - Loading from file system: jar:file:/C:/Users/makim/.m2/repository/com/github/almasb/fxgl/17.3/fxgl-17.3.jar!/fxglassets/ui/fonts/VarelaRound-Regular.ttf
12:04:18.656 [FXGL Background Thread 1 ] DEBUG FXGLApplication      - Loading default localization
12:04:18.657 [FXGL Background Thread 1 ] DEBUG FXGLAssetLoaderServi - Loading from file system: jar:file:/C:/Users/makim/.m2/repository/com/github/almasb/fxgl/17.3/fxgl-17.3.jar!/fxglassets/languages/english.lang
12:04:18.696 [FXGL Background Thread 1 ] INFO  FXGLApplication      - FXGL initialization took: 0,809 sec
12:04:18.719 [JavaFX Application Thread] DEBUG Input                - Registered new binding: action0 - D
12:04:18.720 [JavaFX Application Thread] DEBUG Input                - Registered new binding: action1 - A
12:04:18.722 [JavaFX Application Thread] DEBUG Input                - Registered new binding: action2 - W
12:04:18.723 [JavaFX Application Thread] DEBUG Input                - Registered new binding: action3 - Esc
12:04:18.724 [JavaFX Application Thread] DEBUG FXGLAssetLoaderServi - Loading from file system: jar:file:/C:/Users/makim/.m2/repository/com/github/almasb/fxgl/17.3/fxgl-17.3.jar!/fxglassets/textures/fxgl_icon.png
12:04:18.737 [FXGL Background Thread 4 ] DEBUG FXGLAssetLoaderServi - Loading from file system: jar:file:/C:/Users/makim/.m2/repository/com/github/almasb/fxgl/17.3/fxgl-17.3.jar!/fxglassets/ui/fonts/Abel-Regular.ttf
12:04:18.757 [FXGL Background Thread 4 ] DEBUG FXGLAssetLoaderServi - Loading from file system: jar:file:/C:/Users/makim/.m2/repository/com/github/almasb/fxgl/17.3/fxgl-17.3.jar!/fxglassets/ui/fonts/TerminalLandMono-Regular.otf
12:04:18.776 [JavaFX Application Thread] DEBUG FXGLAssetLoaderServi - Loading from file system: jar:file:/C:/Users/makim/.m2/repository/com/github/almasb/fxgl/17.3/fxgl-17.3.jar!/fxglassets/textures/fxgl_default_cursor.png
12:04:18.779 [FXGL Background Thread 4 ] DEBUG FXGLAssetLoaderServi - Loading from file system: jar:file:/C:/Users/makim/.m2/repository/com/github/almasb/fxgl/17.3/fxgl-17.3.jar!/fxglassets/ui/fonts/Courier-Prime.ttf
12:04:18.781 [JavaFX Application Thread] DEBUG Input                - Registered new binding: Screenshot - CTRL+8
12:04:18.782 [JavaFX Application Thread] DEBUG Input                - Registered new binding: System info dump - CTRL+9
12:04:18.783 [JavaFX Application Thread] DEBUG Input                - Registered new binding: Restart - CTRL+R
12:04:18.785 [JavaFX Application Thread] DEBUG Input                - Registered new binding: Toggle Debug Camera - CTRL+7
12:04:18.792 [JavaFX Application Thread] DEBUG LoopRunner           - Starting loop
12:04:18.792 [JavaFX Application Thread] DEBUG LoopRunner           - Initializing JavaFX AnimationTimerLoop
12:04:18.796 [JavaFX Application Thread] DEBUG GameApplicationServi - Starting new game
12:04:18.797 [JavaFX Application Thread] DEBUG Input                - Clearing active input actions
12:04:18.824 [JavaFX Application Thread] DEBUG GameApplicationServi - Removing overlay from FXGLStartupScene and adding to FXGLLoadingScene
12:04:18.825 [JavaFX Application Thread] DEBUG PrimaryStageWindow   - FXGLStartupScene -> FXGLLoadingScene
12:04:18.825 [JavaFX Application Thread] DEBUG GameApplicationServi - Clearing previous game
12:04:18.825 [JavaFX Application Thread] DEBUG GameScene            - Clearing game scene
12:04:18.825 [JavaFX Application Thread] DEBUG GameWorld            - Clearing game world
12:04:18.826 [JavaFX Application Thread] DEBUG PhysicsWorld         - Clearing physics world
12:04:18.828 [JavaFX Application Thread] DEBUG FXGLApplication      - Registering font factories with UI factory
12:04:18.828 [FXGL Background Thread 4 ] DEBUG FXGLApplication      - Initializing game
12:04:18.976 [FXGL Background Thread 4 ] WARN  TMXLevelLoader       - TiledMap generated from 1.11.2. Supported version: 1.9.0. Some features may not be parsed fully.
12:04:19.012 [FXGL Background Thread 4 ] DEBUG TMXLevelLoader       - Parsed TiledMap: file:/C:/Users/makim/OneDrive%20-%20HTL%20Saalfelden/3AHINF%202025_2026/POS/Spiel/target/classes/assets/levels/level1.tmx
12:04:19.013 [FXGL Background Thread 4 ] DEBUG TMXLevelLoader       - Creating tile layer entities
12:04:19.018 [FXGL Background Thread 4 ] DEBUG TilesetLoader        - Loading view for layer ground
12:04:19.019 [FXGL Background Thread 4 ] DEBUG TilesetLoader        - Created buffer with size 1600.0x240.0
12:04:19.021 [FXGL Background Thread 4 ] DEBUG TilesetLoader        - Loading view for layer Deko
12:04:19.022 [FXGL Background Thread 4 ] DEBUG TilesetLoader        - Created buffer with size 1600.0x240.0
12:04:19.075 [FXGL Background Thread 4 ] DEBUG TilesetLoader        - Loading view for layer Vordergrund
12:04:19.076 [FXGL Background Thread 4 ] DEBUG TilesetLoader        - Created buffer with size 1600.0x240.0
12:04:19.082 [FXGL Background Thread 4 ] DEBUG TMXLevelLoader       - Creating object layer entities
12:04:19.138 [FXGL Background Thread 4 ] DEBUG GameWorld            - Clearing removable entities
12:04:19.139 [FXGL Background Thread 4 ] DEBUG GameWorld            - Setting level: com.almasb.fxgl.entity.level.Level@7b1fe663
12:04:19.149 [FXGL Background Thread 4 ] DEBUG FXGLAssetLoaderServi - Loading from file system: file:/C:/Users/makim/OneDrive%20-%20HTL%20Saalfelden/3AHINF%202025_2026/POS/Spiel/target/classes/assets/levels/mario_and_items.png
12:04:19.162 [FXGL Background Thread 4 ] INFO  FXGLApplication      - Game initialization took: 0,334 sec
12:04:19.169 [JavaFX Application Thread] DEBUG Input                - Clearing active input actions
12:04:19.188 [JavaFX Application Thread] DEBUG GameApplicationServi - Removing overlay from FXGLLoadingScene and adding to GameScene
12:04:19.188 [JavaFX Application Thread] DEBUG PrimaryStageWindow   - FXGLLoadingScene -> GameScene
12:04:19.536 [FXGL Background Thread 2 ] INFO  UpdaterService       - Your current version:  17.3
12:04:19.537 [FXGL Background Thread 2 ] INFO  UpdaterService       - Latest stable version: 25
12:04:20.338 [JavaFX Application Thread] DEBUG FXGLApplication      - Exiting FXGL
12:04:20.338 [JavaFX Application Thread] DEBUG LoopRunner           - Stopping loop
12:04:20.339 [JavaFX Application Thread] DEBUG SystemBundleService  - Saving FXGL system data
12:04:20.345 [JavaFX Application Thread] DEBUG FileSystemAccess     - Writing to: C:\Users\makim\OneDrive - HTL Saalfelden\3AHINF 2025_2026\POS\Spiel\system\fxgl.bundle
12:04:20.353 [JavaFX Application Thread] DEBUG Async                - Shutting down background threads
12:04:20.354 [JavaFX Application Thread] DEBUG PrimaryStageWindow   - Closing main window
12:04:20.397 [JavaFX Application Thread] DEBUG Logger               - Closing Logger
