12:08:12.575 [main                     ] DEBUG Logger               - Configured Logger
12:08:12.595 [main                     ] DEBUG GameApplication      - Logging settings
Title: HTL Mario - F11 for Fullscreen
Version: 0.0
Width: 1280
Height: 720
Fullscreen: true
Intro: false
Profiling: false
Single step:false
App Mode: DEVELOPER
Menu Key: ESCAPE
Stage Style: DECORATED
Scene Factory: class com.almasb.fxgl.app.scene.SceneFactory

12:08:13.413 [JavaFX Application Thread] DEBUG FXGLApplication      - Initializing FXGL
12:08:13.419 [JavaFX Application Thread] INFO  Engine               - FXGL-17.3 (30.03.2023 11.49) on WINDOWS (J:24.0.2 FX:21.0.2)
12:08:13.420 [JavaFX Application Thread] DEBUG Engine               - JRE Vendor Name: Amazon.com Inc.
12:08:13.420 [JavaFX Application Thread] DEBUG Engine               - Running on OS: Windows 11 version 10.0
12:08:13.420 [JavaFX Application Thread] DEBUG Engine               - Architecture: amd64
12:08:13.420 [JavaFX Application Thread] INFO  Engine               - Source code and latest versions at: https://github.com/AlmasB/FXGL
12:08:13.420 [JavaFX Application Thread] INFO  Engine               -       Ask questions and discuss at: https://github.com/AlmasB/FXGL/discussions
12:08:13.421 [JavaFX Application Thread] INFO  Engine               -              Join the FXGL chat at: https://gitter.im/AlmasB/FXGL
12:08:13.710 [JavaFX Application Thread] DEBUG PrimaryStageWindow   - Creating a JavaFX scene
12:08:13.832 [JavaFX Application Thread] DEBUG PrimaryStageWindow   - Target settings size: 1280.0 x 720.0
12:08:13.832 [JavaFX Application Thread] DEBUG PrimaryStageWindow   - Scaled scene size:    1280.0 x 720.0
12:08:13.833 [JavaFX Application Thread] DEBUG PrimaryStageWindow   - Scaled ratio: (1.0, 1.0)
12:08:13.835 [JavaFX Application Thread] DEBUG PrimaryStageWindow   - Set initial scene to FXGLStartupScene
12:08:13.848 [JavaFX Application Thread] DEBUG PrimaryStageWindow   - Opening main window
12:08:14.041 [JavaFX Application Thread] DEBUG PrimaryStageWindow   - Window border size: (14.4000244140625, 37.5999755859375)
12:08:14.041 [JavaFX Application Thread] DEBUG PrimaryStageWindow   - Scaled size: 1280.0 x 720.0
12:08:14.041 [JavaFX Application Thread] DEBUG PrimaryStageWindow   - Scaled ratio: (1.0, 1.0)
12:08:14.041 [JavaFX Application Thread] DEBUG PrimaryStageWindow   - Scene size: 1280.0 x 720.0
12:08:14.041 [JavaFX Application Thread] DEBUG PrimaryStageWindow   - Stage size: 1294.4000244140625 x 757.5999755859375
12:08:14.155 [JavaFX Application Thread] DEBUG PrimaryStageWindow   - Going fullscreen
12:08:14.180 [FXGL Background Thread 1 ] DEBUG Engine               - Initializing environment variables
12:08:14.312 [FXGL Background Thread 1 ] DEBUG FXGLAssetLoaderServi - User app class for loading assets: class at.htl.spiel.MarioLevel
12:08:14.312 [FXGL Background Thread 1 ] DEBUG GameApplicationServi - Applying CSS: fxgl_dark.css
12:08:14.314 [FXGL Background Thread 1 ] DEBUG FXGLAssetLoaderServi - Loading from file system: jar:file:/C:/Users/makim/.m2/repository/com/github/almasb/fxgl/17.3/fxgl-17.3.jar!/fxglassets/ui/css/fxgl_dark.css
12:08:14.412 [FXGL Background Thread 1 ] DEBUG GameApplicationServi - Initializing application scenes
12:08:14.486 [FXGL Background Thread 1 ] DEBUG GameWorld            - Game world initialized
12:08:14.599 [FXGL Background Thread 1 ] DEBUG PhysicsWorld         - Physics world initialized: appHeight=720, physics.ppm=50,0
12:08:14.600 [FXGL Background Thread 1 ] DEBUG PhysicsWorld         - Using strategy: BRUTE_FORCE
12:08:14.607 [FXGL Background Thread 1 ] DEBUG GameScene            - Game scene initialized: 1280x720
12:08:14.637 [FXGL Background Thread 1 ] DEBUG FXGL.DefaultMenu     - createMenuBodyGameMenu()
12:08:14.661 [FXGL Background Thread 1 ] DEBUG FXGL.DefaultMenu     - createOptionsMenu()
12:08:14.679 [FXGL Background Thread 1 ] DEBUG FXGLAssetLoaderServi - Loading from file system: jar:file:/C:/Users/makim/.m2/repository/com/github/almasb/fxgl/17.3/fxgl-17.3.jar!/fxglassets/textures/particles/smoke.png
12:08:14.833 [FXGL Background Thread 1 ] DEBUG FXGLAssetLoaderServi - Loading from file system: jar:file:/C:/Users/makim/.m2/repository/com/github/almasb/fxgl/17.3/fxgl-17.3.jar!/fxglassets/textures/particles/trace_horizontal.png
12:08:14.879 [FXGL Background Thread 1 ] DEBUG GameApplicationServi - Application scenes initialized
12:08:14.900 [FXGL Background Thread 1 ] DEBUG SystemBundleService  - Loading FXGL system data
12:08:14.907 [FXGL Background Thread 1 ] DEBUG FileSystemAccess     - Reading from: C:\Users\makim\OneDrive - HTL Saalfelden\3AHINF 2025_2026\POS\Spiel\system\fxgl.bundle
12:08:14.921 [FXGL Background Thread 1 ] DEBUG SystemBundleService  - Bundle FXGL: {}
12:08:14.921 [FXGL Background Thread 1 ] DEBUG UpdaterService       - Checking for updates
12:08:14.929 [FXGL Background Thread 4 ] DEBUG FXGLApplication      - Loading fonts
12:08:14.930 [FXGL Background Thread 4 ] DEBUG FXGLAssetLoaderServi - Loading from file system: jar:file:/C:/Users/makim/.m2/repository/com/github/almasb/fxgl/17.3/fxgl-17.3.jar!/fxglassets/ui/fonts/VarelaRound-Regular.ttf
12:08:14.931 [FXGL Background Thread 1 ] DEBUG FXGLApplication      - Loading default localization
12:08:14.932 [FXGL Background Thread 1 ] DEBUG FXGLAssetLoaderServi - Loading from file system: jar:file:/C:/Users/makim/.m2/repository/com/github/almasb/fxgl/17.3/fxgl-17.3.jar!/fxglassets/languages/english.lang
12:08:14.978 [FXGL Background Thread 1 ] INFO  FXGLApplication      - FXGL initialization took: 0,798 sec
12:08:15.002 [JavaFX Application Thread] DEBUG Input                - Registered new binding: action0 - D
12:08:15.003 [JavaFX Application Thread] DEBUG Input                - Registered new binding: action1 - A
12:08:15.004 [JavaFX Application Thread] DEBUG Input                - Registered new binding: action2 - W
12:08:15.005 [JavaFX Application Thread] DEBUG Input                - Registered new binding: action3 - F11
12:08:15.006 [JavaFX Application Thread] DEBUG FXGLAssetLoaderServi - Loading from file system: jar:file:/C:/Users/makim/.m2/repository/com/github/almasb/fxgl/17.3/fxgl-17.3.jar!/fxglassets/textures/fxgl_icon.png
12:08:15.018 [FXGL Background Thread 4 ] DEBUG FXGLAssetLoaderServi - Loading from file system: jar:file:/C:/Users/makim/.m2/repository/com/github/almasb/fxgl/17.3/fxgl-17.3.jar!/fxglassets/ui/fonts/Abel-Regular.ttf
12:08:15.039 [JavaFX Application Thread] DEBUG FXGLAssetLoaderServi - Loading from file system: jar:file:/C:/Users/makim/.m2/repository/com/github/almasb/fxgl/17.3/fxgl-17.3.jar!/fxglassets/textures/fxgl_default_cursor.png
12:08:15.039 [FXGL Background Thread 4 ] DEBUG FXGLAssetLoaderServi - Loading from file system: jar:file:/C:/Users/makim/.m2/repository/com/github/almasb/fxgl/17.3/fxgl-17.3.jar!/fxglassets/ui/fonts/TerminalLandMono-Regular.otf
12:08:15.043 [JavaFX Application Thread] DEBUG Input                - Registered new binding: Screenshot - CTRL+8
12:08:15.044 [JavaFX Application Thread] DEBUG Input                - Registered new binding: System info dump - CTRL+9
12:08:15.045 [JavaFX Application Thread] DEBUG Input                - Registered new binding: Restart - CTRL+R
12:08:15.049 [JavaFX Application Thread] DEBUG Input                - Registered new binding: Toggle Debug Camera - CTRL+7
12:08:15.056 [JavaFX Application Thread] DEBUG LoopRunner           - Starting loop
12:08:15.056 [JavaFX Application Thread] DEBUG LoopRunner           - Initializing JavaFX AnimationTimerLoop
12:08:15.059 [JavaFX Application Thread] DEBUG GameApplicationServi - Starting new game
12:08:15.061 [JavaFX Application Thread] DEBUG Input                - Clearing active input actions
12:08:15.065 [FXGL Background Thread 4 ] DEBUG FXGLAssetLoaderServi - Loading from file system: jar:file:/C:/Users/makim/.m2/repository/com/github/almasb/fxgl/17.3/fxgl-17.3.jar!/fxglassets/ui/fonts/Courier-Prime.ttf
12:08:15.089 [JavaFX Application Thread] DEBUG GameApplicationServi - Removing overlay from FXGLStartupScene and adding to FXGLLoadingScene
12:08:15.090 [JavaFX Application Thread] DEBUG PrimaryStageWindow   - FXGLStartupScene -> FXGLLoadingScene
12:08:15.090 [JavaFX Application Thread] DEBUG GameApplicationServi - Clearing previous game
12:08:15.090 [JavaFX Application Thread] DEBUG GameScene            - Clearing game scene
12:08:15.090 [JavaFX Application Thread] DEBUG GameWorld            - Clearing game world
12:08:15.090 [JavaFX Application Thread] DEBUG PhysicsWorld         - Clearing physics world
12:08:15.093 [FXGL Background Thread 1 ] DEBUG FXGLApplication      - Initializing game
12:08:15.196 [JavaFX Application Thread] DEBUG FXGLApplication      - Registering font factories with UI factory
12:08:15.270 [FXGL Background Thread 1 ] WARN  TMXLevelLoader       - TiledMap generated from 1.11.2. Supported version: 1.9.0. Some features may not be parsed fully.
12:08:15.291 [FXGL Background Thread 1 ] DEBUG TMXLevelLoader       - Parsed TiledMap: file:/C:/Users/makim/OneDrive%20-%20HTL%20Saalfelden/3AHINF%202025_2026/POS/Spiel/target/classes/assets/levels/level1.tmx
12:08:15.294 [FXGL Background Thread 1 ] DEBUG TMXLevelLoader       - Creating tile layer entities
12:08:15.298 [FXGL Background Thread 1 ] DEBUG TilesetLoader        - Loading view for layer ground
12:08:15.300 [FXGL Background Thread 1 ] DEBUG TilesetLoader        - Created buffer with size 1600.0x240.0
12:08:15.301 [FXGL Background Thread 1 ] DEBUG TilesetLoader        - Loading view for layer Deko
12:08:15.302 [FXGL Background Thread 1 ] DEBUG TilesetLoader        - Created buffer with size 1600.0x240.0
12:08:15.361 [FXGL Background Thread 1 ] DEBUG TilesetLoader        - Loading view for layer Vordergrund
12:08:15.362 [FXGL Background Thread 1 ] DEBUG TilesetLoader        - Created buffer with size 1600.0x240.0
12:08:15.369 [FXGL Background Thread 1 ] DEBUG TMXLevelLoader       - Creating object layer entities
12:08:15.417 [FXGL Background Thread 1 ] DEBUG GameWorld            - Clearing removable entities
12:08:15.418 [FXGL Background Thread 1 ] DEBUG GameWorld            - Setting level: com.almasb.fxgl.entity.level.Level@1e7c070b
12:08:15.431 [FXGL Background Thread 1 ] DEBUG FXGLAssetLoaderServi - Loading from file system: file:/C:/Users/makim/OneDrive%20-%20HTL%20Saalfelden/3AHINF%202025_2026/POS/Spiel/target/classes/assets/levels/mario_and_items.png
12:08:15.445 [FXGL Background Thread 1 ] INFO  FXGLApplication      - Game initialization took: 0,352 sec
12:08:15.452 [JavaFX Application Thread] DEBUG Input                - Clearing active input actions
12:08:15.471 [JavaFX Application Thread] DEBUG GameApplicationServi - Removing overlay from FXGLLoadingScene and adding to GameScene
12:08:15.472 [JavaFX Application Thread] DEBUG PrimaryStageWindow   - FXGLLoadingScene -> GameScene
12:08:16.174 [FXGL Background Thread 2 ] INFO  UpdaterService       - Your current version:  17.3
12:08:16.176 [FXGL Background Thread 2 ] INFO  UpdaterService       - Latest stable version: 25
12:08:17.927 [FXGL Background Thread 3 ] DEBUG Engine               - Logging environment variables
12:08:17.928 [FXGL Background Thread 3 ] DEBUG Engine               - achievements: []
12:08:17.928 [FXGL Background Thread 3 ] DEBUG Engine               - actualHeight: 864.0
12:08:17.929 [FXGL Background Thread 3 ] DEBUG Engine               - actualHeightProperty: ReadOnlyDoubleProperty [value: 864.0]
12:08:17.929 [FXGL Background Thread 3 ] DEBUG Engine               - actualWidth: 1536.0
12:08:17.929 [FXGL Background Thread 3 ] DEBUG Engine               - actualWidthProperty: ReadOnlyDoubleProperty [value: 1536.0]
12:08:17.929 [FXGL Background Thread 3 ] DEBUG Engine               - appIcon: fxgl_icon.png
12:08:17.929 [FXGL Background Thread 3 ] DEBUG Engine               - applicationMode: DEVELOPER
12:08:17.929 [FXGL Background Thread 3 ] DEBUG Engine               - cSSList: [fxgl_dark.css]
12:08:17.929 [FXGL Background Thread 3 ] DEBUG Engine               - collisionDetectionStrategy: BRUTE_FORCE
12:08:17.929 [FXGL Background Thread 3 ] DEBUG Engine               - configClass: Optional.empty
12:08:17.929 [FXGL Background Thread 3 ] DEBUG Engine               - credits: []
12:08:17.931 [FXGL Background Thread 3 ] DEBUG Engine               - defaultCursor: CursorInfo(imageName=fxgl_default_cursor.png, hotspotX=7.0, hotspotY=6.0)
12:08:17.931 [FXGL Background Thread 3 ] DEBUG Engine               - devBBoxColorProperty: ObjectProperty [value: 0xff0000ff]
12:08:17.931 [FXGL Background Thread 3 ] DEBUG Engine               - devEnableDebugCameraProperty: BooleanProperty [value: false]
12:08:17.932 [FXGL Background Thread 3 ] DEBUG Engine               - devSensorColorProperty: ObjectProperty [value: 0xffff00ff]
12:08:17.932 [FXGL Background Thread 3 ] DEBUG Engine               - devShowBBoxProperty: BooleanProperty [value: false]
12:08:17.932 [FXGL Background Thread 3 ] DEBUG Engine               - devShowPositionProperty: BooleanProperty [value: false]
12:08:17.932 [FXGL Background Thread 3 ] DEBUG Engine               - enabledMenuItems: []
12:08:17.933 [FXGL Background Thread 3 ] DEBUG Engine               - engineServices: [class com.almasb.fxgl.app.services.FXGLAssetLoaderService, class com.almasb.fxgl.app.FXGLApplication$GameApplicationService, class com.almasb.fxgl.app.services.FXGLDialogService, class com.almasb.fxgl.app.services.IOTaskExecutorService, class com.almasb.fxgl.io.FileSystemService, class com.almasb.fxgl.localization.LocalizationService, class com.almasb.fxgl.app.services.SystemBundleService, class com.almasb.fxgl.profile.SaveLoadService, class com.almasb.fxgl.ui.FXGLUIFactoryServiceProvider, class com.almasb.fxgl.ui.FXGLDialogFactoryServiceProvider, class com.almasb.fxgl.audio.AudioPlayer, class com.almasb.fxgl.notification.impl.NotificationServiceProvider, class com.almasb.fxgl.achievement.AchievementService, class com.almasb.fxgl.cutscene.CutsceneService, class com.almasb.fxgl.minigames.MiniGameService, class com.almasb.fxgl.net.NetService, class com.almasb.fxgl.app.services.UpdaterService, class com.almasb.fxgl.dev.DevService]
12:08:17.933 [FXGL Background Thread 3 ] DEBUG Engine               - fontGame: Abel-Regular.ttf
12:08:17.933 [FXGL Background Thread 3 ] DEBUG Engine               - fontMono: TerminalLandMono-Regular.otf
12:08:17.933 [FXGL Background Thread 3 ] DEBUG Engine               - fontSizeScaleUI: 1.0
12:08:17.934 [FXGL Background Thread 3 ] DEBUG Engine               - fontText: Courier-Prime.ttf
12:08:17.934 [FXGL Background Thread 3 ] DEBUG Engine               - fontUI: VarelaRound-Regular.ttf
12:08:17.934 [FXGL Background Thread 3 ] DEBUG Engine               - fullScreen: BooleanProperty [value: true]
12:08:17.934 [FXGL Background Thread 3 ] DEBUG Engine               - gameDifficulty: MEDIUM
12:08:17.934 [FXGL Background Thread 3 ] DEBUG Engine               - gameDifficultyProperty: ObjectProperty [value: MEDIUM]
12:08:17.934 [FXGL Background Thread 3 ] DEBUG Engine               - globalMusicVolume: 0.5
12:08:17.935 [FXGL Background Thread 3 ] DEBUG Engine               - globalMusicVolumeProperty: DoubleProperty [value: 0.5]
12:08:17.935 [FXGL Background Thread 3 ] DEBUG Engine               - globalSoundVolume: 0.5
12:08:17.935 [FXGL Background Thread 3 ] DEBUG Engine               - globalSoundVolumeProperty: DoubleProperty [value: 0.5]
12:08:17.935 [FXGL Background Thread 3 ] DEBUG Engine               - height: 720
12:08:17.935 [FXGL Background Thread 3 ] DEBUG Engine               - is3D: false
12:08:17.935 [FXGL Background Thread 3 ] DEBUG Engine               - isAndroid: false
12:08:17.935 [FXGL Background Thread 3 ] DEBUG Engine               - isBrowser: false
12:08:17.935 [FXGL Background Thread 3 ] DEBUG Engine               - isClickFeedbackEnabled: false
12:08:17.936 [FXGL Background Thread 3 ] DEBUG Engine               - isCloseConfirmation: false
12:08:17.936 [FXGL Background Thread 3 ] DEBUG Engine               - isDesktop: true
12:08:17.936 [FXGL Background Thread 3 ] DEBUG Engine               - isDeveloperMenuEnabled: false
12:08:17.936 [FXGL Background Thread 3 ] DEBUG Engine               - isEmbedded: false
12:08:17.936 [FXGL Background Thread 3 ] DEBUG Engine               - isEntityPreloadEnabled: true
12:08:17.936 [FXGL Background Thread 3 ] DEBUG Engine               - isExperimentalTiledLargeMap: false
12:08:17.936 [FXGL Background Thread 3 ] DEBUG Engine               - isFileSystemWriteAllowed: true
12:08:17.937 [FXGL Background Thread 3 ] DEBUG Engine               - isFullScreenAllowed: true
12:08:17.937 [FXGL Background Thread 3 ] DEBUG Engine               - isFullScreenFromStart: true
12:08:17.937 [FXGL Background Thread 3 ] DEBUG Engine               - isGameMenuEnabled: true
12:08:17.937 [FXGL Background Thread 3 ] DEBUG Engine               - isIOS: false
12:08:17.937 [FXGL Background Thread 3 ] DEBUG Engine               - isIntroEnabled: false
12:08:17.937 [FXGL Background Thread 3 ] DEBUG Engine               - isLinux: false
12:08:17.937 [FXGL Background Thread 3 ] DEBUG Engine               - isMac: false
12:08:17.937 [FXGL Background Thread 3 ] DEBUG Engine               - isMainMenuEnabled: false
12:08:17.937 [FXGL Background Thread 3 ] DEBUG Engine               - isManualResizeEnabled: false
12:08:17.938 [FXGL Background Thread 3 ] DEBUG Engine               - isMobile: false
12:08:17.938 [FXGL Background Thread 3 ] DEBUG Engine               - isNative: false
12:08:17.938 [FXGL Background Thread 3 ] DEBUG Engine               - isPauseMusicWhenMinimized: true
12:08:17.938 [FXGL Background Thread 3 ] DEBUG Engine               - isPreserveResizeRatio: false
12:08:17.938 [FXGL Background Thread 3 ] DEBUG Engine               - isProfilingEnabled: false
12:08:17.938 [FXGL Background Thread 3 ] DEBUG Engine               - isScaleAffectedOnResize: true
12:08:17.938 [FXGL Background Thread 3 ] DEBUG Engine               - isSingleStep: false
12:08:17.938 [FXGL Background Thread 3 ] DEBUG Engine               - isUserProfileEnabled: false
12:08:17.938 [FXGL Background Thread 3 ] DEBUG Engine               - isWindows: true
12:08:17.939 [FXGL Background Thread 3 ] DEBUG Engine               - language: ObjectProperty [value: ENGLISH]
12:08:17.939 [FXGL Background Thread 3 ] DEBUG Engine               - menuKey: ESCAPE
12:08:17.939 [FXGL Background Thread 3 ] DEBUG Engine               - mouseSensitivity: 0.2
12:08:17.939 [FXGL Background Thread 3 ] DEBUG Engine               - notificationViewClass: class com.almasb.fxgl.notification.view.XboxNotificationView
12:08:17.939 [FXGL Background Thread 3 ] DEBUG Engine               - pixelsPerMeter: 50.0
12:08:17.939 [FXGL Background Thread 3 ] DEBUG Engine               - platform: WINDOWS
12:08:17.939 [FXGL Background Thread 3 ] DEBUG Engine               - prefHeightProperty: ReadOnlyDoubleProperty [value: 720.0]
12:08:17.939 [FXGL Background Thread 3 ] DEBUG Engine               - prefWidthProperty: ReadOnlyDoubleProperty [value: 1280.0]
12:08:17.939 [FXGL Background Thread 3 ] DEBUG Engine               - profileDir: profiles/
12:08:17.940 [FXGL Background Thread 3 ] DEBUG Engine               - profileName: StringProperty [value: DEFAULT]
12:08:17.940 [FXGL Background Thread 3 ] DEBUG Engine               - randomSeed: -1
12:08:17.940 [FXGL Background Thread 3 ] DEBUG Engine               - runtimeInfo: RuntimeInfo(platform=WINDOWS, version=17.3, build=30.03.2023 11.49)
12:08:17.940 [FXGL Background Thread 3 ] DEBUG Engine               - saveFileExt: sav
12:08:17.941 [FXGL Background Thread 3 ] DEBUG Engine               - scaledHeightProp$fxgl: DoubleProperty [bound, value: 864.0]
12:08:17.941 [FXGL Background Thread 3 ] DEBUG Engine               - scaledWidthProp$fxgl: DoubleProperty [bound, value: 1536.0]
12:08:17.941 [FXGL Background Thread 3 ] DEBUG Engine               - sceneFactory: com.almasb.fxgl.app.scene.SceneFactory@508f50cb
12:08:17.941 [FXGL Background Thread 3 ] DEBUG Engine               - secondsIn24h: 60
12:08:17.941 [FXGL Background Thread 3 ] DEBUG Engine               - soundMenuBack: menu/back.wav
12:08:17.941 [FXGL Background Thread 3 ] DEBUG Engine               - soundMenuPress: menu/press.wav
12:08:17.942 [FXGL Background Thread 3 ] DEBUG Engine               - soundMenuSelect: menu/select.wav
12:08:17.942 [FXGL Background Thread 3 ] DEBUG Engine               - soundNotification: core/notification.wav
12:08:17.942 [FXGL Background Thread 3 ] DEBUG Engine               - stageStyle: DECORATED
12:08:17.942 [FXGL Background Thread 3 ] DEBUG Engine               - supportedLanguages: [ENGLISH, FRENCH, GERMAN, HUNGARIAN, RUSSIAN]
12:08:17.942 [FXGL Background Thread 3 ] DEBUG Engine               - ticksPerSecond: -1
12:08:17.942 [FXGL Background Thread 3 ] DEBUG Engine               - title: HTL Mario - F11 for Fullscreen
12:08:17.942 [FXGL Background Thread 3 ] DEBUG Engine               - urlGithub: https://github.com/AlmasB/FXGL
12:08:17.942 [FXGL Background Thread 3 ] DEBUG Engine               - urlLeaderboard: http://fxgl-top.herokuapp.com/
12:08:17.942 [FXGL Background Thread 3 ] DEBUG Engine               - urlPOM: https://raw.githubusercontent.com/AlmasB/FXGL/release/README.md
12:08:17.942 [FXGL Background Thread 3 ] DEBUG Engine               - userAppClass: class at.htl.spiel.MarioLevel
12:08:17.942 [FXGL Background Thread 3 ] DEBUG Engine               - version: 0.0
12:08:17.942 [FXGL Background Thread 3 ] DEBUG Engine               - versionCheckDays: 7
12:08:17.942 [FXGL Background Thread 3 ] DEBUG Engine               - width: 1280
12:08:17.942 [FXGL Background Thread 3 ] DEBUG Engine               - Logging services
12:08:17.942 [FXGL Background Thread 3 ] DEBUG Engine               - class com.almasb.fxgl.app.services.FXGLAssetLoaderService
12:08:17.944 [FXGL Background Thread 3 ] DEBUG Engine               - class com.almasb.fxgl.app.FXGLApplication$GameApplicationService
12:08:17.944 [FXGL Background Thread 3 ] DEBUG Engine               - class com.almasb.fxgl.app.services.FXGLDialogService
12:08:17.944 [FXGL Background Thread 3 ] DEBUG Engine               - class com.almasb.fxgl.app.services.IOTaskExecutorService
12:08:17.944 [FXGL Background Thread 3 ] DEBUG Engine               - class com.almasb.fxgl.io.FileSystemService
12:08:17.944 [FXGL Background Thread 3 ] DEBUG Engine               - class com.almasb.fxgl.localization.LocalizationService
12:08:17.944 [FXGL Background Thread 3 ] DEBUG Engine               - class com.almasb.fxgl.app.services.SystemBundleService
12:08:17.944 [FXGL Background Thread 3 ] DEBUG Engine               - class com.almasb.fxgl.profile.SaveLoadService
12:08:17.944 [FXGL Background Thread 3 ] DEBUG Engine               - class com.almasb.fxgl.ui.FXGLUIFactoryServiceProvider
12:08:17.944 [FXGL Background Thread 3 ] DEBUG Engine               - class com.almasb.fxgl.ui.FXGLDialogFactoryServiceProvider
12:08:17.944 [FXGL Background Thread 3 ] DEBUG Engine               - class com.almasb.fxgl.audio.AudioPlayer
12:08:17.944 [FXGL Background Thread 3 ] DEBUG Engine               - class com.almasb.fxgl.notification.impl.NotificationServiceProvider
12:08:17.944 [FXGL Background Thread 3 ] DEBUG Engine               - class com.almasb.fxgl.achievement.AchievementService
12:08:17.944 [FXGL Background Thread 3 ] DEBUG Engine               - class com.almasb.fxgl.cutscene.CutsceneService
12:08:17.945 [FXGL Background Thread 3 ] DEBUG Engine               - class com.almasb.fxgl.minigames.MiniGameService
12:08:17.945 [FXGL Background Thread 3 ] DEBUG Engine               - class com.almasb.fxgl.net.NetService
12:08:17.945 [FXGL Background Thread 3 ] DEBUG Engine               - class com.almasb.fxgl.app.services.UpdaterService
12:08:17.945 [FXGL Background Thread 3 ] DEBUG Engine               - class com.almasb.fxgl.dev.DevService
12:08:18.566 [JavaFX Application Thread] DEBUG PrimaryStageWindow   - Push state: FXGLDefaultMenu
12:08:18.578 [JavaFX Application Thread] DEBUG Input                - Clearing active input actions
12:08:18.592 [JavaFX Application Thread] DEBUG GameApplicationServi - Removing overlay from GameScene and adding to FXGLDefaultMenu
12:08:18.593 [JavaFX Application Thread] DEBUG PrimaryStageWindow   - GameScene -> FXGLDefaultMenu
12:08:19.426 [JavaFX Application Thread] DEBUG PrimaryStageWindow   - Pop state: FXGLDefaultMenu
12:08:19.426 [JavaFX Application Thread] DEBUG Input                - Clearing active input actions
12:08:19.427 [JavaFX Application Thread] DEBUG GameApplicationServi - Removing overlay from FXGLDefaultMenu and adding to GameScene
12:08:19.427 [JavaFX Application Thread] DEBUG PrimaryStageWindow   - GameScene <- FXGLDefaultMenu
12:08:19.751 [JavaFX Application Thread] DEBUG PrimaryStageWindow   - Push state: FXGLDefaultMenu
12:08:19.751 [JavaFX Application Thread] DEBUG Input                - Clearing active input actions
12:08:19.754 [JavaFX Application Thread] DEBUG GameApplicationServi - Removing overlay from GameScene and adding to FXGLDefaultMenu
12:08:19.755 [JavaFX Application Thread] DEBUG PrimaryStageWindow   - GameScene -> FXGLDefaultMenu
12:08:21.586 [JavaFX Application Thread] DEBUG PrimaryStageWindow   - Pop state: FXGLDefaultMenu
12:08:21.586 [JavaFX Application Thread] DEBUG Input                - Clearing active input actions
12:08:21.588 [JavaFX Application Thread] DEBUG GameApplicationServi - Removing overlay from FXGLDefaultMenu and adding to GameScene
12:08:21.589 [JavaFX Application Thread] DEBUG PrimaryStageWindow   - GameScene <- FXGLDefaultMenu
12:09:24.077 [JavaFX Application Thread] DEBUG PrimaryStageWindow   - Push state: FXGLDefaultMenu
12:09:24.077 [JavaFX Application Thread] DEBUG Input                - Clearing active input actions
12:09:24.081 [JavaFX Application Thread] DEBUG GameApplicationServi - Removing overlay from GameScene and adding to FXGLDefaultMenu
12:09:24.082 [JavaFX Application Thread] DEBUG PrimaryStageWindow   - GameScene -> FXGLDefaultMenu
12:09:29.828 [JavaFX Application Thread] DEBUG Menu                 - fireExit()
12:09:29.831 [JavaFX Application Thread] DEBUG PrimaryStageWindow   - Push state: DialogSubScene
12:09:29.831 [JavaFX Application Thread] DEBUG Input                - Clearing active input actions
12:09:29.832 [JavaFX Application Thread] DEBUG GameApplicationServi - Removing overlay from FXGLDefaultMenu and adding to DialogSubScene
12:09:29.832 [JavaFX Application Thread] DEBUG PrimaryStageWindow   - FXGLDefaultMenu -> DialogSubScene
12:09:32.023 [JavaFX Application Thread] DEBUG PrimaryStageWindow   - Pop state: DialogSubScene
12:09:32.024 [JavaFX Application Thread] DEBUG Input                - Clearing active input actions
12:09:32.025 [JavaFX Application Thread] DEBUG GameApplicationServi - Removing overlay from DialogSubScene and adding to FXGLDefaultMenu
12:09:32.026 [JavaFX Application Thread] DEBUG PrimaryStageWindow   - FXGLDefaultMenu <- DialogSubScene
12:09:32.026 [JavaFX Application Thread] DEBUG FXGLApplication      - Exiting FXGL
12:09:32.026 [JavaFX Application Thread] DEBUG LoopRunner           - Stopping loop
12:09:32.026 [JavaFX Application Thread] DEBUG SystemBundleService  - Saving FXGL system data
12:09:32.032 [JavaFX Application Thread] DEBUG FileSystemAccess     - Writing to: C:\Users\makim\OneDrive - HTL Saalfelden\3AHINF 2025_2026\POS\Spiel\system\fxgl.bundle
12:09:32.040 [JavaFX Application Thread] DEBUG Async                - Shutting down background threads
12:09:32.043 [JavaFX Application Thread] DEBUG PrimaryStageWindow   - Closing main window
12:09:32.109 [JavaFX Application Thread] DEBUG Logger               - Closing Logger
