10:48:56.999 [main                     ] DEBUG Logger               - Configured Logger
10:48:57.020 [main                     ] DEBUG GameApplication      - Logging settings
Title: HTL Mario Test
Version: 0.0
Width: 1280
Height: 720
Fullscreen: false
Intro: false
Profiling: false
Single step:false
App Mode: DEVELOPER
Menu Key: ESCAPE
Stage Style: DECORATED
Scene Factory: class com.almasb.fxgl.app.scene.SceneFactory

10:48:57.743 [JavaFX Application Thread] DEBUG FXGLApplication      - Initializing FXGL
10:48:57.750 [JavaFX Application Thread] INFO  Engine               - FXGL-17.3 (30.03.2023 11.49) on WINDOWS (J:24.0.2 FX:21.0.2)
10:48:57.751 [JavaFX Application Thread] DEBUG Engine               - JRE Vendor Name: Amazon.com Inc.
10:48:57.751 [JavaFX Application Thread] DEBUG Engine               - Running on OS: Windows 11 version 10.0
10:48:57.751 [JavaFX Application Thread] DEBUG Engine               - Architecture: amd64
10:48:57.751 [JavaFX Application Thread] INFO  Engine               - Source code and latest versions at: https://github.com/AlmasB/FXGL
10:48:57.751 [JavaFX Application Thread] INFO  Engine               -       Ask questions and discuss at: https://github.com/AlmasB/FXGL/discussions
10:48:57.751 [JavaFX Application Thread] INFO  Engine               -              Join the FXGL chat at: https://gitter.im/AlmasB/FXGL
10:48:58.024 [JavaFX Application Thread] DEBUG PrimaryStageWindow   - Creating a JavaFX scene
10:48:58.132 [JavaFX Application Thread] DEBUG PrimaryStageWindow   - Target settings size: 1280.0 x 720.0
10:48:58.132 [JavaFX Application Thread] DEBUG PrimaryStageWindow   - Scaled scene size:    1280.0 x 720.0
10:48:58.132 [JavaFX Application Thread] DEBUG PrimaryStageWindow   - Scaled ratio: (1.0, 1.0)
10:48:58.134 [JavaFX Application Thread] DEBUG PrimaryStageWindow   - Set initial scene to FXGLStartupScene
10:48:58.140 [JavaFX Application Thread] DEBUG PrimaryStageWindow   - Opening main window
10:48:58.315 [JavaFX Application Thread] DEBUG PrimaryStageWindow   - Window border size: (14.4000244140625, 37.5999755859375)
10:48:58.316 [JavaFX Application Thread] DEBUG PrimaryStageWindow   - Scaled size: 1280.0 x 720.0
10:48:58.316 [JavaFX Application Thread] DEBUG PrimaryStageWindow   - Scaled ratio: (1.0, 1.0)
10:48:58.317 [JavaFX Application Thread] DEBUG PrimaryStageWindow   - Scene size: 1280.0 x 720.0
10:48:58.318 [JavaFX Application Thread] DEBUG PrimaryStageWindow   - Stage size: 1294.4000244140625 x 757.5999755859375
10:48:58.339 [FXGL Background Thread 1 ] DEBUG Engine               - Initializing environment variables
10:48:58.476 [FXGL Background Thread 1 ] DEBUG FXGLAssetLoaderServi - User app class for loading assets: class at.htl.spiel.MarioLevel
10:48:58.477 [FXGL Background Thread 1 ] DEBUG GameApplicationServi - Applying CSS: fxgl_dark.css
10:48:58.479 [FXGL Background Thread 1 ] DEBUG FXGLAssetLoaderServi - Loading from file system: jar:file:/C:/Users/makim/.m2/repository/com/github/almasb/fxgl/17.3/fxgl-17.3.jar!/fxglassets/ui/css/fxgl_dark.css
10:48:58.578 [FXGL Background Thread 1 ] DEBUG GameApplicationServi - Initializing application scenes
10:48:58.661 [FXGL Background Thread 1 ] DEBUG GameWorld            - Game world initialized
10:48:58.769 [FXGL Background Thread 1 ] DEBUG PhysicsWorld         - Physics world initialized: appHeight=720, physics.ppm=50,0
10:48:58.770 [FXGL Background Thread 1 ] DEBUG PhysicsWorld         - Using strategy: BRUTE_FORCE
10:48:58.776 [FXGL Background Thread 1 ] DEBUG GameScene            - Game scene initialized: 1280x720
10:48:58.799 [FXGL Background Thread 1 ] DEBUG FXGL.DefaultMenu     - createMenuBodyGameMenu()
10:48:58.838 [FXGL Background Thread 1 ] DEBUG FXGL.DefaultMenu     - createOptionsMenu()
10:48:58.862 [FXGL Background Thread 1 ] DEBUG FXGLAssetLoaderServi - Loading from file system: jar:file:/C:/Users/makim/.m2/repository/com/github/almasb/fxgl/17.3/fxgl-17.3.jar!/fxglassets/textures/particles/smoke.png
10:48:59.027 [FXGL Background Thread 1 ] DEBUG FXGLAssetLoaderServi - Loading from file system: jar:file:/C:/Users/makim/.m2/repository/com/github/almasb/fxgl/17.3/fxgl-17.3.jar!/fxglassets/textures/particles/trace_horizontal.png
10:48:59.072 [FXGL Background Thread 1 ] DEBUG GameApplicationServi - Application scenes initialized
10:48:59.096 [FXGL Background Thread 1 ] DEBUG SystemBundleService  - Loading FXGL system data
10:48:59.103 [FXGL Background Thread 1 ] DEBUG FileSystemAccess     - Reading from: C:\Users\makim\OneDrive - HTL Saalfelden\3AHINF 2025_2026\POS\Spiel\system\fxgl.bundle
10:48:59.113 [FXGL Background Thread 1 ] DEBUG SystemBundleService  - Bundle FXGL: {}
10:48:59.114 [FXGL Background Thread 1 ] DEBUG UpdaterService       - Checking for updates
10:48:59.121 [FXGL Background Thread 4 ] DEBUG FXGLApplication      - Loading fonts
10:48:59.121 [FXGL Background Thread 4 ] DEBUG FXGLAssetLoaderServi - Loading from file system: jar:file:/C:/Users/makim/.m2/repository/com/github/almasb/fxgl/17.3/fxgl-17.3.jar!/fxglassets/ui/fonts/VarelaRound-Regular.ttf
10:48:59.122 [FXGL Background Thread 1 ] DEBUG FXGLApplication      - Loading default localization
10:48:59.123 [FXGL Background Thread 1 ] DEBUG FXGLAssetLoaderServi - Loading from file system: jar:file:/C:/Users/makim/.m2/repository/com/github/almasb/fxgl/17.3/fxgl-17.3.jar!/fxglassets/languages/english.lang
10:48:59.174 [FXGL Background Thread 1 ] INFO  FXGLApplication      - FXGL initialization took: 0,835 sec
10:48:59.197 [JavaFX Application Thread] DEBUG Input                - Registered new binding: action0 - D
10:48:59.198 [JavaFX Application Thread] DEBUG Input                - Registered new binding: action1 - A
10:48:59.200 [JavaFX Application Thread] DEBUG Input                - Registered new binding: action2 - W
10:48:59.201 [JavaFX Application Thread] DEBUG FXGLAssetLoaderServi - Loading from file system: jar:file:/C:/Users/makim/.m2/repository/com/github/almasb/fxgl/17.3/fxgl-17.3.jar!/fxglassets/textures/fxgl_icon.png
10:48:59.207 [FXGL Background Thread 4 ] DEBUG FXGLAssetLoaderServi - Loading from file system: jar:file:/C:/Users/makim/.m2/repository/com/github/almasb/fxgl/17.3/fxgl-17.3.jar!/fxglassets/ui/fonts/Abel-Regular.ttf
10:48:59.228 [FXGL Background Thread 4 ] DEBUG FXGLAssetLoaderServi - Loading from file system: jar:file:/C:/Users/makim/.m2/repository/com/github/almasb/fxgl/17.3/fxgl-17.3.jar!/fxglassets/ui/fonts/TerminalLandMono-Regular.otf
10:48:59.252 [FXGL Background Thread 4 ] DEBUG FXGLAssetLoaderServi - Loading from file system: jar:file:/C:/Users/makim/.m2/repository/com/github/almasb/fxgl/17.3/fxgl-17.3.jar!/fxglassets/ui/fonts/Courier-Prime.ttf
10:48:59.256 [JavaFX Application Thread] DEBUG FXGLAssetLoaderServi - Loading from file system: jar:file:/C:/Users/makim/.m2/repository/com/github/almasb/fxgl/17.3/fxgl-17.3.jar!/fxglassets/textures/fxgl_default_cursor.png
10:48:59.262 [JavaFX Application Thread] DEBUG Input                - Registered new binding: Screenshot - CTRL+8
10:48:59.264 [JavaFX Application Thread] DEBUG Input                - Registered new binding: System info dump - CTRL+9
10:48:59.265 [JavaFX Application Thread] DEBUG Input                - Registered new binding: Restart - CTRL+R
10:48:59.267 [JavaFX Application Thread] DEBUG Input                - Registered new binding: Toggle Debug Camera - CTRL+7
10:48:59.274 [JavaFX Application Thread] DEBUG LoopRunner           - Starting loop
10:48:59.274 [JavaFX Application Thread] DEBUG LoopRunner           - Initializing JavaFX AnimationTimerLoop
10:48:59.279 [JavaFX Application Thread] DEBUG GameApplicationServi - Starting new game
10:48:59.280 [JavaFX Application Thread] DEBUG Input                - Clearing active input actions
10:48:59.307 [JavaFX Application Thread] DEBUG GameApplicationServi - Removing overlay from FXGLStartupScene and adding to FXGLLoadingScene
10:48:59.308 [JavaFX Application Thread] DEBUG PrimaryStageWindow   - FXGLStartupScene -> FXGLLoadingScene
10:48:59.308 [JavaFX Application Thread] DEBUG GameApplicationServi - Clearing previous game
10:48:59.308 [JavaFX Application Thread] DEBUG GameScene            - Clearing game scene
10:48:59.308 [JavaFX Application Thread] DEBUG GameWorld            - Clearing game world
10:48:59.308 [JavaFX Application Thread] DEBUG PhysicsWorld         - Clearing physics world
10:48:59.313 [FXGL Background Thread 4 ] DEBUG FXGLApplication      - Initializing game
10:48:59.427 [JavaFX Application Thread] DEBUG FXGLApplication      - Registering font factories with UI factory
10:48:59.496 [FXGL Background Thread 4 ] WARN  TMXLevelLoader       - TiledMap generated from 1.11.2. Supported version: 1.9.0. Some features may not be parsed fully.
10:48:59.515 [FXGL Background Thread 4 ] DEBUG TMXLevelLoader       - Parsed TiledMap: file:/C:/Users/makim/OneDrive%20-%20HTL%20Saalfelden/3AHINF%202025_2026/POS/Spiel/target/classes/assets/levels/level1.tmx
10:48:59.517 [FXGL Background Thread 4 ] DEBUG TMXLevelLoader       - Creating tile layer entities
10:48:59.521 [FXGL Background Thread 4 ] DEBUG TilesetLoader        - Loading view for layer ground
10:48:59.522 [FXGL Background Thread 4 ] DEBUG TilesetLoader        - Created buffer with size 1600.0x240.0
10:48:59.523 [FXGL Background Thread 4 ] DEBUG TilesetLoader        - Loading view for layer Deko
10:48:59.523 [FXGL Background Thread 4 ] DEBUG TilesetLoader        - Created buffer with size 1600.0x240.0
10:48:59.576 [FXGL Background Thread 4 ] DEBUG TilesetLoader        - Loading view for layer Vordergrund
10:48:59.577 [FXGL Background Thread 4 ] DEBUG TilesetLoader        - Created buffer with size 1600.0x240.0
10:48:59.583 [FXGL Background Thread 4 ] DEBUG TMXLevelLoader       - Creating object layer entities
10:48:59.607 [FXGL Background Thread 4 ] DEBUG GameWorld            - Clearing removable entities
10:48:59.608 [FXGL Background Thread 4 ] DEBUG GameWorld            - Setting level: com.almasb.fxgl.entity.level.Level@7d99ad2f
10:48:59.627 [FXGL Background Thread 4 ] DEBUG FXGLAssetLoaderServi - Loading from file system: file:/C:/Users/makim/OneDrive%20-%20HTL%20Saalfelden/3AHINF%202025_2026/POS/Spiel/target/classes/assets/levels/mario_and_items.png
10:48:59.655 [FXGL Background Thread 4 ] INFO  FXGLApplication      - Game initialization took: 0,342 sec
10:48:59.656 [JavaFX Application Thread] DEBUG Input                - Clearing active input actions
10:48:59.672 [JavaFX Application Thread] DEBUG GameApplicationServi - Removing overlay from FXGLLoadingScene and adding to GameScene
10:48:59.672 [JavaFX Application Thread] DEBUG PrimaryStageWindow   - FXGLLoadingScene -> GameScene
10:48:59.925 [FXGL Background Thread 2 ] INFO  UpdaterService       - Your current version:  17.3
10:48:59.927 [FXGL Background Thread 2 ] INFO  UpdaterService       - Latest stable version: 25
10:49:02.120 [FXGL Background Thread 3 ] DEBUG Engine               - Logging environment variables
10:49:02.121 [FXGL Background Thread 3 ] DEBUG Engine               - achievements: []
10:49:02.121 [FXGL Background Thread 3 ] DEBUG Engine               - actualHeight: 720.0
10:49:02.121 [FXGL Background Thread 3 ] DEBUG Engine               - actualHeightProperty: ReadOnlyDoubleProperty [value: 720.0]
10:49:02.121 [FXGL Background Thread 3 ] DEBUG Engine               - actualWidth: 1280.0
10:49:02.121 [FXGL Background Thread 3 ] DEBUG Engine               - actualWidthProperty: ReadOnlyDoubleProperty [value: 1280.0]
10:49:02.121 [FXGL Background Thread 3 ] DEBUG Engine               - appIcon: fxgl_icon.png
10:49:02.121 [FXGL Background Thread 3 ] DEBUG Engine               - applicationMode: DEVELOPER
10:49:02.121 [FXGL Background Thread 3 ] DEBUG Engine               - cSSList: [fxgl_dark.css]
10:49:02.121 [FXGL Background Thread 3 ] DEBUG Engine               - collisionDetectionStrategy: BRUTE_FORCE
10:49:02.121 [FXGL Background Thread 3 ] DEBUG Engine               - configClass: Optional.empty
10:49:02.121 [FXGL Background Thread 3 ] DEBUG Engine               - credits: []
10:49:02.122 [FXGL Background Thread 3 ] DEBUG Engine               - defaultCursor: CursorInfo(imageName=fxgl_default_cursor.png, hotspotX=7.0, hotspotY=6.0)
10:49:02.122 [FXGL Background Thread 3 ] DEBUG Engine               - devBBoxColorProperty: ObjectProperty [value: 0xff0000ff]
10:49:02.122 [FXGL Background Thread 3 ] DEBUG Engine               - devEnableDebugCameraProperty: BooleanProperty [value: false]
10:49:02.122 [FXGL Background Thread 3 ] DEBUG Engine               - devSensorColorProperty: ObjectProperty [value: 0xffff00ff]
10:49:02.122 [FXGL Background Thread 3 ] DEBUG Engine               - devShowBBoxProperty: BooleanProperty [value: false]
10:49:02.122 [FXGL Background Thread 3 ] DEBUG Engine               - devShowPositionProperty: BooleanProperty [value: false]
10:49:02.122 [FXGL Background Thread 3 ] DEBUG Engine               - enabledMenuItems: []
10:49:02.122 [FXGL Background Thread 3 ] DEBUG Engine               - engineServices: [class com.almasb.fxgl.app.services.FXGLAssetLoaderService, class com.almasb.fxgl.app.FXGLApplication$GameApplicationService, class com.almasb.fxgl.app.services.FXGLDialogService, class com.almasb.fxgl.app.services.IOTaskExecutorService, class com.almasb.fxgl.io.FileSystemService, class com.almasb.fxgl.localization.LocalizationService, class com.almasb.fxgl.app.services.SystemBundleService, class com.almasb.fxgl.profile.SaveLoadService, class com.almasb.fxgl.ui.FXGLUIFactoryServiceProvider, class com.almasb.fxgl.ui.FXGLDialogFactoryServiceProvider, class com.almasb.fxgl.audio.AudioPlayer, class com.almasb.fxgl.notification.impl.NotificationServiceProvider, class com.almasb.fxgl.achievement.AchievementService, class com.almasb.fxgl.cutscene.CutsceneService, class com.almasb.fxgl.minigames.MiniGameService, class com.almasb.fxgl.net.NetService, class com.almasb.fxgl.app.services.UpdaterService, class com.almasb.fxgl.dev.DevService]
10:49:02.122 [FXGL Background Thread 3 ] DEBUG Engine               - fontGame: Abel-Regular.ttf
10:49:02.122 [FXGL Background Thread 3 ] DEBUG Engine               - fontMono: TerminalLandMono-Regular.otf
10:49:02.123 [FXGL Background Thread 3 ] DEBUG Engine               - fontSizeScaleUI: 1.0
10:49:02.123 [FXGL Background Thread 3 ] DEBUG Engine               - fontText: Courier-Prime.ttf
10:49:02.123 [FXGL Background Thread 3 ] DEBUG Engine               - fontUI: VarelaRound-Regular.ttf
10:49:02.123 [FXGL Background Thread 3 ] DEBUG Engine               - fullScreen: BooleanProperty [value: false]
10:49:02.123 [FXGL Background Thread 3 ] DEBUG Engine               - gameDifficulty: MEDIUM
10:49:02.123 [FXGL Background Thread 3 ] DEBUG Engine               - gameDifficultyProperty: ObjectProperty [value: MEDIUM]
10:49:02.123 [FXGL Background Thread 3 ] DEBUG Engine               - globalMusicVolume: 0.5
10:49:02.123 [FXGL Background Thread 3 ] DEBUG Engine               - globalMusicVolumeProperty: DoubleProperty [value: 0.5]
10:49:02.123 [FXGL Background Thread 3 ] DEBUG Engine               - globalSoundVolume: 0.5
10:49:02.123 [FXGL Background Thread 3 ] DEBUG Engine               - globalSoundVolumeProperty: DoubleProperty [value: 0.5]
10:49:02.123 [FXGL Background Thread 3 ] DEBUG Engine               - height: 720
10:49:02.123 [FXGL Background Thread 3 ] DEBUG Engine               - is3D: false
10:49:02.124 [FXGL Background Thread 3 ] DEBUG Engine               - isAndroid: false
10:49:02.124 [FXGL Background Thread 3 ] DEBUG Engine               - isBrowser: false
10:49:02.124 [FXGL Background Thread 3 ] DEBUG Engine               - isClickFeedbackEnabled: false
10:49:02.124 [FXGL Background Thread 3 ] DEBUG Engine               - isCloseConfirmation: false
10:49:02.124 [FXGL Background Thread 3 ] DEBUG Engine               - isDesktop: true
10:49:02.124 [FXGL Background Thread 3 ] DEBUG Engine               - isDeveloperMenuEnabled: false
10:49:02.124 [FXGL Background Thread 3 ] DEBUG Engine               - isEmbedded: false
10:49:02.124 [FXGL Background Thread 3 ] DEBUG Engine               - isEntityPreloadEnabled: true
10:49:02.124 [FXGL Background Thread 3 ] DEBUG Engine               - isExperimentalTiledLargeMap: false
10:49:02.124 [FXGL Background Thread 3 ] DEBUG Engine               - isFileSystemWriteAllowed: true
10:49:02.124 [FXGL Background Thread 3 ] DEBUG Engine               - isFullScreenAllowed: false
10:49:02.124 [FXGL Background Thread 3 ] DEBUG Engine               - isFullScreenFromStart: false
10:49:02.124 [FXGL Background Thread 3 ] DEBUG Engine               - isGameMenuEnabled: true
10:49:02.124 [FXGL Background Thread 3 ] DEBUG Engine               - isIOS: false
10:49:02.124 [FXGL Background Thread 3 ] DEBUG Engine               - isIntroEnabled: false
10:49:02.125 [FXGL Background Thread 3 ] DEBUG Engine               - isLinux: false
10:49:02.125 [FXGL Background Thread 3 ] DEBUG Engine               - isMac: false
10:49:02.125 [FXGL Background Thread 3 ] DEBUG Engine               - isMainMenuEnabled: false
10:49:02.125 [FXGL Background Thread 3 ] DEBUG Engine               - isManualResizeEnabled: false
10:49:02.125 [FXGL Background Thread 3 ] DEBUG Engine               - isMobile: false
10:49:02.125 [FXGL Background Thread 3 ] DEBUG Engine               - isNative: false
10:49:02.125 [FXGL Background Thread 3 ] DEBUG Engine               - isPauseMusicWhenMinimized: true
10:49:02.125 [FXGL Background Thread 3 ] DEBUG Engine               - isPreserveResizeRatio: false
10:49:02.125 [FXGL Background Thread 3 ] DEBUG Engine               - isProfilingEnabled: false
10:49:02.125 [FXGL Background Thread 3 ] DEBUG Engine               - isScaleAffectedOnResize: true
10:49:02.125 [FXGL Background Thread 3 ] DEBUG Engine               - isSingleStep: false
10:49:02.125 [FXGL Background Thread 3 ] DEBUG Engine               - isUserProfileEnabled: false
10:49:02.125 [FXGL Background Thread 3 ] DEBUG Engine               - isWindows: true
10:49:02.125 [FXGL Background Thread 3 ] DEBUG Engine               - language: ObjectProperty [value: ENGLISH]
10:49:02.125 [FXGL Background Thread 3 ] DEBUG Engine               - menuKey: ESCAPE
10:49:02.125 [FXGL Background Thread 3 ] DEBUG Engine               - mouseSensitivity: 0.2
10:49:02.125 [FXGL Background Thread 3 ] DEBUG Engine               - notificationViewClass: class com.almasb.fxgl.notification.view.XboxNotificationView
10:49:02.125 [FXGL Background Thread 3 ] DEBUG Engine               - pixelsPerMeter: 50.0
10:49:02.125 [FXGL Background Thread 3 ] DEBUG Engine               - platform: WINDOWS
10:49:02.126 [FXGL Background Thread 3 ] DEBUG Engine               - prefHeightProperty: ReadOnlyDoubleProperty [value: 720.0]
10:49:02.126 [FXGL Background Thread 3 ] DEBUG Engine               - prefWidthProperty: ReadOnlyDoubleProperty [value: 1280.0]
10:49:02.126 [FXGL Background Thread 3 ] DEBUG Engine               - profileDir: profiles/
10:49:02.126 [FXGL Background Thread 3 ] DEBUG Engine               - profileName: StringProperty [value: DEFAULT]
10:49:02.126 [FXGL Background Thread 3 ] DEBUG Engine               - randomSeed: -1
10:49:02.126 [FXGL Background Thread 3 ] DEBUG Engine               - runtimeInfo: RuntimeInfo(platform=WINDOWS, version=17.3, build=30.03.2023 11.49)
10:49:02.126 [FXGL Background Thread 3 ] DEBUG Engine               - saveFileExt: sav
10:49:02.126 [FXGL Background Thread 3 ] DEBUG Engine               - scaledHeightProp$fxgl: DoubleProperty [bound, value: 720.0]
10:49:02.126 [FXGL Background Thread 3 ] DEBUG Engine               - scaledWidthProp$fxgl: DoubleProperty [bound, value: 1280.0]
10:49:02.126 [FXGL Background Thread 3 ] DEBUG Engine               - sceneFactory: com.almasb.fxgl.app.scene.SceneFactory@75582f4a
10:49:02.126 [FXGL Background Thread 3 ] DEBUG Engine               - secondsIn24h: 60
10:49:02.126 [FXGL Background Thread 3 ] DEBUG Engine               - soundMenuBack: menu/back.wav
10:49:02.126 [FXGL Background Thread 3 ] DEBUG Engine               - soundMenuPress: menu/press.wav
10:49:02.127 [FXGL Background Thread 3 ] DEBUG Engine               - soundMenuSelect: menu/select.wav
10:49:02.127 [FXGL Background Thread 3 ] DEBUG Engine               - soundNotification: core/notification.wav
10:49:02.127 [FXGL Background Thread 3 ] DEBUG Engine               - stageStyle: DECORATED
10:49:02.127 [FXGL Background Thread 3 ] DEBUG Engine               - supportedLanguages: [ENGLISH, FRENCH, GERMAN, HUNGARIAN, RUSSIAN]
10:49:02.127 [FXGL Background Thread 3 ] DEBUG Engine               - ticksPerSecond: -1
10:49:02.127 [FXGL Background Thread 3 ] DEBUG Engine               - title: HTL Mario Test
10:49:02.127 [FXGL Background Thread 3 ] DEBUG Engine               - urlGithub: https://github.com/AlmasB/FXGL
10:49:02.127 [FXGL Background Thread 3 ] DEBUG Engine               - urlLeaderboard: http://fxgl-top.herokuapp.com/
10:49:02.127 [FXGL Background Thread 3 ] DEBUG Engine               - urlPOM: https://raw.githubusercontent.com/AlmasB/FXGL/release/README.md
10:49:02.127 [FXGL Background Thread 3 ] DEBUG Engine               - userAppClass: class at.htl.spiel.MarioLevel
10:49:02.127 [FXGL Background Thread 3 ] DEBUG Engine               - version: 0.0
10:49:02.127 [FXGL Background Thread 3 ] DEBUG Engine               - versionCheckDays: 7
10:49:02.127 [FXGL Background Thread 3 ] DEBUG Engine               - width: 1280
10:49:02.127 [FXGL Background Thread 3 ] DEBUG Engine               - Logging services
10:49:02.127 [FXGL Background Thread 3 ] DEBUG Engine               - class com.almasb.fxgl.app.services.FXGLAssetLoaderService
10:49:02.127 [FXGL Background Thread 3 ] DEBUG Engine               - class com.almasb.fxgl.app.FXGLApplication$GameApplicationService
10:49:02.127 [FXGL Background Thread 3 ] DEBUG Engine               - class com.almasb.fxgl.app.services.FXGLDialogService
10:49:02.128 [FXGL Background Thread 3 ] DEBUG Engine               - class com.almasb.fxgl.app.services.IOTaskExecutorService
10:49:02.128 [FXGL Background Thread 3 ] DEBUG Engine               - class com.almasb.fxgl.io.FileSystemService
10:49:02.128 [FXGL Background Thread 3 ] DEBUG Engine               - class com.almasb.fxgl.localization.LocalizationService
10:49:02.128 [FXGL Background Thread 3 ] DEBUG Engine               - class com.almasb.fxgl.app.services.SystemBundleService
10:49:02.128 [FXGL Background Thread 3 ] DEBUG Engine               - class com.almasb.fxgl.profile.SaveLoadService
10:49:02.128 [FXGL Background Thread 3 ] DEBUG Engine               - class com.almasb.fxgl.ui.FXGLUIFactoryServiceProvider
10:49:02.128 [FXGL Background Thread 3 ] DEBUG Engine               - class com.almasb.fxgl.ui.FXGLDialogFactoryServiceProvider
10:49:02.128 [FXGL Background Thread 3 ] DEBUG Engine               - class com.almasb.fxgl.audio.AudioPlayer
10:49:02.128 [FXGL Background Thread 3 ] DEBUG Engine               - class com.almasb.fxgl.notification.impl.NotificationServiceProvider
10:49:02.128 [FXGL Background Thread 3 ] DEBUG Engine               - class com.almasb.fxgl.achievement.AchievementService
10:49:02.128 [FXGL Background Thread 3 ] DEBUG Engine               - class com.almasb.fxgl.cutscene.CutsceneService
10:49:02.128 [FXGL Background Thread 3 ] DEBUG Engine               - class com.almasb.fxgl.minigames.MiniGameService
10:49:02.128 [FXGL Background Thread 3 ] DEBUG Engine               - class com.almasb.fxgl.net.NetService
10:49:02.128 [FXGL Background Thread 3 ] DEBUG Engine               - class com.almasb.fxgl.app.services.UpdaterService
10:49:02.128 [FXGL Background Thread 3 ] DEBUG Engine               - class com.almasb.fxgl.dev.DevService
10:49:15.282 [JavaFX Application Thread] DEBUG PrimaryStageWindow   - Push state: FXGLDefaultMenu
10:49:15.289 [JavaFX Application Thread] DEBUG Input                - Clearing active input actions
10:49:15.298 [JavaFX Application Thread] DEBUG GameApplicationServi - Removing overlay from GameScene and adding to FXGLDefaultMenu
10:49:15.299 [JavaFX Application Thread] DEBUG PrimaryStageWindow   - GameScene -> FXGLDefaultMenu
10:49:16.450 [JavaFX Application Thread] DEBUG PrimaryStageWindow   - Pop state: FXGLDefaultMenu
10:49:16.450 [JavaFX Application Thread] DEBUG Input                - Clearing active input actions
10:49:16.451 [JavaFX Application Thread] DEBUG GameApplicationServi - Removing overlay from FXGLDefaultMenu and adding to GameScene
10:49:16.452 [JavaFX Application Thread] DEBUG PrimaryStageWindow   - GameScene <- FXGLDefaultMenu
10:49:17.037 [JavaFX Application Thread] DEBUG PrimaryStageWindow   - Push state: FXGLDefaultMenu
10:49:17.038 [JavaFX Application Thread] DEBUG Input                - Clearing active input actions
10:49:17.039 [JavaFX Application Thread] DEBUG GameApplicationServi - Removing overlay from GameScene and adding to FXGLDefaultMenu
10:49:17.040 [JavaFX Application Thread] DEBUG PrimaryStageWindow   - GameScene -> FXGLDefaultMenu
10:49:19.363 [JavaFX Application Thread] DEBUG PrimaryStageWindow   - Pop state: FXGLDefaultMenu
10:49:19.363 [JavaFX Application Thread] DEBUG Input                - Clearing active input actions
10:49:19.364 [JavaFX Application Thread] DEBUG GameApplicationServi - Removing overlay from FXGLDefaultMenu and adding to GameScene
10:49:19.364 [JavaFX Application Thread] DEBUG PrimaryStageWindow   - GameScene <- FXGLDefaultMenu
10:49:20.675 [JavaFX Application Thread] DEBUG FXGLApplication      - Exiting FXGL
10:49:20.675 [JavaFX Application Thread] DEBUG LoopRunner           - Stopping loop
10:49:20.675 [JavaFX Application Thread] DEBUG SystemBundleService  - Saving FXGL system data
10:49:20.679 [JavaFX Application Thread] DEBUG FileSystemAccess     - Writing to: C:\Users\makim\OneDrive - HTL Saalfelden\3AHINF 2025_2026\POS\Spiel\system\fxgl.bundle
10:49:20.684 [JavaFX Application Thread] DEBUG Async                - Shutting down background threads
10:49:20.684 [JavaFX Application Thread] DEBUG PrimaryStageWindow   - Closing main window
10:49:20.707 [JavaFX Application Thread] DEBUG Logger               - Closing Logger
