10:08:50.558 [main                     ] DEBUG Logger               - Configured Logger
10:08:50.576 [main                     ] DEBUG GameApplication      - Logging settings
Title: HTL Mario Test
Version: 1.0
Width: 1280
Height: 720
Fullscreen: false
Intro: false
Profiling: false
Single step:false
App Mode: DEVELOPER
Menu Key: ESCAPE
Stage Style: DECORATED
Scene Factory: class com.almasb.fxgl.app.scene.SceneFactory

10:08:51.293 [JavaFX Application Thread] DEBUG FXGLApplication      - Initializing FXGL
10:08:51.300 [JavaFX Application Thread] INFO  Engine               - FXGL-17.3 (30.03.2023 11.49) on WINDOWS (J:24.0.2 FX:21.0.2)
10:08:51.301 [JavaFX Application Thread] DEBUG Engine               - JRE Vendor Name: Amazon.com Inc.
10:08:51.301 [JavaFX Application Thread] DEBUG Engine               - Running on OS: Windows 11 version 10.0
10:08:51.301 [JavaFX Application Thread] DEBUG Engine               - Architecture: amd64
10:08:51.301 [JavaFX Application Thread] INFO  Engine               - Source code and latest versions at: https://github.com/AlmasB/FXGL
10:08:51.301 [JavaFX Application Thread] INFO  Engine               -       Ask questions and discuss at: https://github.com/AlmasB/FXGL/discussions
10:08:51.302 [JavaFX Application Thread] INFO  Engine               -              Join the FXGL chat at: https://gitter.im/AlmasB/FXGL
10:08:51.562 [JavaFX Application Thread] DEBUG PrimaryStageWindow   - Creating a JavaFX scene
10:08:51.662 [JavaFX Application Thread] DEBUG PrimaryStageWindow   - Target settings size: 1280.0 x 720.0
10:08:51.663 [JavaFX Application Thread] DEBUG PrimaryStageWindow   - Scaled scene size:    1280.0 x 720.0
10:08:51.663 [JavaFX Application Thread] DEBUG PrimaryStageWindow   - Scaled ratio: (1.0, 1.0)
10:08:51.667 [JavaFX Application Thread] DEBUG PrimaryStageWindow   - Set initial scene to FXGLStartupScene
10:08:51.677 [JavaFX Application Thread] DEBUG PrimaryStageWindow   - Opening main window
10:08:51.859 [JavaFX Application Thread] DEBUG PrimaryStageWindow   - Window border size: (14.4000244140625, 37.5999755859375)
10:08:51.859 [JavaFX Application Thread] DEBUG PrimaryStageWindow   - Scaled size: 1280.0 x 720.0
10:08:51.860 [JavaFX Application Thread] DEBUG PrimaryStageWindow   - Scaled ratio: (1.0, 1.0)
10:08:51.860 [JavaFX Application Thread] DEBUG PrimaryStageWindow   - Scene size: 1280.0 x 720.0
10:08:51.861 [JavaFX Application Thread] DEBUG PrimaryStageWindow   - Stage size: 1294.4000244140625 x 757.5999755859375
10:08:51.882 [FXGL Background Thread 1 ] DEBUG Engine               - Initializing environment variables
10:08:52.037 [FXGL Background Thread 1 ] DEBUG FXGLAssetLoaderServi - User app class for loading assets: class at.htl.spiel.MarioLevel
10:08:52.037 [FXGL Background Thread 1 ] DEBUG GameApplicationServi - Applying CSS: fxgl_dark.css
10:08:52.039 [FXGL Background Thread 1 ] DEBUG FXGLAssetLoaderServi - Loading from file system: jar:file:/C:/Users/makim/.m2/repository/com/github/almasb/fxgl/17.3/fxgl-17.3.jar!/fxglassets/ui/css/fxgl_dark.css
10:08:52.161 [FXGL Background Thread 1 ] DEBUG GameApplicationServi - Initializing application scenes
10:08:52.243 [FXGL Background Thread 1 ] DEBUG GameWorld            - Game world initialized
10:08:52.364 [FXGL Background Thread 1 ] DEBUG PhysicsWorld         - Physics world initialized: appHeight=720, physics.ppm=50,0
10:08:52.365 [FXGL Background Thread 1 ] DEBUG PhysicsWorld         - Using strategy: BRUTE_FORCE
10:08:52.372 [FXGL Background Thread 1 ] DEBUG GameScene            - Game scene initialized: 1280x720
10:08:52.399 [FXGL Background Thread 1 ] DEBUG FXGL.DefaultMenu     - createMenuBodyGameMenu()
10:08:52.440 [FXGL Background Thread 1 ] DEBUG FXGL.DefaultMenu     - createOptionsMenu()
10:08:52.470 [FXGL Background Thread 1 ] DEBUG FXGLAssetLoaderServi - Loading from file system: jar:file:/C:/Users/makim/.m2/repository/com/github/almasb/fxgl/17.3/fxgl-17.3.jar!/fxglassets/textures/particles/smoke.png
10:08:52.653 [FXGL Background Thread 1 ] DEBUG FXGLAssetLoaderServi - Loading from file system: jar:file:/C:/Users/makim/.m2/repository/com/github/almasb/fxgl/17.3/fxgl-17.3.jar!/fxglassets/textures/particles/trace_horizontal.png
10:08:52.698 [FXGL Background Thread 1 ] DEBUG GameApplicationServi - Application scenes initialized
10:08:52.721 [FXGL Background Thread 1 ] DEBUG SystemBundleService  - Loading FXGL system data
10:08:52.727 [FXGL Background Thread 1 ] DEBUG FileSystemAccess     - Reading from: C:\Users\makim\OneDrive - HTL Saalfelden\3AHINF 2025_2026\POS\Spiel\system\fxgl.bundle
10:08:52.737 [FXGL Background Thread 1 ] DEBUG SystemBundleService  - Bundle FXGL: {}
10:08:52.737 [FXGL Background Thread 1 ] DEBUG UpdaterService       - Checking for updates
10:08:52.744 [FXGL Background Thread 4 ] DEBUG FXGLApplication      - Loading fonts
10:08:52.745 [FXGL Background Thread 4 ] DEBUG FXGLAssetLoaderServi - Loading from file system: jar:file:/C:/Users/makim/.m2/repository/com/github/almasb/fxgl/17.3/fxgl-17.3.jar!/fxglassets/ui/fonts/VarelaRound-Regular.ttf
10:08:52.746 [FXGL Background Thread 1 ] DEBUG FXGLApplication      - Loading default localization
10:08:52.747 [FXGL Background Thread 1 ] DEBUG FXGLAssetLoaderServi - Loading from file system: jar:file:/C:/Users/makim/.m2/repository/com/github/almasb/fxgl/17.3/fxgl-17.3.jar!/fxglassets/languages/english.lang
10:08:52.802 [FXGL Background Thread 1 ] INFO  FXGLApplication      - FXGL initialization took: 0,921 sec
10:08:52.822 [JavaFX Application Thread] DEBUG Input                - Registered new binding: action0 - D
10:08:52.823 [JavaFX Application Thread] DEBUG Input                - Registered new binding: action1 - A
10:08:52.824 [JavaFX Application Thread] DEBUG Input                - Registered new binding: action2 - W
10:08:52.824 [JavaFX Application Thread] DEBUG FXGLAssetLoaderServi - Loading from file system: jar:file:/C:/Users/makim/.m2/repository/com/github/almasb/fxgl/17.3/fxgl-17.3.jar!/fxglassets/textures/fxgl_icon.png
10:08:52.826 [FXGL Background Thread 4 ] DEBUG FXGLAssetLoaderServi - Loading from file system: jar:file:/C:/Users/makim/.m2/repository/com/github/almasb/fxgl/17.3/fxgl-17.3.jar!/fxglassets/ui/fonts/Abel-Regular.ttf
10:08:52.848 [FXGL Background Thread 4 ] DEBUG FXGLAssetLoaderServi - Loading from file system: jar:file:/C:/Users/makim/.m2/repository/com/github/almasb/fxgl/17.3/fxgl-17.3.jar!/fxglassets/ui/fonts/TerminalLandMono-Regular.otf
10:08:52.869 [FXGL Background Thread 4 ] DEBUG FXGLAssetLoaderServi - Loading from file system: jar:file:/C:/Users/makim/.m2/repository/com/github/almasb/fxgl/17.3/fxgl-17.3.jar!/fxglassets/ui/fonts/Courier-Prime.ttf
10:08:52.872 [JavaFX Application Thread] DEBUG FXGLAssetLoaderServi - Loading from file system: jar:file:/C:/Users/makim/.m2/repository/com/github/almasb/fxgl/17.3/fxgl-17.3.jar!/fxglassets/textures/fxgl_default_cursor.png
10:08:52.877 [JavaFX Application Thread] DEBUG Input                - Registered new binding: Screenshot - CTRL+8
10:08:52.878 [JavaFX Application Thread] DEBUG Input                - Registered new binding: System info dump - CTRL+9
10:08:52.879 [JavaFX Application Thread] DEBUG Input                - Registered new binding: Restart - CTRL+R
10:08:52.881 [JavaFX Application Thread] DEBUG Input                - Registered new binding: Toggle Debug Camera - CTRL+7
10:08:52.888 [JavaFX Application Thread] DEBUG LoopRunner           - Starting loop
10:08:52.888 [JavaFX Application Thread] DEBUG LoopRunner           - Initializing JavaFX AnimationTimerLoop
10:08:52.892 [JavaFX Application Thread] DEBUG GameApplicationServi - Starting new game
10:08:52.892 [JavaFX Application Thread] DEBUG Input                - Clearing active input actions
10:08:52.916 [JavaFX Application Thread] DEBUG GameApplicationServi - Removing overlay from FXGLStartupScene and adding to FXGLLoadingScene
10:08:52.916 [JavaFX Application Thread] DEBUG PrimaryStageWindow   - FXGLStartupScene -> FXGLLoadingScene
10:08:52.916 [JavaFX Application Thread] DEBUG GameApplicationServi - Clearing previous game
10:08:52.916 [JavaFX Application Thread] DEBUG GameScene            - Clearing game scene
10:08:52.917 [JavaFX Application Thread] DEBUG GameWorld            - Clearing game world
10:08:52.917 [JavaFX Application Thread] DEBUG PhysicsWorld         - Clearing physics world
10:08:52.921 [JavaFX Application Thread] DEBUG FXGLApplication      - Registering font factories with UI factory
10:08:53.098 [FXGL Background Thread 4 ] WARN  TMXLevelLoader       - TiledMap generated from 1.11.2. Supported version: 1.9.0. Some features may not be parsed fully.
10:08:53.122 [FXGL Background Thread 4 ] DEBUG TMXLevelLoader       - Parsed TiledMap: file:/C:/Users/makim/OneDrive%20-%20HTL%20Saalfelden/3AHINF%202025_2026/POS/Spiel/target/classes/assets/levels/level1.tmx
10:08:53.123 [FXGL Background Thread 4 ] DEBUG TMXLevelLoader       - Creating tile layer entities
10:08:53.128 [FXGL Background Thread 4 ] DEBUG TilesetLoader        - Loading view for layer ground
10:08:53.128 [FXGL Background Thread 4 ] DEBUG TilesetLoader        - Created buffer with size 1600.0x240.0
10:08:53.130 [FXGL Background Thread 4 ] DEBUG TilesetLoader        - Loading view for layer Deko
10:08:53.131 [FXGL Background Thread 4 ] DEBUG TilesetLoader        - Created buffer with size 1600.0x240.0
10:08:53.193 [FXGL Background Thread 4 ] DEBUG TilesetLoader        - Loading view for layer Vordergrund
10:08:53.194 [FXGL Background Thread 4 ] DEBUG TilesetLoader        - Created buffer with size 1600.0x240.0
10:08:53.201 [FXGL Background Thread 4 ] DEBUG TMXLevelLoader       - Creating object layer entities
10:08:53.205 [FXGL Background Thread 4 ] WARN  TMXLevelLoader       - Parse error
java.lang.IllegalArgumentException: No EntityFactory has a method annotated @Spawns()
	at com.almasb.fxgl.entity.GameWorld.create(GameWorld.kt:413)
	at com.almasb.fxgl.entity.level.tiled.TMXLevelLoader.createObjectLayerEntities(TMXLevelLoader.kt:155)
	at com.almasb.fxgl.entity.level.tiled.TMXLevelLoader.load(TMXLevelLoader.kt:60)
	at com.almasb.fxgl.app.services.FXGLAssetLoaderService.loadLevel(FXGLAssetLoaderService.kt:430)
	at com.almasb.fxgl.dsl.FXGL$Companion.setLevelFromMap(FXGL.kt:634)
	at com.almasb.fxgl.dsl.FXGL.setLevelFromMap(FXGL.kt)
	at at.htl.spiel.MarioLevel.initGame(MarioLevel.java:45)
	at com.almasb.fxgl.app.FXGLApplication$InitAppTask.initGame(FXGLApplication.kt:339)
	at com.almasb.fxgl.app.FXGLApplication$InitAppTask.call(FXGLApplication.kt:319)
	at com.almasb.fxgl.app.FXGLApplication$InitAppTask.call(FXGLApplication.kt:311)
	at javafx.concurrent.Task$TaskCallable.call(Task.java:1399)
	at java.base/java.util.concurrent.FutureTask.run(FutureTask.java:328)
	at java.base/java.util.concurrent.Executors$RunnableAdapter.call(Executors.java:545)
	at java.base/java.util.concurrent.FutureTask.run(FutureTask.java:328)
	at java.base/java.util.concurrent.ThreadPoolExecutor.runWorker(ThreadPoolExecutor.java:1095)
	at java.base/java.util.concurrent.ThreadPoolExecutor$Worker.run(ThreadPoolExecutor.java:619)
	at java.base/java.lang.Thread.run(Thread.java:1447)

10:08:53.209 [FXGL Background Thread 4 ] INFO  FXGLApplication      - Game initialization took: 0,288 sec
10:08:53.253 [JavaFX Application Thread] DEBUG Input                - Clearing active input actions
10:08:53.267 [JavaFX Application Thread] DEBUG GameApplicationServi - Removing overlay from FXGLLoadingScene and adding to GameScene
10:08:53.267 [JavaFX Application Thread] DEBUG PrimaryStageWindow   - FXGLLoadingScene -> GameScene
10:08:53.609 [FXGL Background Thread 2 ] INFO  UpdaterService       - Your current version:  17.3
10:08:53.609 [FXGL Background Thread 2 ] INFO  UpdaterService       - Latest stable version: 25
10:08:54.811 [JavaFX Application Thread] DEBUG FXGLApplication      - Exiting FXGL
10:08:54.811 [JavaFX Application Thread] DEBUG LoopRunner           - Stopping loop
10:08:54.812 [JavaFX Application Thread] DEBUG SystemBundleService  - Saving FXGL system data
10:08:54.816 [JavaFX Application Thread] DEBUG FileSystemAccess     - Writing to: C:\Users\makim\OneDrive - HTL Saalfelden\3AHINF 2025_2026\POS\Spiel\system\fxgl.bundle
10:08:54.820 [JavaFX Application Thread] DEBUG Async                - Shutting down background threads
10:08:54.820 [JavaFX Application Thread] DEBUG PrimaryStageWindow   - Closing main window
10:08:54.841 [JavaFX Application Thread] DEBUG Logger               - Closing Logger
