08:29:27.210 [main                     ] DEBUG Logger               - Configured Logger
08:29:27.228 [main                     ] DEBUG GameApplication      - Logging settings
Title: HTL Mario Test
Version: 1.0
Width: 800
Height: 600
Fullscreen: false
Intro: false
Profiling: false
Single step:false
App Mode: DEVELOPER
Menu Key: ESCAPE
Stage Style: DECORATED
Scene Factory: class com.almasb.fxgl.app.scene.SceneFactory

08:29:28.025 [JavaFX Application Thread] DEBUG FXGLApplication      - Initializing FXGL
08:29:28.030 [JavaFX Application Thread] INFO  Engine               - FXGL-17.3 (30.03.2023 11.49) on WINDOWS (J:24.0.2 FX:21.0.2)
08:29:28.030 [JavaFX Application Thread] DEBUG Engine               - JRE Vendor Name: Amazon.com Inc.
08:29:28.031 [JavaFX Application Thread] DEBUG Engine               - Running on OS: Windows 11 version 10.0
08:29:28.031 [JavaFX Application Thread] DEBUG Engine               - Architecture: amd64
08:29:28.031 [JavaFX Application Thread] INFO  Engine               - Source code and latest versions at: https://github.com/AlmasB/FXGL
08:29:28.031 [JavaFX Application Thread] INFO  Engine               -       Ask questions and discuss at: https://github.com/AlmasB/FXGL/discussions
08:29:28.031 [JavaFX Application Thread] INFO  Engine               -              Join the FXGL chat at: https://gitter.im/AlmasB/FXGL
08:29:28.309 [JavaFX Application Thread] DEBUG PrimaryStageWindow   - Creating a JavaFX scene
08:29:28.459 [JavaFX Application Thread] DEBUG PrimaryStageWindow   - Target settings size: 800.0 x 600.0
08:29:28.459 [JavaFX Application Thread] DEBUG PrimaryStageWindow   - Scaled scene size:    800.0 x 600.0
08:29:28.460 [JavaFX Application Thread] DEBUG PrimaryStageWindow   - Scaled ratio: (1.0, 1.0)
08:29:28.462 [JavaFX Application Thread] DEBUG PrimaryStageWindow   - Set initial scene to FXGLStartupScene
08:29:28.468 [JavaFX Application Thread] DEBUG PrimaryStageWindow   - Opening main window
08:29:28.661 [JavaFX Application Thread] DEBUG PrimaryStageWindow   - Window border size: (14.4000244140625, 37.5999755859375)
08:29:28.662 [JavaFX Application Thread] DEBUG PrimaryStageWindow   - Scaled size: 800.0 x 600.0
08:29:28.662 [JavaFX Application Thread] DEBUG PrimaryStageWindow   - Scaled ratio: (1.0, 1.0)
08:29:28.662 [JavaFX Application Thread] DEBUG PrimaryStageWindow   - Scene size: 800.0 x 600.0
08:29:28.663 [JavaFX Application Thread] DEBUG PrimaryStageWindow   - Stage size: 814.4000244140625 x 637.5999755859375
08:29:28.686 [FXGL Background Thread 1 ] DEBUG Engine               - Initializing environment variables
08:29:28.812 [FXGL Background Thread 1 ] DEBUG FXGLAssetLoaderServi - User app class for loading assets: class at.htl.spiel.MarioLevel
08:29:28.813 [FXGL Background Thread 1 ] DEBUG GameApplicationServi - Applying CSS: fxgl_dark.css
08:29:28.814 [FXGL Background Thread 1 ] DEBUG FXGLAssetLoaderServi - Loading from file system: jar:file:/C:/Users/makim/.m2/repository/com/github/almasb/fxgl/17.3/fxgl-17.3.jar!/fxglassets/ui/css/fxgl_dark.css
08:29:28.890 [FXGL Background Thread 1 ] DEBUG GameApplicationServi - Initializing application scenes
08:29:28.971 [FXGL Background Thread 1 ] DEBUG GameWorld            - Game world initialized
08:29:29.082 [FXGL Background Thread 1 ] DEBUG PhysicsWorld         - Physics world initialized: appHeight=600, physics.ppm=50,0
08:29:29.082 [FXGL Background Thread 1 ] DEBUG PhysicsWorld         - Using strategy: BRUTE_FORCE
08:29:29.087 [FXGL Background Thread 1 ] DEBUG GameScene            - Game scene initialized: 800x600
08:29:29.109 [FXGL Background Thread 1 ] DEBUG FXGL.DefaultMenu     - createMenuBodyGameMenu()
08:29:29.149 [FXGL Background Thread 1 ] DEBUG FXGL.DefaultMenu     - createOptionsMenu()
08:29:29.169 [FXGL Background Thread 1 ] DEBUG FXGLAssetLoaderServi - Loading from file system: jar:file:/C:/Users/makim/.m2/repository/com/github/almasb/fxgl/17.3/fxgl-17.3.jar!/fxglassets/textures/particles/smoke.png
08:29:29.330 [FXGL Background Thread 1 ] DEBUG FXGLAssetLoaderServi - Loading from file system: jar:file:/C:/Users/makim/.m2/repository/com/github/almasb/fxgl/17.3/fxgl-17.3.jar!/fxglassets/textures/particles/trace_horizontal.png
08:29:29.367 [FXGL Background Thread 1 ] DEBUG GameApplicationServi - Application scenes initialized
08:29:29.390 [FXGL Background Thread 1 ] DEBUG SystemBundleService  - Loading FXGL system data
08:29:29.399 [FXGL Background Thread 1 ] DEBUG FileSystemAccess     - Reading from: C:\Users\makim\OneDrive - HTL Saalfelden\3AHINF 2025_2026\POS\Spiel\system\fxgl.bundle
08:29:29.412 [FXGL Background Thread 1 ] DEBUG SystemBundleService  - Bundle FXGL: {}
08:29:29.412 [FXGL Background Thread 1 ] DEBUG UpdaterService       - Checking for updates
08:29:29.421 [FXGL Background Thread 4 ] DEBUG FXGLApplication      - Loading fonts
08:29:29.422 [FXGL Background Thread 4 ] DEBUG FXGLAssetLoaderServi - Loading from file system: jar:file:/C:/Users/makim/.m2/repository/com/github/almasb/fxgl/17.3/fxgl-17.3.jar!/fxglassets/ui/fonts/VarelaRound-Regular.ttf
08:29:29.424 [FXGL Background Thread 1 ] DEBUG FXGLApplication      - Loading default localization
08:29:29.424 [FXGL Background Thread 1 ] DEBUG FXGLAssetLoaderServi - Loading from file system: jar:file:/C:/Users/makim/.m2/repository/com/github/almasb/fxgl/17.3/fxgl-17.3.jar!/fxglassets/languages/english.lang
08:29:29.482 [FXGL Background Thread 1 ] INFO  FXGLApplication      - FXGL initialization took: 0,795 sec
08:29:29.484 [JavaFX Application Thread] DEBUG FXGLAssetLoaderServi - Loading from file system: jar:file:/C:/Users/makim/.m2/repository/com/github/almasb/fxgl/17.3/fxgl-17.3.jar!/fxglassets/textures/fxgl_icon.png
08:29:29.523 [JavaFX Application Thread] DEBUG FXGLAssetLoaderServi - Loading from file system: jar:file:/C:/Users/makim/.m2/repository/com/github/almasb/fxgl/17.3/fxgl-17.3.jar!/fxglassets/textures/fxgl_default_cursor.png
08:29:29.540 [FXGL Background Thread 4 ] DEBUG FXGLAssetLoaderServi - Loading from file system: jar:file:/C:/Users/makim/.m2/repository/com/github/almasb/fxgl/17.3/fxgl-17.3.jar!/fxglassets/ui/fonts/Abel-Regular.ttf
08:29:29.550 [JavaFX Application Thread] DEBUG Input                - Registered new binding: Screenshot - CTRL+8
08:29:29.551 [JavaFX Application Thread] DEBUG Input                - Registered new binding: System info dump - CTRL+9
08:29:29.552 [JavaFX Application Thread] DEBUG Input                - Registered new binding: Restart - CTRL+R
08:29:29.555 [JavaFX Application Thread] DEBUG Input                - Registered new binding: Toggle Debug Camera - CTRL+7
08:29:29.564 [JavaFX Application Thread] DEBUG LoopRunner           - Starting loop
08:29:29.564 [JavaFX Application Thread] DEBUG LoopRunner           - Initializing JavaFX AnimationTimerLoop
08:29:29.565 [FXGL Background Thread 4 ] DEBUG FXGLAssetLoaderServi - Loading from file system: jar:file:/C:/Users/makim/.m2/repository/com/github/almasb/fxgl/17.3/fxgl-17.3.jar!/fxglassets/ui/fonts/TerminalLandMono-Regular.otf
08:29:29.568 [JavaFX Application Thread] DEBUG GameApplicationServi - Starting new game
08:29:29.569 [JavaFX Application Thread] DEBUG Input                - Clearing active input actions
08:29:29.590 [FXGL Background Thread 4 ] DEBUG FXGLAssetLoaderServi - Loading from file system: jar:file:/C:/Users/makim/.m2/repository/com/github/almasb/fxgl/17.3/fxgl-17.3.jar!/fxglassets/ui/fonts/Courier-Prime.ttf
08:29:29.593 [JavaFX Application Thread] DEBUG GameApplicationServi - Removing overlay from FXGLStartupScene and adding to FXGLLoadingScene
08:29:29.594 [JavaFX Application Thread] DEBUG PrimaryStageWindow   - FXGLStartupScene -> FXGLLoadingScene
08:29:29.594 [JavaFX Application Thread] DEBUG GameApplicationServi - Clearing previous game
08:29:29.594 [JavaFX Application Thread] DEBUG GameScene            - Clearing game scene
08:29:29.594 [JavaFX Application Thread] DEBUG GameWorld            - Clearing game world
08:29:29.595 [JavaFX Application Thread] DEBUG PhysicsWorld         - Clearing physics world
08:29:29.598 [FXGL Background Thread 1 ] DEBUG FXGLApplication      - Initializing game
08:29:29.701 [JavaFX Application Thread] DEBUG FXGLApplication      - Registering font factories with UI factory
08:29:29.853 [FXGL Background Thread 1 ] WARN  TMXLevelLoader       - TiledMap generated from 1.11.2. Supported version: 1.9.0. Some features may not be parsed fully.
08:29:29.865 [FXGL Background Thread 1 ] DEBUG TMXLevelLoader       - Parsed TiledMap: file:/C:/Users/makim/OneDrive%20-%20HTL%20Saalfelden/3AHINF%202025_2026/POS/Spiel/target/classes/assets/levels/level1.tmx
08:29:29.868 [FXGL Background Thread 1 ] DEBUG TMXLevelLoader       - Creating tile layer entities
08:29:29.872 [FXGL Background Thread 1 ] DEBUG TilesetLoader        - Loading view for layer ground
08:29:29.873 [FXGL Background Thread 1 ] DEBUG TilesetLoader        - Created buffer with size 1600.0x240.0
08:29:29.874 [FXGL Background Thread 1 ] DEBUG TilesetLoader        - Loading view for layer Deko
08:29:29.875 [FXGL Background Thread 1 ] DEBUG TilesetLoader        - Created buffer with size 1600.0x240.0
08:29:29.927 [FXGL Background Thread 1 ] DEBUG TilesetLoader        - Loading view for layer Vordergrund
08:29:29.928 [FXGL Background Thread 1 ] DEBUG TilesetLoader        - Created buffer with size 1600.0x240.0
08:29:29.936 [FXGL Background Thread 1 ] DEBUG TMXLevelLoader       - Creating object layer entities
08:29:29.938 [FXGL Background Thread 1 ] DEBUG GameWorld            - Clearing removable entities
08:29:29.939 [FXGL Background Thread 1 ] DEBUG GameWorld            - Setting level: com.almasb.fxgl.entity.level.Level@5cd73962
08:29:29.945 [FXGL Background Thread 1 ] INFO  FXGLApplication      - Game initialization took: 0,348 sec
08:29:29.946 [JavaFX Application Thread] DEBUG Input                - Clearing active input actions
08:29:29.961 [JavaFX Application Thread] DEBUG GameApplicationServi - Removing overlay from FXGLLoadingScene and adding to GameScene
08:29:29.961 [JavaFX Application Thread] DEBUG PrimaryStageWindow   - FXGLLoadingScene -> GameScene
08:29:30.452 [FXGL Background Thread 2 ] INFO  UpdaterService       - Your current version:  17.3
08:29:30.452 [FXGL Background Thread 2 ] INFO  UpdaterService       - Latest stable version: 25
08:29:32.418 [FXGL Background Thread 3 ] DEBUG Engine               - Logging environment variables
08:29:32.418 [FXGL Background Thread 3 ] DEBUG Engine               - achievements: []
08:29:32.418 [FXGL Background Thread 3 ] DEBUG Engine               - actualHeight: 600.0
08:29:32.419 [FXGL Background Thread 3 ] DEBUG Engine               - actualHeightProperty: ReadOnlyDoubleProperty [value: 600.0]
08:29:32.419 [FXGL Background Thread 3 ] DEBUG Engine               - actualWidth: 800.0
08:29:32.419 [FXGL Background Thread 3 ] DEBUG Engine               - actualWidthProperty: ReadOnlyDoubleProperty [value: 800.0]
08:29:32.419 [FXGL Background Thread 3 ] DEBUG Engine               - appIcon: fxgl_icon.png
08:29:32.419 [FXGL Background Thread 3 ] DEBUG Engine               - applicationMode: DEVELOPER
08:29:32.419 [FXGL Background Thread 3 ] DEBUG Engine               - cSSList: [fxgl_dark.css]
08:29:32.419 [FXGL Background Thread 3 ] DEBUG Engine               - collisionDetectionStrategy: BRUTE_FORCE
08:29:32.419 [FXGL Background Thread 3 ] DEBUG Engine               - configClass: Optional.empty
08:29:32.419 [FXGL Background Thread 3 ] DEBUG Engine               - credits: []
08:29:32.419 [FXGL Background Thread 3 ] DEBUG Engine               - defaultCursor: CursorInfo(imageName=fxgl_default_cursor.png, hotspotX=7.0, hotspotY=6.0)
08:29:32.420 [FXGL Background Thread 3 ] DEBUG Engine               - devBBoxColorProperty: ObjectProperty [value: 0xff0000ff]
08:29:32.420 [FXGL Background Thread 3 ] DEBUG Engine               - devEnableDebugCameraProperty: BooleanProperty [value: false]
08:29:32.420 [FXGL Background Thread 3 ] DEBUG Engine               - devSensorColorProperty: ObjectProperty [value: 0xffff00ff]
08:29:32.420 [FXGL Background Thread 3 ] DEBUG Engine               - devShowBBoxProperty: BooleanProperty [value: false]
08:29:32.420 [FXGL Background Thread 3 ] DEBUG Engine               - devShowPositionProperty: BooleanProperty [value: false]
08:29:32.420 [FXGL Background Thread 3 ] DEBUG Engine               - enabledMenuItems: []
08:29:32.420 [FXGL Background Thread 3 ] DEBUG Engine               - engineServices: [class com.almasb.fxgl.app.services.FXGLAssetLoaderService, class com.almasb.fxgl.app.FXGLApplication$GameApplicationService, class com.almasb.fxgl.app.services.FXGLDialogService, class com.almasb.fxgl.app.services.IOTaskExecutorService, class com.almasb.fxgl.io.FileSystemService, class com.almasb.fxgl.localization.LocalizationService, class com.almasb.fxgl.app.services.SystemBundleService, class com.almasb.fxgl.profile.SaveLoadService, class com.almasb.fxgl.ui.FXGLUIFactoryServiceProvider, class com.almasb.fxgl.ui.FXGLDialogFactoryServiceProvider, class com.almasb.fxgl.audio.AudioPlayer, class com.almasb.fxgl.notification.impl.NotificationServiceProvider, class com.almasb.fxgl.achievement.AchievementService, class com.almasb.fxgl.cutscene.CutsceneService, class com.almasb.fxgl.minigames.MiniGameService, class com.almasb.fxgl.net.NetService, class com.almasb.fxgl.app.services.UpdaterService, class com.almasb.fxgl.dev.DevService]
08:29:32.420 [FXGL Background Thread 3 ] DEBUG Engine               - fontGame: Abel-Regular.ttf
08:29:32.420 [FXGL Background Thread 3 ] DEBUG Engine               - fontMono: TerminalLandMono-Regular.otf
08:29:32.420 [FXGL Background Thread 3 ] DEBUG Engine               - fontSizeScaleUI: 1.0
08:29:32.420 [FXGL Background Thread 3 ] DEBUG Engine               - fontText: Courier-Prime.ttf
08:29:32.420 [FXGL Background Thread 3 ] DEBUG Engine               - fontUI: VarelaRound-Regular.ttf
08:29:32.420 [FXGL Background Thread 3 ] DEBUG Engine               - fullScreen: BooleanProperty [value: false]
08:29:32.420 [FXGL Background Thread 3 ] DEBUG Engine               - gameDifficulty: MEDIUM
08:29:32.420 [FXGL Background Thread 3 ] DEBUG Engine               - gameDifficultyProperty: ObjectProperty [value: MEDIUM]
08:29:32.420 [FXGL Background Thread 3 ] DEBUG Engine               - globalMusicVolume: 0.5
08:29:32.421 [FXGL Background Thread 3 ] DEBUG Engine               - globalMusicVolumeProperty: DoubleProperty [value: 0.5]
08:29:32.421 [FXGL Background Thread 3 ] DEBUG Engine               - globalSoundVolume: 0.5
08:29:32.421 [FXGL Background Thread 3 ] DEBUG Engine               - globalSoundVolumeProperty: DoubleProperty [value: 0.5]
08:29:32.421 [FXGL Background Thread 3 ] DEBUG Engine               - height: 600
08:29:32.421 [FXGL Background Thread 3 ] DEBUG Engine               - is3D: false
08:29:32.421 [FXGL Background Thread 3 ] DEBUG Engine               - isAndroid: false
08:29:32.421 [FXGL Background Thread 3 ] DEBUG Engine               - isBrowser: false
08:29:32.421 [FXGL Background Thread 3 ] DEBUG Engine               - isClickFeedbackEnabled: false
08:29:32.421 [FXGL Background Thread 3 ] DEBUG Engine               - isCloseConfirmation: false
08:29:32.421 [FXGL Background Thread 3 ] DEBUG Engine               - isDesktop: true
08:29:32.421 [FXGL Background Thread 3 ] DEBUG Engine               - isDeveloperMenuEnabled: false
08:29:32.421 [FXGL Background Thread 3 ] DEBUG Engine               - isEmbedded: false
08:29:32.421 [FXGL Background Thread 3 ] DEBUG Engine               - isEntityPreloadEnabled: true
08:29:32.421 [FXGL Background Thread 3 ] DEBUG Engine               - isExperimentalTiledLargeMap: false
08:29:32.421 [FXGL Background Thread 3 ] DEBUG Engine               - isFileSystemWriteAllowed: true
08:29:32.421 [FXGL Background Thread 3 ] DEBUG Engine               - isFullScreenAllowed: false
08:29:32.421 [FXGL Background Thread 3 ] DEBUG Engine               - isFullScreenFromStart: false
08:29:32.421 [FXGL Background Thread 3 ] DEBUG Engine               - isGameMenuEnabled: true
08:29:32.422 [FXGL Background Thread 3 ] DEBUG Engine               - isIOS: false
08:29:32.422 [FXGL Background Thread 3 ] DEBUG Engine               - isIntroEnabled: false
08:29:32.422 [FXGL Background Thread 3 ] DEBUG Engine               - isLinux: false
08:29:32.422 [FXGL Background Thread 3 ] DEBUG Engine               - isMac: false
08:29:32.422 [FXGL Background Thread 3 ] DEBUG Engine               - isMainMenuEnabled: false
08:29:32.422 [FXGL Background Thread 3 ] DEBUG Engine               - isManualResizeEnabled: false
08:29:32.422 [FXGL Background Thread 3 ] DEBUG Engine               - isMobile: false
08:29:32.422 [FXGL Background Thread 3 ] DEBUG Engine               - isNative: false
08:29:32.422 [FXGL Background Thread 3 ] DEBUG Engine               - isPauseMusicWhenMinimized: true
08:29:32.422 [FXGL Background Thread 3 ] DEBUG Engine               - isPreserveResizeRatio: false
08:29:32.422 [FXGL Background Thread 3 ] DEBUG Engine               - isProfilingEnabled: false
08:29:32.422 [FXGL Background Thread 3 ] DEBUG Engine               - isScaleAffectedOnResize: true
08:29:32.422 [FXGL Background Thread 3 ] DEBUG Engine               - isSingleStep: false
08:29:32.422 [FXGL Background Thread 3 ] DEBUG Engine               - isUserProfileEnabled: false
08:29:32.422 [FXGL Background Thread 3 ] DEBUG Engine               - isWindows: true
08:29:32.422 [FXGL Background Thread 3 ] DEBUG Engine               - language: ObjectProperty [value: ENGLISH]
08:29:32.422 [FXGL Background Thread 3 ] DEBUG Engine               - menuKey: ESCAPE
08:29:32.422 [FXGL Background Thread 3 ] DEBUG Engine               - mouseSensitivity: 0.2
08:29:32.422 [FXGL Background Thread 3 ] DEBUG Engine               - notificationViewClass: class com.almasb.fxgl.notification.view.XboxNotificationView
08:29:32.422 [FXGL Background Thread 3 ] DEBUG Engine               - pixelsPerMeter: 50.0
08:29:32.422 [FXGL Background Thread 3 ] DEBUG Engine               - platform: WINDOWS
08:29:32.422 [FXGL Background Thread 3 ] DEBUG Engine               - prefHeightProperty: ReadOnlyDoubleProperty [value: 600.0]
08:29:32.423 [FXGL Background Thread 3 ] DEBUG Engine               - prefWidthProperty: ReadOnlyDoubleProperty [value: 800.0]
08:29:32.423 [FXGL Background Thread 3 ] DEBUG Engine               - profileDir: profiles/
08:29:32.423 [FXGL Background Thread 3 ] DEBUG Engine               - profileName: StringProperty [value: DEFAULT]
08:29:32.423 [FXGL Background Thread 3 ] DEBUG Engine               - randomSeed: -1
08:29:32.423 [FXGL Background Thread 3 ] DEBUG Engine               - runtimeInfo: RuntimeInfo(platform=WINDOWS, version=17.3, build=30.03.2023 11.49)
08:29:32.423 [FXGL Background Thread 3 ] DEBUG Engine               - saveFileExt: sav
08:29:32.423 [FXGL Background Thread 3 ] DEBUG Engine               - scaledHeightProp$fxgl: DoubleProperty [bound, value: 600.0]
08:29:32.423 [FXGL Background Thread 3 ] DEBUG Engine               - scaledWidthProp$fxgl: DoubleProperty [bound, value: 800.0]
08:29:32.423 [FXGL Background Thread 3 ] DEBUG Engine               - sceneFactory: com.almasb.fxgl.app.scene.SceneFactory@6324bb9b
08:29:32.423 [FXGL Background Thread 3 ] DEBUG Engine               - secondsIn24h: 60
08:29:32.423 [FXGL Background Thread 3 ] DEBUG Engine               - soundMenuBack: menu/back.wav
08:29:32.423 [FXGL Background Thread 3 ] DEBUG Engine               - soundMenuPress: menu/press.wav
08:29:32.423 [FXGL Background Thread 3 ] DEBUG Engine               - soundMenuSelect: menu/select.wav
08:29:32.423 [FXGL Background Thread 3 ] DEBUG Engine               - soundNotification: core/notification.wav
08:29:32.424 [FXGL Background Thread 3 ] DEBUG Engine               - stageStyle: DECORATED
08:29:32.424 [FXGL Background Thread 3 ] DEBUG Engine               - supportedLanguages: [ENGLISH, FRENCH, GERMAN, HUNGARIAN, RUSSIAN]
08:29:32.424 [FXGL Background Thread 3 ] DEBUG Engine               - ticksPerSecond: -1
08:29:32.424 [FXGL Background Thread 3 ] DEBUG Engine               - title: HTL Mario Test
08:29:32.424 [FXGL Background Thread 3 ] DEBUG Engine               - urlGithub: https://github.com/AlmasB/FXGL
08:29:32.424 [FXGL Background Thread 3 ] DEBUG Engine               - urlLeaderboard: http://fxgl-top.herokuapp.com/
08:29:32.424 [FXGL Background Thread 3 ] DEBUG Engine               - urlPOM: https://raw.githubusercontent.com/AlmasB/FXGL/release/README.md
08:29:32.424 [FXGL Background Thread 3 ] DEBUG Engine               - userAppClass: class at.htl.spiel.MarioLevel
08:29:32.424 [FXGL Background Thread 3 ] DEBUG Engine               - version: 1.0
08:29:32.424 [FXGL Background Thread 3 ] DEBUG Engine               - versionCheckDays: 7
08:29:32.424 [FXGL Background Thread 3 ] DEBUG Engine               - width: 800
08:29:32.424 [FXGL Background Thread 3 ] DEBUG Engine               - Logging services
08:29:32.424 [FXGL Background Thread 3 ] DEBUG Engine               - class com.almasb.fxgl.app.services.FXGLAssetLoaderService
08:29:32.424 [FXGL Background Thread 3 ] DEBUG Engine               - class com.almasb.fxgl.app.FXGLApplication$GameApplicationService
08:29:32.424 [FXGL Background Thread 3 ] DEBUG Engine               - class com.almasb.fxgl.app.services.FXGLDialogService
08:29:32.424 [FXGL Background Thread 3 ] DEBUG Engine               - class com.almasb.fxgl.app.services.IOTaskExecutorService
08:29:32.424 [FXGL Background Thread 3 ] DEBUG Engine               - class com.almasb.fxgl.io.FileSystemService
08:29:32.424 [FXGL Background Thread 3 ] DEBUG Engine               - class com.almasb.fxgl.localization.LocalizationService
08:29:32.424 [FXGL Background Thread 3 ] DEBUG Engine               - class com.almasb.fxgl.app.services.SystemBundleService
08:29:32.424 [FXGL Background Thread 3 ] DEBUG Engine               - class com.almasb.fxgl.profile.SaveLoadService
08:29:32.424 [FXGL Background Thread 3 ] DEBUG Engine               - class com.almasb.fxgl.ui.FXGLUIFactoryServiceProvider
08:29:32.424 [FXGL Background Thread 3 ] DEBUG Engine               - class com.almasb.fxgl.ui.FXGLDialogFactoryServiceProvider
08:29:32.424 [FXGL Background Thread 3 ] DEBUG Engine               - class com.almasb.fxgl.audio.AudioPlayer
08:29:32.424 [FXGL Background Thread 3 ] DEBUG Engine               - class com.almasb.fxgl.notification.impl.NotificationServiceProvider
08:29:32.424 [FXGL Background Thread 3 ] DEBUG Engine               - class com.almasb.fxgl.achievement.AchievementService
08:29:32.424 [FXGL Background Thread 3 ] DEBUG Engine               - class com.almasb.fxgl.cutscene.CutsceneService
08:29:32.424 [FXGL Background Thread 3 ] DEBUG Engine               - class com.almasb.fxgl.minigames.MiniGameService
08:29:32.424 [FXGL Background Thread 3 ] DEBUG Engine               - class com.almasb.fxgl.net.NetService
08:29:32.424 [FXGL Background Thread 3 ] DEBUG Engine               - class com.almasb.fxgl.app.services.UpdaterService
08:29:32.424 [FXGL Background Thread 3 ] DEBUG Engine               - class com.almasb.fxgl.dev.DevService
08:29:48.559 [JavaFX Application Thread] DEBUG FXGLApplication      - Exiting FXGL
08:29:48.559 [JavaFX Application Thread] DEBUG LoopRunner           - Stopping loop
08:29:48.560 [JavaFX Application Thread] DEBUG SystemBundleService  - Saving FXGL system data
08:29:48.574 [JavaFX Application Thread] DEBUG FileSystemAccess     - Writing to: C:\Users\makim\OneDrive - HTL Saalfelden\3AHINF 2025_2026\POS\Spiel\system\fxgl.bundle
08:29:48.578 [JavaFX Application Thread] DEBUG Async                - Shutting down background threads
08:29:48.579 [JavaFX Application Thread] DEBUG PrimaryStageWindow   - Closing main window
08:29:48.608 [JavaFX Application Thread] DEBUG Logger               - Closing Logger
