10:18:33.234 [main                     ] DEBUG Logger               - Configured Logger
10:18:33.253 [main                     ] DEBUG GameApplication      - Logging settings
Title: HTL Mario - No Physics
Version: 0.0
Width: 1280
Height: 720
Fullscreen: false
Intro: false
Profiling: false
Single step:false
App Mode: DEVELOPER
Menu Key: ESCAPE
Stage Style: DECORATED
Scene Factory: class com.almasb.fxgl.app.scene.SceneFactory

10:18:33.957 [JavaFX Application Thread] DEBUG FXGLApplication      - Initializing FXGL
10:18:33.962 [JavaFX Application Thread] INFO  Engine               - FXGL-17.3 (30.03.2023 11.49) on WINDOWS (J:24.0.2 FX:21.0.2)
10:18:33.963 [JavaFX Application Thread] DEBUG Engine               - JRE Vendor Name: Amazon.com Inc.
10:18:33.963 [JavaFX Application Thread] DEBUG Engine               - Running on OS: Windows 11 version 10.0
10:18:33.963 [JavaFX Application Thread] DEBUG Engine               - Architecture: amd64
10:18:33.963 [JavaFX Application Thread] INFO  Engine               - Source code and latest versions at: https://github.com/AlmasB/FXGL
10:18:33.963 [JavaFX Application Thread] INFO  Engine               -       Ask questions and discuss at: https://github.com/AlmasB/FXGL/discussions
10:18:33.963 [JavaFX Application Thread] INFO  Engine               -              Join the FXGL chat at: https://gitter.im/AlmasB/FXGL
10:18:34.178 [JavaFX Application Thread] DEBUG PrimaryStageWindow   - Creating a JavaFX scene
10:18:34.279 [JavaFX Application Thread] DEBUG PrimaryStageWindow   - Target settings size: 1280.0 x 720.0
10:18:34.279 [JavaFX Application Thread] DEBUG PrimaryStageWindow   - Scaled scene size:    1280.0 x 720.0
10:18:34.279 [JavaFX Application Thread] DEBUG PrimaryStageWindow   - Scaled ratio: (1.0, 1.0)
10:18:34.281 [JavaFX Application Thread] DEBUG PrimaryStageWindow   - Set initial scene to FXGLStartupScene
10:18:34.288 [JavaFX Application Thread] DEBUG PrimaryStageWindow   - Opening main window
10:18:34.453 [JavaFX Application Thread] DEBUG PrimaryStageWindow   - Window border size: (14.4000244140625, 37.5999755859375)
10:18:34.453 [JavaFX Application Thread] DEBUG PrimaryStageWindow   - Scaled size: 1280.0 x 720.0
10:18:34.453 [JavaFX Application Thread] DEBUG PrimaryStageWindow   - Scaled ratio: (1.0, 1.0)
10:18:34.454 [JavaFX Application Thread] DEBUG PrimaryStageWindow   - Scene size: 1280.0 x 720.0
10:18:34.454 [JavaFX Application Thread] DEBUG PrimaryStageWindow   - Stage size: 1294.4000244140625 x 757.5999755859375
10:18:34.471 [FXGL Background Thread 1 ] DEBUG Engine               - Initializing environment variables
10:18:34.599 [FXGL Background Thread 1 ] DEBUG FXGLAssetLoaderServi - User app class for loading assets: class at.htl.spiel.MarioLevel
10:18:34.599 [FXGL Background Thread 1 ] DEBUG GameApplicationServi - Applying CSS: fxgl_dark.css
10:18:34.601 [FXGL Background Thread 1 ] DEBUG FXGLAssetLoaderServi - Loading from file system: jar:file:/C:/Users/makim/.m2/repository/com/github/almasb/fxgl/17.3/fxgl-17.3.jar!/fxglassets/ui/css/fxgl_dark.css
10:18:34.689 [FXGL Background Thread 1 ] DEBUG GameApplicationServi - Initializing application scenes
10:18:34.777 [FXGL Background Thread 1 ] DEBUG GameWorld            - Game world initialized
10:18:34.897 [FXGL Background Thread 1 ] DEBUG PhysicsWorld         - Physics world initialized: appHeight=720, physics.ppm=50,0
10:18:34.897 [FXGL Background Thread 1 ] DEBUG PhysicsWorld         - Using strategy: BRUTE_FORCE
10:18:34.904 [FXGL Background Thread 1 ] DEBUG GameScene            - Game scene initialized: 1280x720
10:18:34.923 [FXGL Background Thread 1 ] DEBUG FXGL.DefaultMenu     - createMenuBodyGameMenu()
10:18:34.960 [FXGL Background Thread 1 ] DEBUG FXGL.DefaultMenu     - createOptionsMenu()
10:18:34.981 [FXGL Background Thread 1 ] DEBUG FXGLAssetLoaderServi - Loading from file system: jar:file:/C:/Users/makim/.m2/repository/com/github/almasb/fxgl/17.3/fxgl-17.3.jar!/fxglassets/textures/particles/smoke.png
10:18:35.133 [FXGL Background Thread 1 ] DEBUG FXGLAssetLoaderServi - Loading from file system: jar:file:/C:/Users/makim/.m2/repository/com/github/almasb/fxgl/17.3/fxgl-17.3.jar!/fxglassets/textures/particles/trace_horizontal.png
10:18:35.177 [FXGL Background Thread 1 ] DEBUG GameApplicationServi - Application scenes initialized
10:18:35.198 [FXGL Background Thread 1 ] DEBUG SystemBundleService  - Loading FXGL system data
10:18:35.204 [FXGL Background Thread 1 ] DEBUG FileSystemAccess     - Reading from: C:\Users\makim\OneDrive - HTL Saalfelden\3AHINF 2025_2026\POS\Spiel\system\fxgl.bundle
10:18:35.212 [FXGL Background Thread 1 ] DEBUG SystemBundleService  - Bundle FXGL: {}
10:18:35.212 [FXGL Background Thread 1 ] DEBUG UpdaterService       - Checking for updates
10:18:35.220 [FXGL Background Thread 4 ] DEBUG FXGLApplication      - Loading fonts
10:18:35.221 [FXGL Background Thread 4 ] DEBUG FXGLAssetLoaderServi - Loading from file system: jar:file:/C:/Users/makim/.m2/repository/com/github/almasb/fxgl/17.3/fxgl-17.3.jar!/fxglassets/ui/fonts/VarelaRound-Regular.ttf
10:18:35.221 [FXGL Background Thread 1 ] DEBUG FXGLApplication      - Loading default localization
10:18:35.222 [FXGL Background Thread 1 ] DEBUG FXGLAssetLoaderServi - Loading from file system: jar:file:/C:/Users/makim/.m2/repository/com/github/almasb/fxgl/17.3/fxgl-17.3.jar!/fxglassets/languages/english.lang
10:18:35.261 [FXGL Background Thread 1 ] INFO  FXGLApplication      - FXGL initialization took: 0,789 sec
10:18:35.281 [JavaFX Application Thread] DEBUG Input                - Registered new binding: action0 - D
10:18:35.283 [JavaFX Application Thread] DEBUG Input                - Registered new binding: action1 - A
10:18:35.283 [JavaFX Application Thread] DEBUG Input                - Registered new binding: action2 - W
10:18:35.284 [JavaFX Application Thread] DEBUG FXGLAssetLoaderServi - Loading from file system: jar:file:/C:/Users/makim/.m2/repository/com/github/almasb/fxgl/17.3/fxgl-17.3.jar!/fxglassets/textures/fxgl_icon.png
10:18:35.306 [FXGL Background Thread 4 ] DEBUG FXGLAssetLoaderServi - Loading from file system: jar:file:/C:/Users/makim/.m2/repository/com/github/almasb/fxgl/17.3/fxgl-17.3.jar!/fxglassets/ui/fonts/Abel-Regular.ttf
10:18:35.327 [JavaFX Application Thread] DEBUG FXGLAssetLoaderServi - Loading from file system: jar:file:/C:/Users/makim/.m2/repository/com/github/almasb/fxgl/17.3/fxgl-17.3.jar!/fxglassets/textures/fxgl_default_cursor.png
10:18:35.329 [FXGL Background Thread 4 ] DEBUG FXGLAssetLoaderServi - Loading from file system: jar:file:/C:/Users/makim/.m2/repository/com/github/almasb/fxgl/17.3/fxgl-17.3.jar!/fxglassets/ui/fonts/TerminalLandMono-Regular.otf
10:18:35.332 [JavaFX Application Thread] DEBUG Input                - Registered new binding: Screenshot - CTRL+8
10:18:35.333 [JavaFX Application Thread] DEBUG Input                - Registered new binding: System info dump - CTRL+9
10:18:35.334 [JavaFX Application Thread] DEBUG Input                - Registered new binding: Restart - CTRL+R
10:18:35.336 [JavaFX Application Thread] DEBUG Input                - Registered new binding: Toggle Debug Camera - CTRL+7
10:18:35.343 [JavaFX Application Thread] DEBUG LoopRunner           - Starting loop
10:18:35.343 [JavaFX Application Thread] DEBUG LoopRunner           - Initializing JavaFX AnimationTimerLoop
10:18:35.349 [JavaFX Application Thread] DEBUG GameApplicationServi - Starting new game
10:18:35.350 [JavaFX Application Thread] DEBUG Input                - Clearing active input actions
10:18:35.352 [FXGL Background Thread 4 ] DEBUG FXGLAssetLoaderServi - Loading from file system: jar:file:/C:/Users/makim/.m2/repository/com/github/almasb/fxgl/17.3/fxgl-17.3.jar!/fxglassets/ui/fonts/Courier-Prime.ttf
10:18:35.376 [JavaFX Application Thread] DEBUG GameApplicationServi - Removing overlay from FXGLStartupScene and adding to FXGLLoadingScene
10:18:35.377 [JavaFX Application Thread] DEBUG PrimaryStageWindow   - FXGLStartupScene -> FXGLLoadingScene
10:18:35.377 [JavaFX Application Thread] DEBUG GameApplicationServi - Clearing previous game
10:18:35.378 [JavaFX Application Thread] DEBUG GameScene            - Clearing game scene
10:18:35.378 [JavaFX Application Thread] DEBUG GameWorld            - Clearing game world
10:18:35.378 [JavaFX Application Thread] DEBUG PhysicsWorld         - Clearing physics world
10:18:35.381 [FXGL Background Thread 1 ] DEBUG FXGLApplication      - Initializing game
10:18:35.476 [JavaFX Application Thread] DEBUG FXGLApplication      - Registering font factories with UI factory
10:18:35.563 [FXGL Background Thread 1 ] WARN  TMXLevelLoader       - TiledMap generated from 1.11.2. Supported version: 1.9.0. Some features may not be parsed fully.
10:18:35.579 [FXGL Background Thread 1 ] DEBUG TMXLevelLoader       - Parsed TiledMap: file:/C:/Users/makim/OneDrive%20-%20HTL%20Saalfelden/3AHINF%202025_2026/POS/Spiel/target/classes/assets/levels/level1.tmx
10:18:35.581 [FXGL Background Thread 1 ] DEBUG TMXLevelLoader       - Creating tile layer entities
10:18:35.585 [FXGL Background Thread 1 ] DEBUG TilesetLoader        - Loading view for layer ground
10:18:35.586 [FXGL Background Thread 1 ] DEBUG TilesetLoader        - Created buffer with size 1600.0x240.0
10:18:35.588 [FXGL Background Thread 1 ] DEBUG TilesetLoader        - Loading view for layer Deko
10:18:35.588 [FXGL Background Thread 1 ] DEBUG TilesetLoader        - Created buffer with size 1600.0x240.0
10:18:35.636 [FXGL Background Thread 1 ] DEBUG TilesetLoader        - Loading view for layer Vordergrund
10:18:35.636 [FXGL Background Thread 1 ] DEBUG TilesetLoader        - Created buffer with size 1600.0x240.0
10:18:35.641 [FXGL Background Thread 1 ] DEBUG TMXLevelLoader       - Creating object layer entities
10:18:35.647 [FXGL Background Thread 1 ] WARN  TMXLevelLoader       - Parse error
java.lang.IllegalArgumentException: No EntityFactory has a method annotated @Spawns()
	at com.almasb.fxgl.entity.GameWorld.create(GameWorld.kt:413)
	at com.almasb.fxgl.entity.level.tiled.TMXLevelLoader.createObjectLayerEntities(TMXLevelLoader.kt:155)
	at com.almasb.fxgl.entity.level.tiled.TMXLevelLoader.load(TMXLevelLoader.kt:60)
	at com.almasb.fxgl.app.services.FXGLAssetLoaderService.loadLevel(FXGLAssetLoaderService.kt:430)
	at com.almasb.fxgl.dsl.FXGL$Companion.setLevelFromMap(FXGL.kt:634)
	at com.almasb.fxgl.dsl.FXGL.setLevelFromMap(FXGL.kt)
	at at.htl.spiel.MarioLevel.initGame(MarioLevel.java:41)
	at com.almasb.fxgl.app.FXGLApplication$InitAppTask.initGame(FXGLApplication.kt:339)
	at com.almasb.fxgl.app.FXGLApplication$InitAppTask.call(FXGLApplication.kt:319)
	at com.almasb.fxgl.app.FXGLApplication$InitAppTask.call(FXGLApplication.kt:311)
	at javafx.concurrent.Task$TaskCallable.call(Task.java:1399)
	at java.base/java.util.concurrent.FutureTask.run(FutureTask.java:328)
	at java.base/java.util.concurrent.Executors$RunnableAdapter.call(Executors.java:545)
	at java.base/java.util.concurrent.FutureTask.run(FutureTask.java:328)
	at java.base/java.util.concurrent.ThreadPoolExecutor.runWorker(ThreadPoolExecutor.java:1095)
	at java.base/java.util.concurrent.ThreadPoolExecutor$Worker.run(ThreadPoolExecutor.java:619)
	at java.base/java.lang.Thread.run(Thread.java:1447)

10:18:35.651 [FXGL Background Thread 1 ] INFO  FXGLApplication      - Game initialization took: 0,269 sec
10:18:35.695 [JavaFX Application Thread] DEBUG Input                - Clearing active input actions
10:18:35.710 [JavaFX Application Thread] DEBUG GameApplicationServi - Removing overlay from FXGLLoadingScene and adding to GameScene
10:18:35.710 [JavaFX Application Thread] DEBUG PrimaryStageWindow   - FXGLLoadingScene -> GameScene
10:18:36.045 [FXGL Background Thread 2 ] INFO  UpdaterService       - Your current version:  17.3
10:18:36.046 [FXGL Background Thread 2 ] INFO  UpdaterService       - Latest stable version: 25
10:18:38.218 [FXGL Background Thread 3 ] DEBUG Engine               - Logging environment variables
10:18:38.219 [FXGL Background Thread 3 ] DEBUG Engine               - achievements: []
10:18:38.219 [FXGL Background Thread 3 ] DEBUG Engine               - actualHeight: 720.0
10:18:38.219 [FXGL Background Thread 3 ] DEBUG Engine               - actualHeightProperty: ReadOnlyDoubleProperty [value: 720.0]
10:18:38.219 [FXGL Background Thread 3 ] DEBUG Engine               - actualWidth: 1280.0
10:18:38.219 [FXGL Background Thread 3 ] DEBUG Engine               - actualWidthProperty: ReadOnlyDoubleProperty [value: 1280.0]
10:18:38.219 [FXGL Background Thread 3 ] DEBUG Engine               - appIcon: fxgl_icon.png
10:18:38.219 [FXGL Background Thread 3 ] DEBUG Engine               - applicationMode: DEVELOPER
10:18:38.219 [FXGL Background Thread 3 ] DEBUG Engine               - cSSList: [fxgl_dark.css]
10:18:38.219 [FXGL Background Thread 3 ] DEBUG Engine               - collisionDetectionStrategy: BRUTE_FORCE
10:18:38.219 [FXGL Background Thread 3 ] DEBUG Engine               - configClass: Optional.empty
10:18:38.219 [FXGL Background Thread 3 ] DEBUG Engine               - credits: []
10:18:38.220 [FXGL Background Thread 3 ] DEBUG Engine               - defaultCursor: CursorInfo(imageName=fxgl_default_cursor.png, hotspotX=7.0, hotspotY=6.0)
10:18:38.220 [FXGL Background Thread 3 ] DEBUG Engine               - devBBoxColorProperty: ObjectProperty [value: 0xff0000ff]
10:18:38.220 [FXGL Background Thread 3 ] DEBUG Engine               - devEnableDebugCameraProperty: BooleanProperty [value: false]
10:18:38.220 [FXGL Background Thread 3 ] DEBUG Engine               - devSensorColorProperty: ObjectProperty [value: 0xffff00ff]
10:18:38.220 [FXGL Background Thread 3 ] DEBUG Engine               - devShowBBoxProperty: BooleanProperty [value: false]
10:18:38.220 [FXGL Background Thread 3 ] DEBUG Engine               - devShowPositionProperty: BooleanProperty [value: false]
10:18:38.220 [FXGL Background Thread 3 ] DEBUG Engine               - enabledMenuItems: []
10:18:38.221 [FXGL Background Thread 3 ] DEBUG Engine               - engineServices: [class com.almasb.fxgl.app.services.FXGLAssetLoaderService, class com.almasb.fxgl.app.FXGLApplication$GameApplicationService, class com.almasb.fxgl.app.services.FXGLDialogService, class com.almasb.fxgl.app.services.IOTaskExecutorService, class com.almasb.fxgl.io.FileSystemService, class com.almasb.fxgl.localization.LocalizationService, class com.almasb.fxgl.app.services.SystemBundleService, class com.almasb.fxgl.profile.SaveLoadService, class com.almasb.fxgl.ui.FXGLUIFactoryServiceProvider, class com.almasb.fxgl.ui.FXGLDialogFactoryServiceProvider, class com.almasb.fxgl.audio.AudioPlayer, class com.almasb.fxgl.notification.impl.NotificationServiceProvider, class com.almasb.fxgl.achievement.AchievementService, class com.almasb.fxgl.cutscene.CutsceneService, class com.almasb.fxgl.minigames.MiniGameService, class com.almasb.fxgl.net.NetService, class com.almasb.fxgl.app.services.UpdaterService, class com.almasb.fxgl.dev.DevService]
10:18:38.221 [FXGL Background Thread 3 ] DEBUG Engine               - fontGame: Abel-Regular.ttf
10:18:38.221 [FXGL Background Thread 3 ] DEBUG Engine               - fontMono: TerminalLandMono-Regular.otf
10:18:38.221 [FXGL Background Thread 3 ] DEBUG Engine               - fontSizeScaleUI: 1.0
10:18:38.221 [FXGL Background Thread 3 ] DEBUG Engine               - fontText: Courier-Prime.ttf
10:18:38.221 [FXGL Background Thread 3 ] DEBUG Engine               - fontUI: VarelaRound-Regular.ttf
10:18:38.221 [FXGL Background Thread 3 ] DEBUG Engine               - fullScreen: BooleanProperty [value: false]
10:18:38.221 [FXGL Background Thread 3 ] DEBUG Engine               - gameDifficulty: MEDIUM
10:18:38.221 [FXGL Background Thread 3 ] DEBUG Engine               - gameDifficultyProperty: ObjectProperty [value: MEDIUM]
10:18:38.221 [FXGL Background Thread 3 ] DEBUG Engine               - globalMusicVolume: 0.5
10:18:38.221 [FXGL Background Thread 3 ] DEBUG Engine               - globalMusicVolumeProperty: DoubleProperty [value: 0.5]
10:18:38.221 [FXGL Background Thread 3 ] DEBUG Engine               - globalSoundVolume: 0.5
10:18:38.221 [FXGL Background Thread 3 ] DEBUG Engine               - globalSoundVolumeProperty: DoubleProperty [value: 0.5]
10:18:38.221 [FXGL Background Thread 3 ] DEBUG Engine               - height: 720
10:18:38.222 [FXGL Background Thread 3 ] DEBUG Engine               - is3D: false
10:18:38.222 [FXGL Background Thread 3 ] DEBUG Engine               - isAndroid: false
10:18:38.222 [FXGL Background Thread 3 ] DEBUG Engine               - isBrowser: false
10:18:38.222 [FXGL Background Thread 3 ] DEBUG Engine               - isClickFeedbackEnabled: false
10:18:38.222 [FXGL Background Thread 3 ] DEBUG Engine               - isCloseConfirmation: false
10:18:38.222 [FXGL Background Thread 3 ] DEBUG Engine               - isDesktop: true
10:18:38.222 [FXGL Background Thread 3 ] DEBUG Engine               - isDeveloperMenuEnabled: false
10:18:38.222 [FXGL Background Thread 3 ] DEBUG Engine               - isEmbedded: false
10:18:38.222 [FXGL Background Thread 3 ] DEBUG Engine               - isEntityPreloadEnabled: true
10:18:38.222 [FXGL Background Thread 3 ] DEBUG Engine               - isExperimentalTiledLargeMap: false
10:18:38.222 [FXGL Background Thread 3 ] DEBUG Engine               - isFileSystemWriteAllowed: true
10:18:38.222 [FXGL Background Thread 3 ] DEBUG Engine               - isFullScreenAllowed: false
10:18:38.222 [FXGL Background Thread 3 ] DEBUG Engine               - isFullScreenFromStart: false
10:18:38.223 [FXGL Background Thread 3 ] DEBUG Engine               - isGameMenuEnabled: true
10:18:38.223 [FXGL Background Thread 3 ] DEBUG Engine               - isIOS: false
10:18:38.223 [FXGL Background Thread 3 ] DEBUG Engine               - isIntroEnabled: false
10:18:38.223 [FXGL Background Thread 3 ] DEBUG Engine               - isLinux: false
10:18:38.223 [FXGL Background Thread 3 ] DEBUG Engine               - isMac: false
10:18:38.223 [FXGL Background Thread 3 ] DEBUG Engine               - isMainMenuEnabled: false
10:18:38.223 [FXGL Background Thread 3 ] DEBUG Engine               - isManualResizeEnabled: false
10:18:38.223 [FXGL Background Thread 3 ] DEBUG Engine               - isMobile: false
10:18:38.223 [FXGL Background Thread 3 ] DEBUG Engine               - isNative: false
10:18:38.223 [FXGL Background Thread 3 ] DEBUG Engine               - isPauseMusicWhenMinimized: true
10:18:38.223 [FXGL Background Thread 3 ] DEBUG Engine               - isPreserveResizeRatio: false
10:18:38.223 [FXGL Background Thread 3 ] DEBUG Engine               - isProfilingEnabled: false
10:18:38.223 [FXGL Background Thread 3 ] DEBUG Engine               - isScaleAffectedOnResize: true
10:18:38.223 [FXGL Background Thread 3 ] DEBUG Engine               - isSingleStep: false
10:18:38.223 [FXGL Background Thread 3 ] DEBUG Engine               - isUserProfileEnabled: false
10:18:38.224 [FXGL Background Thread 3 ] DEBUG Engine               - isWindows: true
10:18:38.224 [FXGL Background Thread 3 ] DEBUG Engine               - language: ObjectProperty [value: ENGLISH]
10:18:38.224 [FXGL Background Thread 3 ] DEBUG Engine               - menuKey: ESCAPE
10:18:38.224 [FXGL Background Thread 3 ] DEBUG Engine               - mouseSensitivity: 0.2
10:18:38.224 [FXGL Background Thread 3 ] DEBUG Engine               - notificationViewClass: class com.almasb.fxgl.notification.view.XboxNotificationView
10:18:38.224 [FXGL Background Thread 3 ] DEBUG Engine               - pixelsPerMeter: 50.0
10:18:38.224 [FXGL Background Thread 3 ] DEBUG Engine               - platform: WINDOWS
10:18:38.224 [FXGL Background Thread 3 ] DEBUG Engine               - prefHeightProperty: ReadOnlyDoubleProperty [value: 720.0]
10:18:38.224 [FXGL Background Thread 3 ] DEBUG Engine               - prefWidthProperty: ReadOnlyDoubleProperty [value: 1280.0]
10:18:38.224 [FXGL Background Thread 3 ] DEBUG Engine               - profileDir: profiles/
10:18:38.224 [FXGL Background Thread 3 ] DEBUG Engine               - profileName: StringProperty [value: DEFAULT]
10:18:38.224 [FXGL Background Thread 3 ] DEBUG Engine               - randomSeed: -1
10:18:38.225 [FXGL Background Thread 3 ] DEBUG Engine               - runtimeInfo: RuntimeInfo(platform=WINDOWS, version=17.3, build=30.03.2023 11.49)
10:18:38.225 [FXGL Background Thread 3 ] DEBUG Engine               - saveFileExt: sav
10:18:38.225 [FXGL Background Thread 3 ] DEBUG Engine               - scaledHeightProp$fxgl: DoubleProperty [bound, value: 720.0]
10:18:38.225 [FXGL Background Thread 3 ] DEBUG Engine               - scaledWidthProp$fxgl: DoubleProperty [bound, value: 1280.0]
10:18:38.225 [FXGL Background Thread 3 ] DEBUG Engine               - sceneFactory: com.almasb.fxgl.app.scene.SceneFactory@cc66e03
10:18:38.225 [FXGL Background Thread 3 ] DEBUG Engine               - secondsIn24h: 60
10:18:38.225 [FXGL Background Thread 3 ] DEBUG Engine               - soundMenuBack: menu/back.wav
10:18:38.225 [FXGL Background Thread 3 ] DEBUG Engine               - soundMenuPress: menu/press.wav
10:18:38.225 [FXGL Background Thread 3 ] DEBUG Engine               - soundMenuSelect: menu/select.wav
10:18:38.225 [FXGL Background Thread 3 ] DEBUG Engine               - soundNotification: core/notification.wav
10:18:38.225 [FXGL Background Thread 3 ] DEBUG Engine               - stageStyle: DECORATED
10:18:38.225 [FXGL Background Thread 3 ] DEBUG Engine               - supportedLanguages: [ENGLISH, FRENCH, GERMAN, HUNGARIAN, RUSSIAN]
10:18:38.225 [FXGL Background Thread 3 ] DEBUG Engine               - ticksPerSecond: -1
10:18:38.225 [FXGL Background Thread 3 ] DEBUG Engine               - title: HTL Mario - No Physics
10:18:38.225 [FXGL Background Thread 3 ] DEBUG Engine               - urlGithub: https://github.com/AlmasB/FXGL
10:18:38.225 [FXGL Background Thread 3 ] DEBUG Engine               - urlLeaderboard: http://fxgl-top.herokuapp.com/
10:18:38.225 [FXGL Background Thread 3 ] DEBUG Engine               - urlPOM: https://raw.githubusercontent.com/AlmasB/FXGL/release/README.md
10:18:38.225 [FXGL Background Thread 3 ] DEBUG Engine               - userAppClass: class at.htl.spiel.MarioLevel
10:18:38.225 [FXGL Background Thread 3 ] DEBUG Engine               - version: 0.0
10:18:38.225 [FXGL Background Thread 3 ] DEBUG Engine               - versionCheckDays: 7
10:18:38.225 [FXGL Background Thread 3 ] DEBUG Engine               - width: 1280
10:18:38.225 [FXGL Background Thread 3 ] DEBUG Engine               - Logging services
10:18:38.225 [FXGL Background Thread 3 ] DEBUG Engine               - class com.almasb.fxgl.app.services.FXGLAssetLoaderService
10:18:38.226 [FXGL Background Thread 3 ] DEBUG Engine               - class com.almasb.fxgl.app.FXGLApplication$GameApplicationService
10:18:38.226 [FXGL Background Thread 3 ] DEBUG Engine               - class com.almasb.fxgl.app.services.FXGLDialogService
10:18:38.226 [FXGL Background Thread 3 ] DEBUG Engine               - class com.almasb.fxgl.app.services.IOTaskExecutorService
10:18:38.226 [FXGL Background Thread 3 ] DEBUG Engine               - class com.almasb.fxgl.io.FileSystemService
10:18:38.226 [FXGL Background Thread 3 ] DEBUG Engine               - class com.almasb.fxgl.localization.LocalizationService
10:18:38.226 [FXGL Background Thread 3 ] DEBUG Engine               - class com.almasb.fxgl.app.services.SystemBundleService
10:18:38.226 [FXGL Background Thread 3 ] DEBUG Engine               - class com.almasb.fxgl.profile.SaveLoadService
10:18:38.226 [FXGL Background Thread 3 ] DEBUG Engine               - class com.almasb.fxgl.ui.FXGLUIFactoryServiceProvider
10:18:38.226 [FXGL Background Thread 3 ] DEBUG Engine               - class com.almasb.fxgl.ui.FXGLDialogFactoryServiceProvider
10:18:38.226 [FXGL Background Thread 3 ] DEBUG Engine               - class com.almasb.fxgl.audio.AudioPlayer
10:18:38.226 [FXGL Background Thread 3 ] DEBUG Engine               - class com.almasb.fxgl.notification.impl.NotificationServiceProvider
10:18:38.226 [FXGL Background Thread 3 ] DEBUG Engine               - class com.almasb.fxgl.achievement.AchievementService
10:18:38.226 [FXGL Background Thread 3 ] DEBUG Engine               - class com.almasb.fxgl.cutscene.CutsceneService
10:18:38.226 [FXGL Background Thread 3 ] DEBUG Engine               - class com.almasb.fxgl.minigames.MiniGameService
10:18:38.226 [FXGL Background Thread 3 ] DEBUG Engine               - class com.almasb.fxgl.net.NetService
10:18:38.226 [FXGL Background Thread 3 ] DEBUG Engine               - class com.almasb.fxgl.app.services.UpdaterService
10:18:38.226 [FXGL Background Thread 3 ] DEBUG Engine               - class com.almasb.fxgl.dev.DevService
10:19:38.924 [JavaFX Application Thread] DEBUG FXGLApplication      - Exiting FXGL
10:19:38.924 [JavaFX Application Thread] DEBUG LoopRunner           - Stopping loop
10:19:38.924 [JavaFX Application Thread] DEBUG SystemBundleService  - Saving FXGL system data
10:19:38.930 [JavaFX Application Thread] DEBUG FileSystemAccess     - Writing to: C:\Users\makim\OneDrive - HTL Saalfelden\3AHINF 2025_2026\POS\Spiel\system\fxgl.bundle
10:19:38.934 [JavaFX Application Thread] DEBUG Async                - Shutting down background threads
10:19:38.934 [JavaFX Application Thread] DEBUG PrimaryStageWindow   - Closing main window
10:19:38.958 [JavaFX Application Thread] DEBUG Logger               - Closing Logger
