12:01:43.878 [main                     ] DEBUG Logger               - Configured Logger
12:01:43.905 [main                     ] DEBUG GameApplication      - Logging settings
Title: HTL Mario - Smooth Physics
Version: 0.0
Width: 1980
Height: 1080
Fullscreen: false
Intro: false
Profiling: false
Single step:false
App Mode: DEVELOPER
Menu Key: ESCAPE
Stage Style: DECORATED
Scene Factory: class com.almasb.fxgl.app.scene.SceneFactory

12:01:45.157 [JavaFX Application Thread] DEBUG FXGLApplication      - Initializing FXGL
12:01:45.163 [JavaFX Application Thread] INFO  Engine               - FXGL-17.3 (30.03.2023 11.49) on WINDOWS (J:24.0.2 FX:21.0.2)
12:01:45.164 [JavaFX Application Thread] DEBUG Engine               - JRE Vendor Name: Amazon.com Inc.
12:01:45.164 [JavaFX Application Thread] DEBUG Engine               - Running on OS: Windows 11 version 10.0
12:01:45.164 [JavaFX Application Thread] DEBUG Engine               - Architecture: amd64
12:01:45.164 [JavaFX Application Thread] INFO  Engine               - Source code and latest versions at: https://github.com/AlmasB/FXGL
12:01:45.165 [JavaFX Application Thread] INFO  Engine               -       Ask questions and discuss at: https://github.com/AlmasB/FXGL/discussions
12:01:45.165 [JavaFX Application Thread] INFO  Engine               -              Join the FXGL chat at: https://gitter.im/AlmasB/FXGL
12:01:45.430 [JavaFX Application Thread] DEBUG PrimaryStageWindow   - Creating a JavaFX scene
12:01:45.430 [JavaFX Application Thread] DEBUG PrimaryStageWindow   - Target size > screen size
12:01:45.569 [JavaFX Application Thread] DEBUG PrimaryStageWindow   - Target settings size: 1980.0 x 1080.0
12:01:45.569 [JavaFX Application Thread] DEBUG PrimaryStageWindow   - Scaled scene size:    1471.0 x 816.0
12:01:45.569 [JavaFX Application Thread] DEBUG PrimaryStageWindow   - Scaled ratio: (0.7429292929292929, 0.7555555555555555)
12:01:45.571 [JavaFX Application Thread] DEBUG PrimaryStageWindow   - Set initial scene to FXGLStartupScene
12:01:45.581 [JavaFX Application Thread] DEBUG PrimaryStageWindow   - Opening main window
12:01:45.816 [JavaFX Application Thread] DEBUG PrimaryStageWindow   - Window border size: (14.5999755859375, 37.5999755859375)
12:01:45.816 [JavaFX Application Thread] DEBUG PrimaryStageWindow   - Scaled size: 1471.0 x 816.0
12:01:45.817 [JavaFX Application Thread] DEBUG PrimaryStageWindow   - Scaled ratio: (0.7429292929292929, 0.7555555555555555)
12:01:45.817 [JavaFX Application Thread] DEBUG PrimaryStageWindow   - Scene size: 1471.0 x 816.0
12:01:45.818 [JavaFX Application Thread] DEBUG PrimaryStageWindow   - Stage size: 1485.5999755859375 x 853.5999755859375
12:01:45.841 [FXGL Background Thread 1 ] DEBUG Engine               - Initializing environment variables
12:01:46.017 [FXGL Background Thread 1 ] DEBUG FXGLAssetLoaderServi - User app class for loading assets: class at.htl.spiel.MarioLevel
12:01:46.018 [FXGL Background Thread 1 ] DEBUG GameApplicationServi - Applying CSS: fxgl_dark.css
12:01:46.020 [FXGL Background Thread 1 ] DEBUG FXGLAssetLoaderServi - Loading from file system: jar:file:/C:/Users/makim/.m2/repository/com/github/almasb/fxgl/17.3/fxgl-17.3.jar!/fxglassets/ui/css/fxgl_dark.css
12:01:46.159 [FXGL Background Thread 1 ] DEBUG GameApplicationServi - Initializing application scenes
12:01:46.254 [FXGL Background Thread 1 ] DEBUG GameWorld            - Game world initialized
12:01:46.416 [FXGL Background Thread 1 ] DEBUG PhysicsWorld         - Physics world initialized: appHeight=1080, physics.ppm=50,0
12:01:46.416 [FXGL Background Thread 1 ] DEBUG PhysicsWorld         - Using strategy: BRUTE_FORCE
12:01:46.428 [FXGL Background Thread 1 ] DEBUG GameScene            - Game scene initialized: 1980x1080
12:01:46.463 [FXGL Background Thread 1 ] DEBUG FXGL.DefaultMenu     - createMenuBodyGameMenu()
12:01:46.522 [FXGL Background Thread 1 ] DEBUG FXGL.DefaultMenu     - createOptionsMenu()
12:01:46.560 [FXGL Background Thread 1 ] DEBUG FXGLAssetLoaderServi - Loading from file system: jar:file:/C:/Users/makim/.m2/repository/com/github/almasb/fxgl/17.3/fxgl-17.3.jar!/fxglassets/textures/particles/smoke.png
12:01:46.823 [FXGL Background Thread 1 ] DEBUG FXGLAssetLoaderServi - Loading from file system: jar:file:/C:/Users/makim/.m2/repository/com/github/almasb/fxgl/17.3/fxgl-17.3.jar!/fxglassets/textures/particles/trace_horizontal.png
12:01:46.892 [FXGL Background Thread 1 ] DEBUG GameApplicationServi - Application scenes initialized
12:01:46.934 [FXGL Background Thread 1 ] DEBUG SystemBundleService  - Loading FXGL system data
12:01:46.946 [FXGL Background Thread 1 ] DEBUG FileSystemAccess     - Reading from: C:\Users\makim\OneDrive - HTL Saalfelden\3AHINF 2025_2026\POS\Spiel\system\fxgl.bundle
12:01:46.967 [FXGL Background Thread 1 ] DEBUG SystemBundleService  - Bundle FXGL: {}
12:01:46.968 [FXGL Background Thread 1 ] DEBUG UpdaterService       - Checking for updates
12:01:46.986 [FXGL Background Thread 4 ] DEBUG FXGLApplication      - Loading fonts
12:01:46.987 [FXGL Background Thread 4 ] DEBUG FXGLAssetLoaderServi - Loading from file system: jar:file:/C:/Users/makim/.m2/repository/com/github/almasb/fxgl/17.3/fxgl-17.3.jar!/fxglassets/ui/fonts/VarelaRound-Regular.ttf
12:01:46.988 [FXGL Background Thread 1 ] DEBUG FXGLApplication      - Loading default localization
12:01:46.991 [FXGL Background Thread 1 ] DEBUG FXGLAssetLoaderServi - Loading from file system: jar:file:/C:/Users/makim/.m2/repository/com/github/almasb/fxgl/17.3/fxgl-17.3.jar!/fxglassets/languages/english.lang
12:01:47.046 [FXGL Background Thread 1 ] INFO  FXGLApplication      - FXGL initialization took: 1,205 sec
12:01:47.082 [JavaFX Application Thread] DEBUG Input                - Registered new binding: action0 - D
12:01:47.084 [JavaFX Application Thread] DEBUG Input                - Registered new binding: action1 - A
12:01:47.087 [JavaFX Application Thread] DEBUG Input                - Registered new binding: action2 - W
12:01:47.089 [JavaFX Application Thread] DEBUG FXGLAssetLoaderServi - Loading from file system: jar:file:/C:/Users/makim/.m2/repository/com/github/almasb/fxgl/17.3/fxgl-17.3.jar!/fxglassets/textures/fxgl_icon.png
12:01:47.146 [JavaFX Application Thread] DEBUG FXGLAssetLoaderServi - Loading from file system: jar:file:/C:/Users/makim/.m2/repository/com/github/almasb/fxgl/17.3/fxgl-17.3.jar!/fxglassets/textures/fxgl_default_cursor.png
12:01:47.151 [JavaFX Application Thread] DEBUG Input                - Registered new binding: Screenshot - CTRL+8
12:01:47.153 [JavaFX Application Thread] DEBUG Input                - Registered new binding: System info dump - CTRL+9
12:01:47.154 [JavaFX Application Thread] DEBUG Input                - Registered new binding: Restart - CTRL+R
12:01:47.156 [JavaFX Application Thread] DEBUG Input                - Registered new binding: Toggle Debug Camera - CTRL+7
12:01:47.164 [JavaFX Application Thread] DEBUG LoopRunner           - Starting loop
12:01:47.165 [JavaFX Application Thread] DEBUG LoopRunner           - Initializing JavaFX AnimationTimerLoop
12:01:47.169 [JavaFX Application Thread] DEBUG GameApplicationServi - Starting new game
12:01:47.170 [JavaFX Application Thread] DEBUG Input                - Clearing active input actions
12:01:47.177 [FXGL Background Thread 4 ] DEBUG FXGLAssetLoaderServi - Loading from file system: jar:file:/C:/Users/makim/.m2/repository/com/github/almasb/fxgl/17.3/fxgl-17.3.jar!/fxglassets/ui/fonts/TerminalLandMono-Regular.otf
12:01:47.209 [FXGL Background Thread 4 ] DEBUG FXGLAssetLoaderServi - Loading from file system: jar:file:/C:/Users/makim/.m2/repository/com/github/almasb/fxgl/17.3/fxgl-17.3.jar!/fxglassets/ui/fonts/Courier-Prime.ttf
12:01:47.210 [JavaFX Application Thread] DEBUG GameApplicationServi - Removing overlay from FXGLStartupScene and adding to FXGLLoadingScene
12:01:47.211 [JavaFX Application Thread] DEBUG PrimaryStageWindow   - FXGLStartupScene -> FXGLLoadingScene
12:01:47.211 [JavaFX Application Thread] DEBUG GameApplicationServi - Clearing previous game
12:01:47.211 [JavaFX Application Thread] DEBUG GameScene            - Clearing game scene
12:01:47.211 [JavaFX Application Thread] DEBUG GameWorld            - Clearing game world
12:01:47.211 [JavaFX Application Thread] DEBUG PhysicsWorld         - Clearing physics world
12:01:47.216 [FXGL Background Thread 1 ] DEBUG FXGLApplication      - Initializing game
12:01:47.433 [JavaFX Application Thread] DEBUG FXGLApplication      - Registering font factories with UI factory
12:01:47.461 [FXGL Background Thread 1 ] WARN  TMXLevelLoader       - TiledMap generated from 1.11.2. Supported version: 1.9.0. Some features may not be parsed fully.
12:01:47.490 [FXGL Background Thread 1 ] DEBUG TMXLevelLoader       - Parsed TiledMap: file:/C:/Users/makim/OneDrive%20-%20HTL%20Saalfelden/3AHINF%202025_2026/POS/Spiel/target/classes/assets/levels/level1.tmx
12:01:47.493 [FXGL Background Thread 1 ] DEBUG TMXLevelLoader       - Creating tile layer entities
12:01:47.497 [FXGL Background Thread 1 ] DEBUG TilesetLoader        - Loading view for layer ground
12:01:47.499 [FXGL Background Thread 1 ] DEBUG TilesetLoader        - Created buffer with size 1600.0x240.0
12:01:47.500 [FXGL Background Thread 1 ] DEBUG TilesetLoader        - Loading view for layer Deko
12:01:47.501 [FXGL Background Thread 1 ] DEBUG TilesetLoader        - Created buffer with size 1600.0x240.0
12:01:47.579 [FXGL Background Thread 1 ] DEBUG TilesetLoader        - Loading view for layer Vordergrund
12:01:47.580 [FXGL Background Thread 1 ] DEBUG TilesetLoader        - Created buffer with size 1600.0x240.0
12:01:47.588 [FXGL Background Thread 1 ] DEBUG TMXLevelLoader       - Creating object layer entities
12:01:47.657 [FXGL Background Thread 1 ] DEBUG GameWorld            - Clearing removable entities
12:01:47.658 [FXGL Background Thread 1 ] DEBUG GameWorld            - Setting level: com.almasb.fxgl.entity.level.Level@ea00f88
12:01:47.672 [FXGL Background Thread 1 ] DEBUG FXGLAssetLoaderServi - Loading from file system: file:/C:/Users/makim/OneDrive%20-%20HTL%20Saalfelden/3AHINF%202025_2026/POS/Spiel/target/classes/assets/levels/mario_and_items.png
12:01:47.697 [FXGL Background Thread 1 ] INFO  FXGLApplication      - Game initialization took: 0,481 sec
12:01:47.706 [JavaFX Application Thread] DEBUG Input                - Clearing active input actions
12:01:47.726 [JavaFX Application Thread] DEBUG GameApplicationServi - Removing overlay from FXGLLoadingScene and adding to GameScene
12:01:47.727 [JavaFX Application Thread] DEBUG PrimaryStageWindow   - FXGLLoadingScene -> GameScene
12:01:48.151 [FXGL Background Thread 2 ] INFO  UpdaterService       - Your current version:  17.3
12:01:48.151 [FXGL Background Thread 2 ] INFO  UpdaterService       - Latest stable version: 25
12:01:49.991 [FXGL Background Thread 3 ] DEBUG Engine               - Logging environment variables
12:01:49.992 [FXGL Background Thread 3 ] DEBUG Engine               - achievements: []
12:01:49.992 [FXGL Background Thread 3 ] DEBUG Engine               - actualHeight: 816.0
12:01:49.992 [FXGL Background Thread 3 ] DEBUG Engine               - actualHeightProperty: ReadOnlyDoubleProperty [value: 816.0]
12:01:49.992 [FXGL Background Thread 3 ] DEBUG Engine               - actualWidth: 1471.0
12:01:49.992 [FXGL Background Thread 3 ] DEBUG Engine               - actualWidthProperty: ReadOnlyDoubleProperty [value: 1471.0]
12:01:49.992 [FXGL Background Thread 3 ] DEBUG Engine               - appIcon: fxgl_icon.png
12:01:49.992 [FXGL Background Thread 3 ] DEBUG Engine               - applicationMode: DEVELOPER
12:01:49.992 [FXGL Background Thread 3 ] DEBUG Engine               - cSSList: [fxgl_dark.css]
12:01:49.992 [FXGL Background Thread 3 ] DEBUG Engine               - collisionDetectionStrategy: BRUTE_FORCE
12:01:49.992 [FXGL Background Thread 3 ] DEBUG Engine               - configClass: Optional.empty
12:01:49.992 [FXGL Background Thread 3 ] DEBUG Engine               - credits: []
12:01:49.993 [FXGL Background Thread 3 ] DEBUG Engine               - defaultCursor: CursorInfo(imageName=fxgl_default_cursor.png, hotspotX=7.0, hotspotY=6.0)
12:01:49.993 [FXGL Background Thread 3 ] DEBUG Engine               - devBBoxColorProperty: ObjectProperty [value: 0xff0000ff]
12:01:49.993 [FXGL Background Thread 3 ] DEBUG Engine               - devEnableDebugCameraProperty: BooleanProperty [value: false]
12:01:49.993 [FXGL Background Thread 3 ] DEBUG Engine               - devSensorColorProperty: ObjectProperty [value: 0xffff00ff]
12:01:49.993 [FXGL Background Thread 3 ] DEBUG Engine               - devShowBBoxProperty: BooleanProperty [value: false]
12:01:49.993 [FXGL Background Thread 3 ] DEBUG Engine               - devShowPositionProperty: BooleanProperty [value: false]
12:01:49.993 [FXGL Background Thread 3 ] DEBUG Engine               - enabledMenuItems: []
12:01:49.993 [FXGL Background Thread 3 ] DEBUG Engine               - engineServices: [class com.almasb.fxgl.app.services.FXGLAssetLoaderService, class com.almasb.fxgl.app.FXGLApplication$GameApplicationService, class com.almasb.fxgl.app.services.FXGLDialogService, class com.almasb.fxgl.app.services.IOTaskExecutorService, class com.almasb.fxgl.io.FileSystemService, class com.almasb.fxgl.localization.LocalizationService, class com.almasb.fxgl.app.services.SystemBundleService, class com.almasb.fxgl.profile.SaveLoadService, class com.almasb.fxgl.ui.FXGLUIFactoryServiceProvider, class com.almasb.fxgl.ui.FXGLDialogFactoryServiceProvider, class com.almasb.fxgl.audio.AudioPlayer, class com.almasb.fxgl.notification.impl.NotificationServiceProvider, class com.almasb.fxgl.achievement.AchievementService, class com.almasb.fxgl.cutscene.CutsceneService, class com.almasb.fxgl.minigames.MiniGameService, class com.almasb.fxgl.net.NetService, class com.almasb.fxgl.app.services.UpdaterService, class com.almasb.fxgl.dev.DevService]
12:01:49.994 [FXGL Background Thread 3 ] DEBUG Engine               - fontGame: Abel-Regular.ttf
12:01:49.994 [FXGL Background Thread 3 ] DEBUG Engine               - fontMono: TerminalLandMono-Regular.otf
12:01:49.994 [FXGL Background Thread 3 ] DEBUG Engine               - fontSizeScaleUI: 1.0
12:01:49.994 [FXGL Background Thread 3 ] DEBUG Engine               - fontText: Courier-Prime.ttf
12:01:49.994 [FXGL Background Thread 3 ] DEBUG Engine               - fontUI: VarelaRound-Regular.ttf
12:01:49.994 [FXGL Background Thread 3 ] DEBUG Engine               - fullScreen: BooleanProperty [value: false]
12:01:49.994 [FXGL Background Thread 3 ] DEBUG Engine               - gameDifficulty: MEDIUM
12:01:49.994 [FXGL Background Thread 3 ] DEBUG Engine               - gameDifficultyProperty: ObjectProperty [value: MEDIUM]
12:01:49.994 [FXGL Background Thread 3 ] DEBUG Engine               - globalMusicVolume: 0.5
12:01:49.995 [FXGL Background Thread 3 ] DEBUG Engine               - globalMusicVolumeProperty: DoubleProperty [value: 0.5]
12:01:49.995 [FXGL Background Thread 3 ] DEBUG Engine               - globalSoundVolume: 0.5
12:01:49.995 [FXGL Background Thread 3 ] DEBUG Engine               - globalSoundVolumeProperty: DoubleProperty [value: 0.5]
12:01:49.995 [FXGL Background Thread 3 ] DEBUG Engine               - height: 1080
12:01:49.995 [FXGL Background Thread 3 ] DEBUG Engine               - is3D: false
12:01:49.995 [FXGL Background Thread 3 ] DEBUG Engine               - isAndroid: false
12:01:49.995 [FXGL Background Thread 3 ] DEBUG Engine               - isBrowser: false
12:01:49.995 [FXGL Background Thread 3 ] DEBUG Engine               - isClickFeedbackEnabled: false
12:01:49.995 [FXGL Background Thread 3 ] DEBUG Engine               - isCloseConfirmation: false
12:01:49.995 [FXGL Background Thread 3 ] DEBUG Engine               - isDesktop: true
12:01:49.995 [FXGL Background Thread 3 ] DEBUG Engine               - isDeveloperMenuEnabled: false
12:01:49.995 [FXGL Background Thread 3 ] DEBUG Engine               - isEmbedded: false
12:01:49.995 [FXGL Background Thread 3 ] DEBUG Engine               - isEntityPreloadEnabled: true
12:01:49.996 [FXGL Background Thread 3 ] DEBUG Engine               - isExperimentalTiledLargeMap: false
12:01:49.996 [FXGL Background Thread 3 ] DEBUG Engine               - isFileSystemWriteAllowed: true
12:01:49.996 [FXGL Background Thread 3 ] DEBUG Engine               - isFullScreenAllowed: false
12:01:49.996 [FXGL Background Thread 3 ] DEBUG Engine               - isFullScreenFromStart: false
12:01:49.996 [FXGL Background Thread 3 ] DEBUG Engine               - isGameMenuEnabled: true
12:01:49.996 [FXGL Background Thread 3 ] DEBUG Engine               - isIOS: false
12:01:49.996 [FXGL Background Thread 3 ] DEBUG Engine               - isIntroEnabled: false
12:01:49.996 [FXGL Background Thread 3 ] DEBUG Engine               - isLinux: false
12:01:49.996 [FXGL Background Thread 3 ] DEBUG Engine               - isMac: false
12:01:49.996 [FXGL Background Thread 3 ] DEBUG Engine               - isMainMenuEnabled: false
12:01:49.996 [FXGL Background Thread 3 ] DEBUG Engine               - isManualResizeEnabled: false
12:01:49.996 [FXGL Background Thread 3 ] DEBUG Engine               - isMobile: false
12:01:49.996 [FXGL Background Thread 3 ] DEBUG Engine               - isNative: false
12:01:49.996 [FXGL Background Thread 3 ] DEBUG Engine               - isPauseMusicWhenMinimized: true
12:01:49.997 [FXGL Background Thread 3 ] DEBUG Engine               - isPreserveResizeRatio: false
12:01:49.997 [FXGL Background Thread 3 ] DEBUG Engine               - isProfilingEnabled: false
12:01:49.997 [FXGL Background Thread 3 ] DEBUG Engine               - isScaleAffectedOnResize: true
12:01:49.997 [FXGL Background Thread 3 ] DEBUG Engine               - isSingleStep: false
12:01:49.997 [FXGL Background Thread 3 ] DEBUG Engine               - isUserProfileEnabled: false
12:01:49.997 [FXGL Background Thread 3 ] DEBUG Engine               - isWindows: true
12:01:49.997 [FXGL Background Thread 3 ] DEBUG Engine               - language: ObjectProperty [value: ENGLISH]
12:01:49.997 [FXGL Background Thread 3 ] DEBUG Engine               - menuKey: ESCAPE
12:01:49.997 [FXGL Background Thread 3 ] DEBUG Engine               - mouseSensitivity: 0.2
12:01:49.997 [FXGL Background Thread 3 ] DEBUG Engine               - notificationViewClass: class com.almasb.fxgl.notification.view.XboxNotificationView
12:01:49.998 [FXGL Background Thread 3 ] DEBUG Engine               - pixelsPerMeter: 50.0
12:01:49.998 [FXGL Background Thread 3 ] DEBUG Engine               - platform: WINDOWS
12:01:49.998 [FXGL Background Thread 3 ] DEBUG Engine               - prefHeightProperty: ReadOnlyDoubleProperty [value: 1080.0]
12:01:49.998 [FXGL Background Thread 3 ] DEBUG Engine               - prefWidthProperty: ReadOnlyDoubleProperty [value: 1980.0]
12:01:49.998 [FXGL Background Thread 3 ] DEBUG Engine               - profileDir: profiles/
12:01:49.998 [FXGL Background Thread 3 ] DEBUG Engine               - profileName: StringProperty [value: DEFAULT]
12:01:49.998 [FXGL Background Thread 3 ] DEBUG Engine               - randomSeed: -1
12:01:49.998 [FXGL Background Thread 3 ] DEBUG Engine               - runtimeInfo: RuntimeInfo(platform=WINDOWS, version=17.3, build=30.03.2023 11.49)
12:01:49.999 [FXGL Background Thread 3 ] DEBUG Engine               - saveFileExt: sav
12:01:49.999 [FXGL Background Thread 3 ] DEBUG Engine               - scaledHeightProp$fxgl: DoubleProperty [bound, value: 816.0]
12:01:49.999 [FXGL Background Thread 3 ] DEBUG Engine               - scaledWidthProp$fxgl: DoubleProperty [bound, value: 1471.0]
12:01:49.999 [FXGL Background Thread 3 ] DEBUG Engine               - sceneFactory: com.almasb.fxgl.app.scene.SceneFactory@38d179db
12:01:49.999 [FXGL Background Thread 3 ] DEBUG Engine               - secondsIn24h: 60
12:01:49.999 [FXGL Background Thread 3 ] DEBUG Engine               - soundMenuBack: menu/back.wav
12:01:49.999 [FXGL Background Thread 3 ] DEBUG Engine               - soundMenuPress: menu/press.wav
12:01:49.999 [FXGL Background Thread 3 ] DEBUG Engine               - soundMenuSelect: menu/select.wav
12:01:49.999 [FXGL Background Thread 3 ] DEBUG Engine               - soundNotification: core/notification.wav
12:01:49.999 [FXGL Background Thread 3 ] DEBUG Engine               - stageStyle: DECORATED
12:01:49.999 [FXGL Background Thread 3 ] DEBUG Engine               - supportedLanguages: [ENGLISH, FRENCH, GERMAN, HUNGARIAN, RUSSIAN]
12:01:49.999 [FXGL Background Thread 3 ] DEBUG Engine               - ticksPerSecond: -1
12:01:49.999 [FXGL Background Thread 3 ] DEBUG Engine               - title: HTL Mario - Smooth Physics
12:01:49.999 [FXGL Background Thread 3 ] DEBUG Engine               - urlGithub: https://github.com/AlmasB/FXGL
12:01:49.999 [FXGL Background Thread 3 ] DEBUG Engine               - urlLeaderboard: http://fxgl-top.herokuapp.com/
12:01:49.999 [FXGL Background Thread 3 ] DEBUG Engine               - urlPOM: https://raw.githubusercontent.com/AlmasB/FXGL/release/README.md
12:01:49.999 [FXGL Background Thread 3 ] DEBUG Engine               - userAppClass: class at.htl.spiel.MarioLevel
12:01:49.999 [FXGL Background Thread 3 ] DEBUG Engine               - version: 0.0
12:01:50.000 [FXGL Background Thread 3 ] DEBUG Engine               - versionCheckDays: 7
12:01:50.000 [FXGL Background Thread 3 ] DEBUG Engine               - width: 1980
12:01:50.000 [FXGL Background Thread 3 ] DEBUG Engine               - Logging services
12:01:50.000 [FXGL Background Thread 3 ] DEBUG Engine               - class com.almasb.fxgl.app.services.FXGLAssetLoaderService
12:01:50.000 [FXGL Background Thread 3 ] DEBUG Engine               - class com.almasb.fxgl.app.FXGLApplication$GameApplicationService
12:01:50.000 [FXGL Background Thread 3 ] DEBUG Engine               - class com.almasb.fxgl.app.services.FXGLDialogService
12:01:50.000 [FXGL Background Thread 3 ] DEBUG Engine               - class com.almasb.fxgl.app.services.IOTaskExecutorService
12:01:50.000 [FXGL Background Thread 3 ] DEBUG Engine               - class com.almasb.fxgl.io.FileSystemService
12:01:50.000 [FXGL Background Thread 3 ] DEBUG Engine               - class com.almasb.fxgl.localization.LocalizationService
12:01:50.000 [FXGL Background Thread 3 ] DEBUG Engine               - class com.almasb.fxgl.app.services.SystemBundleService
12:01:50.000 [FXGL Background Thread 3 ] DEBUG Engine               - class com.almasb.fxgl.profile.SaveLoadService
12:01:50.000 [FXGL Background Thread 3 ] DEBUG Engine               - class com.almasb.fxgl.ui.FXGLUIFactoryServiceProvider
12:01:50.000 [FXGL Background Thread 3 ] DEBUG Engine               - class com.almasb.fxgl.ui.FXGLDialogFactoryServiceProvider
12:01:50.000 [FXGL Background Thread 3 ] DEBUG Engine               - class com.almasb.fxgl.audio.AudioPlayer
12:01:50.000 [FXGL Background Thread 3 ] DEBUG Engine               - class com.almasb.fxgl.notification.impl.NotificationServiceProvider
12:01:50.000 [FXGL Background Thread 3 ] DEBUG Engine               - class com.almasb.fxgl.achievement.AchievementService
12:01:50.000 [FXGL Background Thread 3 ] DEBUG Engine               - class com.almasb.fxgl.cutscene.CutsceneService
12:01:50.000 [FXGL Background Thread 3 ] DEBUG Engine               - class com.almasb.fxgl.minigames.MiniGameService
12:01:50.000 [FXGL Background Thread 3 ] DEBUG Engine               - class com.almasb.fxgl.net.NetService
12:01:50.000 [FXGL Background Thread 3 ] DEBUG Engine               - class com.almasb.fxgl.app.services.UpdaterService
12:01:50.000 [FXGL Background Thread 3 ] DEBUG Engine               - class com.almasb.fxgl.dev.DevService
12:01:52.423 [JavaFX Application Thread] DEBUG FXGLApplication      - Exiting FXGL
12:01:52.423 [JavaFX Application Thread] DEBUG LoopRunner           - Stopping loop
12:01:52.423 [JavaFX Application Thread] DEBUG SystemBundleService  - Saving FXGL system data
12:01:52.427 [JavaFX Application Thread] DEBUG FileSystemAccess     - Writing to: C:\Users\makim\OneDrive - HTL Saalfelden\3AHINF 2025_2026\POS\Spiel\system\fxgl.bundle
12:01:52.432 [JavaFX Application Thread] DEBUG Async                - Shutting down background threads
12:01:52.432 [JavaFX Application Thread] DEBUG PrimaryStageWindow   - Closing main window
12:01:52.472 [JavaFX Application Thread] DEBUG Logger               - Closing Logger
