12:06:09.476 [main                     ] DEBUG Logger               - Configured Logger
12:06:09.492 [main                     ] DEBUG GameApplication      - Logging settings
Title: HTL Mario - Fix
Version: 0.0
Width: 1280
Height: 720
Fullscreen: true
Intro: false
Profiling: false
Single step:false
App Mode: DEVELOPER
Menu Key: ESCAPE
Stage Style: DECORATED
Scene Factory: class com.almasb.fxgl.app.scene.SceneFactory

12:06:10.174 [JavaFX Application Thread] DEBUG FXGLApplication      - Initializing FXGL
12:06:10.180 [JavaFX Application Thread] INFO  Engine               - FXGL-17.3 (30.03.2023 11.49) on WINDOWS (J:24.0.2 FX:21.0.2)
12:06:10.180 [JavaFX Application Thread] DEBUG Engine               - JRE Vendor Name: Amazon.com Inc.
12:06:10.180 [JavaFX Application Thread] DEBUG Engine               - Running on OS: Windows 11 version 10.0
12:06:10.180 [JavaFX Application Thread] DEBUG Engine               - Architecture: amd64
12:06:10.180 [JavaFX Application Thread] INFO  Engine               - Source code and latest versions at: https://github.com/AlmasB/FXGL
12:06:10.181 [JavaFX Application Thread] INFO  Engine               -       Ask questions and discuss at: https://github.com/AlmasB/FXGL/discussions
12:06:10.181 [JavaFX Application Thread] INFO  Engine               -              Join the FXGL chat at: https://gitter.im/AlmasB/FXGL
12:06:10.451 [JavaFX Application Thread] DEBUG PrimaryStageWindow   - Creating a JavaFX scene
12:06:10.550 [JavaFX Application Thread] DEBUG PrimaryStageWindow   - Target settings size: 1280.0 x 720.0
12:06:10.551 [JavaFX Application Thread] DEBUG PrimaryStageWindow   - Scaled scene size:    1280.0 x 720.0
12:06:10.551 [JavaFX Application Thread] DEBUG PrimaryStageWindow   - Scaled ratio: (1.0, 1.0)
12:06:10.553 [JavaFX Application Thread] DEBUG PrimaryStageWindow   - Set initial scene to FXGLStartupScene
12:06:10.562 [JavaFX Application Thread] DEBUG PrimaryStageWindow   - Opening main window
12:06:10.739 [JavaFX Application Thread] DEBUG PrimaryStageWindow   - Window border size: (14.4000244140625, 37.5999755859375)
12:06:10.739 [JavaFX Application Thread] DEBUG PrimaryStageWindow   - Scaled size: 1280.0 x 720.0
12:06:10.740 [JavaFX Application Thread] DEBUG PrimaryStageWindow   - Scaled ratio: (1.0, 1.0)
12:06:10.740 [JavaFX Application Thread] DEBUG PrimaryStageWindow   - Scene size: 1280.0 x 720.0
12:06:10.741 [JavaFX Application Thread] DEBUG PrimaryStageWindow   - Stage size: 1294.4000244140625 x 757.5999755859375
12:06:10.844 [JavaFX Application Thread] DEBUG PrimaryStageWindow   - Going fullscreen
12:06:10.870 [FXGL Background Thread 1 ] DEBUG Engine               - Initializing environment variables
12:06:11.008 [FXGL Background Thread 1 ] DEBUG FXGLAssetLoaderServi - User app class for loading assets: class at.htl.spiel.MarioLevel
12:06:11.008 [FXGL Background Thread 1 ] DEBUG GameApplicationServi - Applying CSS: fxgl_dark.css
12:06:11.009 [FXGL Background Thread 1 ] DEBUG FXGLAssetLoaderServi - Loading from file system: jar:file:/C:/Users/makim/.m2/repository/com/github/almasb/fxgl/17.3/fxgl-17.3.jar!/fxglassets/ui/css/fxgl_dark.css
12:06:11.116 [FXGL Background Thread 1 ] DEBUG GameApplicationServi - Initializing application scenes
12:06:11.199 [FXGL Background Thread 1 ] DEBUG GameWorld            - Game world initialized
12:06:11.309 [FXGL Background Thread 1 ] DEBUG PhysicsWorld         - Physics world initialized: appHeight=720, physics.ppm=50,0
12:06:11.309 [FXGL Background Thread 1 ] DEBUG PhysicsWorld         - Using strategy: BRUTE_FORCE
12:06:11.317 [FXGL Background Thread 1 ] DEBUG GameScene            - Game scene initialized: 1280x720
12:06:11.352 [FXGL Background Thread 1 ] DEBUG FXGL.DefaultMenu     - createMenuBodyGameMenu()
12:06:11.379 [FXGL Background Thread 1 ] DEBUG FXGL.DefaultMenu     - createOptionsMenu()
12:06:11.400 [FXGL Background Thread 1 ] DEBUG FXGLAssetLoaderServi - Loading from file system: jar:file:/C:/Users/makim/.m2/repository/com/github/almasb/fxgl/17.3/fxgl-17.3.jar!/fxglassets/textures/particles/smoke.png
12:06:11.560 [FXGL Background Thread 1 ] DEBUG FXGLAssetLoaderServi - Loading from file system: jar:file:/C:/Users/makim/.m2/repository/com/github/almasb/fxgl/17.3/fxgl-17.3.jar!/fxglassets/textures/particles/trace_horizontal.png
12:06:11.626 [FXGL Background Thread 1 ] DEBUG GameApplicationServi - Application scenes initialized
12:06:11.646 [FXGL Background Thread 1 ] DEBUG SystemBundleService  - Loading FXGL system data
12:06:11.652 [FXGL Background Thread 1 ] DEBUG FileSystemAccess     - Reading from: C:\Users\makim\OneDrive - HTL Saalfelden\3AHINF 2025_2026\POS\Spiel\system\fxgl.bundle
12:06:11.663 [FXGL Background Thread 1 ] DEBUG SystemBundleService  - Bundle FXGL: {}
12:06:11.663 [FXGL Background Thread 1 ] DEBUG UpdaterService       - Checking for updates
12:06:11.671 [FXGL Background Thread 4 ] DEBUG FXGLApplication      - Loading fonts
12:06:11.672 [FXGL Background Thread 4 ] DEBUG FXGLAssetLoaderServi - Loading from file system: jar:file:/C:/Users/makim/.m2/repository/com/github/almasb/fxgl/17.3/fxgl-17.3.jar!/fxglassets/ui/fonts/VarelaRound-Regular.ttf
12:06:11.672 [FXGL Background Thread 1 ] DEBUG FXGLApplication      - Loading default localization
12:06:11.674 [FXGL Background Thread 1 ] DEBUG FXGLAssetLoaderServi - Loading from file system: jar:file:/C:/Users/makim/.m2/repository/com/github/almasb/fxgl/17.3/fxgl-17.3.jar!/fxglassets/languages/english.lang
12:06:11.715 [FXGL Background Thread 1 ] INFO  FXGLApplication      - FXGL initialization took: 0,845 sec
12:06:11.735 [JavaFX Application Thread] DEBUG Input                - Registered new binding: action0 - D
12:06:11.736 [JavaFX Application Thread] DEBUG Input                - Registered new binding: action1 - A
12:06:11.738 [JavaFX Application Thread] DEBUG Input                - Registered new binding: action2 - W
12:06:11.738 [JavaFX Application Thread] DEBUG Input                - Registered new binding: action3 - Esc
12:06:11.740 [JavaFX Application Thread] DEBUG FXGLAssetLoaderServi - Loading from file system: jar:file:/C:/Users/makim/.m2/repository/com/github/almasb/fxgl/17.3/fxgl-17.3.jar!/fxglassets/textures/fxgl_icon.png
12:06:11.764 [FXGL Background Thread 4 ] DEBUG FXGLAssetLoaderServi - Loading from file system: jar:file:/C:/Users/makim/.m2/repository/com/github/almasb/fxgl/17.3/fxgl-17.3.jar!/fxglassets/ui/fonts/Abel-Regular.ttf
12:06:11.782 [JavaFX Application Thread] DEBUG FXGLAssetLoaderServi - Loading from file system: jar:file:/C:/Users/makim/.m2/repository/com/github/almasb/fxgl/17.3/fxgl-17.3.jar!/fxglassets/textures/fxgl_default_cursor.png
12:06:11.787 [JavaFX Application Thread] DEBUG Input                - Registered new binding: Screenshot - CTRL+8
12:06:11.788 [JavaFX Application Thread] DEBUG Input                - Registered new binding: System info dump - CTRL+9
12:06:11.789 [JavaFX Application Thread] DEBUG Input                - Registered new binding: Restart - CTRL+R
12:06:11.791 [FXGL Background Thread 4 ] DEBUG FXGLAssetLoaderServi - Loading from file system: jar:file:/C:/Users/makim/.m2/repository/com/github/almasb/fxgl/17.3/fxgl-17.3.jar!/fxglassets/ui/fonts/TerminalLandMono-Regular.otf
12:06:11.792 [JavaFX Application Thread] DEBUG Input                - Registered new binding: Toggle Debug Camera - CTRL+7
12:06:11.801 [JavaFX Application Thread] DEBUG LoopRunner           - Starting loop
12:06:11.801 [JavaFX Application Thread] DEBUG LoopRunner           - Initializing JavaFX AnimationTimerLoop
12:06:11.805 [JavaFX Application Thread] DEBUG GameApplicationServi - Starting new game
12:06:11.806 [JavaFX Application Thread] DEBUG Input                - Clearing active input actions
12:06:11.814 [FXGL Background Thread 4 ] DEBUG FXGLAssetLoaderServi - Loading from file system: jar:file:/C:/Users/makim/.m2/repository/com/github/almasb/fxgl/17.3/fxgl-17.3.jar!/fxglassets/ui/fonts/Courier-Prime.ttf
12:06:11.832 [JavaFX Application Thread] DEBUG GameApplicationServi - Removing overlay from FXGLStartupScene and adding to FXGLLoadingScene
12:06:11.833 [JavaFX Application Thread] DEBUG PrimaryStageWindow   - FXGLStartupScene -> FXGLLoadingScene
12:06:11.833 [JavaFX Application Thread] DEBUG GameApplicationServi - Clearing previous game
12:06:11.833 [JavaFX Application Thread] DEBUG GameScene            - Clearing game scene
12:06:11.833 [JavaFX Application Thread] DEBUG GameWorld            - Clearing game world
12:06:11.833 [JavaFX Application Thread] DEBUG PhysicsWorld         - Clearing physics world
12:06:11.837 [FXGL Background Thread 1 ] DEBUG FXGLApplication      - Initializing game
12:06:11.951 [JavaFX Application Thread] DEBUG FXGLApplication      - Registering font factories with UI factory
12:06:12.054 [FXGL Background Thread 1 ] WARN  TMXLevelLoader       - TiledMap generated from 1.11.2. Supported version: 1.9.0. Some features may not be parsed fully.
12:06:12.078 [FXGL Background Thread 1 ] DEBUG TMXLevelLoader       - Parsed TiledMap: file:/C:/Users/makim/OneDrive%20-%20HTL%20Saalfelden/3AHINF%202025_2026/POS/Spiel/target/classes/assets/levels/level1.tmx
12:06:12.079 [FXGL Background Thread 1 ] DEBUG TMXLevelLoader       - Creating tile layer entities
12:06:12.083 [FXGL Background Thread 1 ] DEBUG TilesetLoader        - Loading view for layer ground
12:06:12.084 [FXGL Background Thread 1 ] DEBUG TilesetLoader        - Created buffer with size 1600.0x240.0
12:06:12.086 [FXGL Background Thread 1 ] DEBUG TilesetLoader        - Loading view for layer Deko
12:06:12.087 [FXGL Background Thread 1 ] DEBUG TilesetLoader        - Created buffer with size 1600.0x240.0
12:06:12.142 [FXGL Background Thread 1 ] DEBUG TilesetLoader        - Loading view for layer Vordergrund
12:06:12.142 [FXGL Background Thread 1 ] DEBUG TilesetLoader        - Created buffer with size 1600.0x240.0
12:06:12.149 [FXGL Background Thread 1 ] DEBUG TMXLevelLoader       - Creating object layer entities
12:06:12.208 [FXGL Background Thread 1 ] DEBUG GameWorld            - Clearing removable entities
12:06:12.209 [FXGL Background Thread 1 ] DEBUG GameWorld            - Setting level: com.almasb.fxgl.entity.level.Level@1e7c070b
12:06:12.219 [FXGL Background Thread 1 ] DEBUG FXGLAssetLoaderServi - Loading from file system: file:/C:/Users/makim/OneDrive%20-%20HTL%20Saalfelden/3AHINF%202025_2026/POS/Spiel/target/classes/assets/levels/mario_and_items.png
12:06:12.230 [FXGL Background Thread 1 ] INFO  FXGLApplication      - Game initialization took: 0,392 sec
12:06:12.231 [JavaFX Application Thread] DEBUG Input                - Clearing active input actions
12:06:12.253 [JavaFX Application Thread] DEBUG GameApplicationServi - Removing overlay from FXGLLoadingScene and adding to GameScene
12:06:12.254 [JavaFX Application Thread] DEBUG PrimaryStageWindow   - FXGLLoadingScene -> GameScene
12:06:12.968 [FXGL Background Thread 2 ] INFO  UpdaterService       - Your current version:  17.3
12:06:12.969 [FXGL Background Thread 2 ] INFO  UpdaterService       - Latest stable version: 25
12:06:14.410 [JavaFX Application Thread] DEBUG PrimaryStageWindow   - Push state: FXGLDefaultMenu
12:06:14.417 [JavaFX Application Thread] DEBUG Input                - Clearing active input actions
12:06:14.426 [JavaFX Application Thread] DEBUG GameApplicationServi - Removing overlay from GameScene and adding to FXGLDefaultMenu
12:06:14.426 [JavaFX Application Thread] DEBUG PrimaryStageWindow   - GameScene -> FXGLDefaultMenu
12:06:14.668 [FXGL Background Thread 3 ] DEBUG Engine               - Logging environment variables
12:06:14.669 [FXGL Background Thread 3 ] DEBUG Engine               - achievements: []
12:06:14.669 [FXGL Background Thread 3 ] DEBUG Engine               - actualHeight: 864.0
12:06:14.669 [FXGL Background Thread 3 ] DEBUG Engine               - actualHeightProperty: ReadOnlyDoubleProperty [value: 720.0]
12:06:14.669 [FXGL Background Thread 3 ] DEBUG Engine               - actualWidth: 1536.0
12:06:14.669 [FXGL Background Thread 3 ] DEBUG Engine               - actualWidthProperty: ReadOnlyDoubleProperty [value: 1280.0]
12:06:14.669 [FXGL Background Thread 3 ] DEBUG Engine               - appIcon: fxgl_icon.png
12:06:14.669 [FXGL Background Thread 3 ] DEBUG Engine               - applicationMode: DEVELOPER
12:06:14.669 [FXGL Background Thread 3 ] DEBUG Engine               - cSSList: [fxgl_dark.css]
12:06:14.670 [FXGL Background Thread 3 ] DEBUG Engine               - collisionDetectionStrategy: BRUTE_FORCE
12:06:14.670 [FXGL Background Thread 3 ] DEBUG Engine               - configClass: Optional.empty
12:06:14.670 [FXGL Background Thread 3 ] DEBUG Engine               - credits: []
12:06:14.671 [FXGL Background Thread 3 ] DEBUG Engine               - defaultCursor: CursorInfo(imageName=fxgl_default_cursor.png, hotspotX=7.0, hotspotY=6.0)
12:06:14.671 [FXGL Background Thread 3 ] DEBUG Engine               - devBBoxColorProperty: ObjectProperty [value: 0xff0000ff]
12:06:14.671 [FXGL Background Thread 3 ] DEBUG Engine               - devEnableDebugCameraProperty: BooleanProperty [value: false]
12:06:14.671 [FXGL Background Thread 3 ] DEBUG Engine               - devSensorColorProperty: ObjectProperty [value: 0xffff00ff]
12:06:14.671 [FXGL Background Thread 3 ] DEBUG Engine               - devShowBBoxProperty: BooleanProperty [value: false]
12:06:14.671 [FXGL Background Thread 3 ] DEBUG Engine               - devShowPositionProperty: BooleanProperty [value: false]
12:06:14.672 [FXGL Background Thread 3 ] DEBUG Engine               - enabledMenuItems: []
12:06:14.672 [FXGL Background Thread 3 ] DEBUG Engine               - engineServices: [class com.almasb.fxgl.app.services.FXGLAssetLoaderService, class com.almasb.fxgl.app.FXGLApplication$GameApplicationService, class com.almasb.fxgl.app.services.FXGLDialogService, class com.almasb.fxgl.app.services.IOTaskExecutorService, class com.almasb.fxgl.io.FileSystemService, class com.almasb.fxgl.localization.LocalizationService, class com.almasb.fxgl.app.services.SystemBundleService, class com.almasb.fxgl.profile.SaveLoadService, class com.almasb.fxgl.ui.FXGLUIFactoryServiceProvider, class com.almasb.fxgl.ui.FXGLDialogFactoryServiceProvider, class com.almasb.fxgl.audio.AudioPlayer, class com.almasb.fxgl.notification.impl.NotificationServiceProvider, class com.almasb.fxgl.achievement.AchievementService, class com.almasb.fxgl.cutscene.CutsceneService, class com.almasb.fxgl.minigames.MiniGameService, class com.almasb.fxgl.net.NetService, class com.almasb.fxgl.app.services.UpdaterService, class com.almasb.fxgl.dev.DevService]
12:06:14.672 [FXGL Background Thread 3 ] DEBUG Engine               - fontGame: Abel-Regular.ttf
12:06:14.672 [FXGL Background Thread 3 ] DEBUG Engine               - fontMono: TerminalLandMono-Regular.otf
12:06:14.672 [FXGL Background Thread 3 ] DEBUG Engine               - fontSizeScaleUI: 1.0
12:06:14.672 [FXGL Background Thread 3 ] DEBUG Engine               - fontText: Courier-Prime.ttf
12:06:14.672 [FXGL Background Thread 3 ] DEBUG Engine               - fontUI: VarelaRound-Regular.ttf
12:06:14.672 [FXGL Background Thread 3 ] DEBUG Engine               - fullScreen: BooleanProperty [value: true]
12:06:14.672 [FXGL Background Thread 3 ] DEBUG Engine               - gameDifficulty: MEDIUM
12:06:14.672 [FXGL Background Thread 3 ] DEBUG Engine               - gameDifficultyProperty: ObjectProperty [value: MEDIUM]
12:06:14.672 [FXGL Background Thread 3 ] DEBUG Engine               - globalMusicVolume: 0.5
12:06:14.672 [FXGL Background Thread 3 ] DEBUG Engine               - globalMusicVolumeProperty: DoubleProperty [value: 0.5]
12:06:14.672 [FXGL Background Thread 3 ] DEBUG Engine               - globalSoundVolume: 0.5
12:06:14.672 [FXGL Background Thread 3 ] DEBUG Engine               - globalSoundVolumeProperty: DoubleProperty [value: 0.5]
12:06:14.673 [FXGL Background Thread 3 ] DEBUG Engine               - height: 720
12:06:14.673 [FXGL Background Thread 3 ] DEBUG Engine               - is3D: false
12:06:14.673 [FXGL Background Thread 3 ] DEBUG Engine               - isAndroid: false
12:06:14.673 [FXGL Background Thread 3 ] DEBUG Engine               - isBrowser: false
12:06:14.673 [FXGL Background Thread 3 ] DEBUG Engine               - isClickFeedbackEnabled: false
12:06:14.673 [FXGL Background Thread 3 ] DEBUG Engine               - isCloseConfirmation: false
12:06:14.673 [FXGL Background Thread 3 ] DEBUG Engine               - isDesktop: true
12:06:14.673 [FXGL Background Thread 3 ] DEBUG Engine               - isDeveloperMenuEnabled: false
12:06:14.673 [FXGL Background Thread 3 ] DEBUG Engine               - isEmbedded: false
12:06:14.673 [FXGL Background Thread 3 ] DEBUG Engine               - isEntityPreloadEnabled: true
12:06:14.673 [FXGL Background Thread 3 ] DEBUG Engine               - isExperimentalTiledLargeMap: false
12:06:14.673 [FXGL Background Thread 3 ] DEBUG Engine               - isFileSystemWriteAllowed: true
12:06:14.673 [FXGL Background Thread 3 ] DEBUG Engine               - isFullScreenAllowed: true
12:06:14.673 [FXGL Background Thread 3 ] DEBUG Engine               - isFullScreenFromStart: true
12:06:14.673 [FXGL Background Thread 3 ] DEBUG Engine               - isGameMenuEnabled: true
12:06:14.674 [FXGL Background Thread 3 ] DEBUG Engine               - isIOS: false
12:06:14.674 [FXGL Background Thread 3 ] DEBUG Engine               - isIntroEnabled: false
12:06:14.674 [FXGL Background Thread 3 ] DEBUG Engine               - isLinux: false
12:06:14.674 [FXGL Background Thread 3 ] DEBUG Engine               - isMac: false
12:06:14.674 [FXGL Background Thread 3 ] DEBUG Engine               - isMainMenuEnabled: false
12:06:14.674 [FXGL Background Thread 3 ] DEBUG Engine               - isManualResizeEnabled: false
12:06:14.674 [FXGL Background Thread 3 ] DEBUG Engine               - isMobile: false
12:06:14.674 [FXGL Background Thread 3 ] DEBUG Engine               - isNative: false
12:06:14.674 [FXGL Background Thread 3 ] DEBUG Engine               - isPauseMusicWhenMinimized: true
12:06:14.674 [FXGL Background Thread 3 ] DEBUG Engine               - isPreserveResizeRatio: false
12:06:14.674 [FXGL Background Thread 3 ] DEBUG Engine               - isProfilingEnabled: false
12:06:14.674 [FXGL Background Thread 3 ] DEBUG Engine               - isScaleAffectedOnResize: true
12:06:14.674 [FXGL Background Thread 3 ] DEBUG Engine               - isSingleStep: false
12:06:14.674 [FXGL Background Thread 3 ] DEBUG Engine               - isUserProfileEnabled: false
12:06:14.674 [FXGL Background Thread 3 ] DEBUG Engine               - isWindows: true
12:06:14.675 [FXGL Background Thread 3 ] DEBUG Engine               - language: ObjectProperty [value: ENGLISH]
12:06:14.675 [FXGL Background Thread 3 ] DEBUG Engine               - menuKey: ESCAPE
12:06:14.675 [FXGL Background Thread 3 ] DEBUG Engine               - mouseSensitivity: 0.2
12:06:14.675 [FXGL Background Thread 3 ] DEBUG Engine               - notificationViewClass: class com.almasb.fxgl.notification.view.XboxNotificationView
12:06:14.675 [FXGL Background Thread 3 ] DEBUG Engine               - pixelsPerMeter: 50.0
12:06:14.675 [FXGL Background Thread 3 ] DEBUG Engine               - platform: WINDOWS
12:06:14.675 [FXGL Background Thread 3 ] DEBUG Engine               - prefHeightProperty: ReadOnlyDoubleProperty [value: 720.0]
12:06:14.675 [FXGL Background Thread 3 ] DEBUG Engine               - prefWidthProperty: ReadOnlyDoubleProperty [value: 1280.0]
12:06:14.675 [FXGL Background Thread 3 ] DEBUG Engine               - profileDir: profiles/
12:06:14.675 [FXGL Background Thread 3 ] DEBUG Engine               - profileName: StringProperty [value: DEFAULT]
12:06:14.675 [FXGL Background Thread 3 ] DEBUG Engine               - randomSeed: -1
12:06:14.675 [FXGL Background Thread 3 ] DEBUG Engine               - runtimeInfo: RuntimeInfo(platform=WINDOWS, version=17.3, build=30.03.2023 11.49)
12:06:14.675 [FXGL Background Thread 3 ] DEBUG Engine               - saveFileExt: sav
12:06:14.675 [FXGL Background Thread 3 ] DEBUG Engine               - scaledHeightProp$fxgl: DoubleProperty [bound, value: 720.0]
12:06:14.675 [FXGL Background Thread 3 ] DEBUG Engine               - scaledWidthProp$fxgl: DoubleProperty [bound, value: 1280.0]
12:06:14.675 [FXGL Background Thread 3 ] DEBUG Engine               - sceneFactory: com.almasb.fxgl.app.scene.SceneFactory@1ba09d9e
12:06:14.675 [FXGL Background Thread 3 ] DEBUG Engine               - secondsIn24h: 60
12:06:14.675 [FXGL Background Thread 3 ] DEBUG Engine               - soundMenuBack: menu/back.wav
12:06:14.675 [FXGL Background Thread 3 ] DEBUG Engine               - soundMenuPress: menu/press.wav
12:06:14.676 [FXGL Background Thread 3 ] DEBUG Engine               - soundMenuSelect: menu/select.wav
12:06:14.676 [FXGL Background Thread 3 ] DEBUG Engine               - soundNotification: core/notification.wav
12:06:14.676 [FXGL Background Thread 3 ] DEBUG Engine               - stageStyle: DECORATED
12:06:14.676 [FXGL Background Thread 3 ] DEBUG Engine               - supportedLanguages: [ENGLISH, FRENCH, GERMAN, HUNGARIAN, RUSSIAN]
12:06:14.676 [FXGL Background Thread 3 ] DEBUG Engine               - ticksPerSecond: -1
12:06:14.676 [FXGL Background Thread 3 ] DEBUG Engine               - title: HTL Mario - Fix
12:06:14.676 [FXGL Background Thread 3 ] DEBUG Engine               - urlGithub: https://github.com/AlmasB/FXGL
12:06:14.676 [FXGL Background Thread 3 ] DEBUG Engine               - urlLeaderboard: http://fxgl-top.herokuapp.com/
12:06:14.676 [FXGL Background Thread 3 ] DEBUG Engine               - urlPOM: https://raw.githubusercontent.com/AlmasB/FXGL/release/README.md
12:06:14.676 [FXGL Background Thread 3 ] DEBUG Engine               - userAppClass: class at.htl.spiel.MarioLevel
12:06:14.676 [FXGL Background Thread 3 ] DEBUG Engine               - version: 0.0
12:06:14.676 [FXGL Background Thread 3 ] DEBUG Engine               - versionCheckDays: 7
12:06:14.676 [FXGL Background Thread 3 ] DEBUG Engine               - width: 1280
12:06:14.676 [FXGL Background Thread 3 ] DEBUG Engine               - Logging services
12:06:14.676 [FXGL Background Thread 3 ] DEBUG Engine               - class com.almasb.fxgl.app.services.FXGLAssetLoaderService
12:06:14.676 [FXGL Background Thread 3 ] DEBUG Engine               - class com.almasb.fxgl.app.FXGLApplication$GameApplicationService
12:06:14.676 [FXGL Background Thread 3 ] DEBUG Engine               - class com.almasb.fxgl.app.services.FXGLDialogService
12:06:14.677 [FXGL Background Thread 3 ] DEBUG Engine               - class com.almasb.fxgl.app.services.IOTaskExecutorService
12:06:14.677 [FXGL Background Thread 3 ] DEBUG Engine               - class com.almasb.fxgl.io.FileSystemService
12:06:14.677 [FXGL Background Thread 3 ] DEBUG Engine               - class com.almasb.fxgl.localization.LocalizationService
12:06:14.677 [FXGL Background Thread 3 ] DEBUG Engine               - class com.almasb.fxgl.app.services.SystemBundleService
12:06:14.677 [FXGL Background Thread 3 ] DEBUG Engine               - class com.almasb.fxgl.profile.SaveLoadService
12:06:14.677 [FXGL Background Thread 3 ] DEBUG Engine               - class com.almasb.fxgl.ui.FXGLUIFactoryServiceProvider
12:06:14.677 [FXGL Background Thread 3 ] DEBUG Engine               - class com.almasb.fxgl.ui.FXGLDialogFactoryServiceProvider
12:06:14.677 [FXGL Background Thread 3 ] DEBUG Engine               - class com.almasb.fxgl.audio.AudioPlayer
12:06:14.677 [FXGL Background Thread 3 ] DEBUG Engine               - class com.almasb.fxgl.notification.impl.NotificationServiceProvider
12:06:14.677 [FXGL Background Thread 3 ] DEBUG Engine               - class com.almasb.fxgl.achievement.AchievementService
12:06:14.677 [FXGL Background Thread 3 ] DEBUG Engine               - class com.almasb.fxgl.cutscene.CutsceneService
12:06:14.677 [FXGL Background Thread 3 ] DEBUG Engine               - class com.almasb.fxgl.minigames.MiniGameService
12:06:14.678 [FXGL Background Thread 3 ] DEBUG Engine               - class com.almasb.fxgl.net.NetService
12:06:14.678 [FXGL Background Thread 3 ] DEBUG Engine               - class com.almasb.fxgl.app.services.UpdaterService
12:06:14.678 [FXGL Background Thread 3 ] DEBUG Engine               - class com.almasb.fxgl.dev.DevService
12:06:15.712 [JavaFX Application Thread] DEBUG PrimaryStageWindow   - Pop state: FXGLDefaultMenu
12:06:15.712 [JavaFX Application Thread] DEBUG Input                - Clearing active input actions
12:06:15.713 [JavaFX Application Thread] DEBUG GameApplicationServi - Removing overlay from FXGLDefaultMenu and adding to GameScene
12:06:15.713 [JavaFX Application Thread] DEBUG PrimaryStageWindow   - GameScene <- FXGLDefaultMenu
12:06:16.190 [JavaFX Application Thread] DEBUG PrimaryStageWindow   - Push state: FXGLDefaultMenu
12:06:16.191 [JavaFX Application Thread] DEBUG Input                - Clearing active input actions
12:06:16.192 [JavaFX Application Thread] DEBUG GameApplicationServi - Removing overlay from GameScene and adding to FXGLDefaultMenu
12:06:16.193 [JavaFX Application Thread] DEBUG PrimaryStageWindow   - GameScene -> FXGLDefaultMenu
12:06:16.831 [JavaFX Application Thread] DEBUG PrimaryStageWindow   - Pop state: FXGLDefaultMenu
12:06:16.831 [JavaFX Application Thread] DEBUG Input                - Clearing active input actions
12:06:16.833 [JavaFX Application Thread] DEBUG GameApplicationServi - Removing overlay from FXGLDefaultMenu and adding to GameScene
12:06:16.834 [JavaFX Application Thread] DEBUG PrimaryStageWindow   - GameScene <- FXGLDefaultMenu
12:06:17.276 [JavaFX Application Thread] DEBUG PrimaryStageWindow   - Push state: FXGLDefaultMenu
12:06:17.276 [JavaFX Application Thread] DEBUG Input                - Clearing active input actions
12:06:17.280 [JavaFX Application Thread] DEBUG GameApplicationServi - Removing overlay from GameScene and adding to FXGLDefaultMenu
12:06:17.280 [JavaFX Application Thread] DEBUG PrimaryStageWindow   - GameScene -> FXGLDefaultMenu
12:06:17.375 [JavaFX Application Thread] DEBUG PrimaryStageWindow   - Pop state: FXGLDefaultMenu
12:06:17.375 [JavaFX Application Thread] DEBUG Input                - Clearing active input actions
12:06:17.376 [JavaFX Application Thread] DEBUG GameApplicationServi - Removing overlay from FXGLDefaultMenu and adding to GameScene
12:06:17.376 [JavaFX Application Thread] DEBUG PrimaryStageWindow   - GameScene <- FXGLDefaultMenu
12:06:17.789 [JavaFX Application Thread] DEBUG PrimaryStageWindow   - Push state: FXGLDefaultMenu
12:06:17.790 [JavaFX Application Thread] DEBUG Input                - Clearing active input actions
12:06:17.791 [JavaFX Application Thread] DEBUG GameApplicationServi - Removing overlay from GameScene and adding to FXGLDefaultMenu
12:06:17.792 [JavaFX Application Thread] DEBUG PrimaryStageWindow   - GameScene -> FXGLDefaultMenu
12:06:18.170 [JavaFX Application Thread] DEBUG PrimaryStageWindow   - Pop state: FXGLDefaultMenu
12:06:18.170 [JavaFX Application Thread] DEBUG Input                - Clearing active input actions
12:06:18.171 [JavaFX Application Thread] DEBUG GameApplicationServi - Removing overlay from FXGLDefaultMenu and adding to GameScene
12:06:18.172 [JavaFX Application Thread] DEBUG PrimaryStageWindow   - GameScene <- FXGLDefaultMenu
12:06:18.910 [JavaFX Application Thread] DEBUG PrimaryStageWindow   - Push state: FXGLDefaultMenu
12:06:18.910 [JavaFX Application Thread] DEBUG Input                - Clearing active input actions
12:06:18.912 [JavaFX Application Thread] DEBUG GameApplicationServi - Removing overlay from GameScene and adding to FXGLDefaultMenu
12:06:18.912 [JavaFX Application Thread] DEBUG PrimaryStageWindow   - GameScene -> FXGLDefaultMenu
12:06:20.529 [JavaFX Application Thread] DEBUG PrimaryStageWindow   - Pop state: FXGLDefaultMenu
12:06:20.529 [JavaFX Application Thread] DEBUG Input                - Clearing active input actions
12:06:20.530 [JavaFX Application Thread] DEBUG GameApplicationServi - Removing overlay from FXGLDefaultMenu and adding to GameScene
12:06:20.530 [JavaFX Application Thread] DEBUG PrimaryStageWindow   - GameScene <- FXGLDefaultMenu
12:06:21.105 [JavaFX Application Thread] DEBUG PrimaryStageWindow   - Push state: FXGLDefaultMenu
12:06:21.105 [JavaFX Application Thread] DEBUG Input                - Clearing active input actions
12:06:21.106 [JavaFX Application Thread] DEBUG GameApplicationServi - Removing overlay from GameScene and adding to FXGLDefaultMenu
12:06:21.108 [JavaFX Application Thread] DEBUG PrimaryStageWindow   - GameScene -> FXGLDefaultMenu
12:06:21.808 [JavaFX Application Thread] DEBUG PrimaryStageWindow   - Pop state: FXGLDefaultMenu
12:06:21.808 [JavaFX Application Thread] DEBUG Input                - Clearing active input actions
12:06:21.809 [JavaFX Application Thread] DEBUG GameApplicationServi - Removing overlay from FXGLDefaultMenu and adding to GameScene
12:06:21.809 [JavaFX Application Thread] DEBUG PrimaryStageWindow   - GameScene <- FXGLDefaultMenu
12:07:05.694 [JavaFX Application Thread] DEBUG PrimaryStageWindow   - Push state: FXGLDefaultMenu
12:07:05.695 [JavaFX Application Thread] DEBUG Input                - Clearing active input actions
12:07:05.697 [JavaFX Application Thread] DEBUG GameApplicationServi - Removing overlay from GameScene and adding to FXGLDefaultMenu
12:07:05.698 [JavaFX Application Thread] DEBUG PrimaryStageWindow   - GameScene -> FXGLDefaultMenu
12:07:22.973 [JavaFX Application Thread] DEBUG PrimaryStageWindow   - Pop state: FXGLDefaultMenu
12:07:22.974 [JavaFX Application Thread] DEBUG Input                - Clearing active input actions
12:07:22.975 [JavaFX Application Thread] DEBUG GameApplicationServi - Removing overlay from FXGLDefaultMenu and adding to GameScene
12:07:22.975 [JavaFX Application Thread] DEBUG PrimaryStageWindow   - GameScene <- FXGLDefaultMenu
12:07:25.874 [JavaFX Application Thread] DEBUG PrimaryStageWindow   - Push state: FXGLDefaultMenu
12:07:25.875 [JavaFX Application Thread] DEBUG Input                - Clearing active input actions
12:07:25.877 [JavaFX Application Thread] DEBUG GameApplicationServi - Removing overlay from GameScene and adding to FXGLDefaultMenu
12:07:25.877 [JavaFX Application Thread] DEBUG PrimaryStageWindow   - GameScene -> FXGLDefaultMenu
12:07:26.707 [JavaFX Application Thread] DEBUG PrimaryStageWindow   - Pop state: FXGLDefaultMenu
12:07:26.707 [JavaFX Application Thread] DEBUG Input                - Clearing active input actions
12:07:26.708 [JavaFX Application Thread] DEBUG GameApplicationServi - Removing overlay from FXGLDefaultMenu and adding to GameScene
12:07:26.709 [JavaFX Application Thread] DEBUG PrimaryStageWindow   - GameScene <- FXGLDefaultMenu
12:08:02.185 [JavaFX Application Thread] DEBUG PrimaryStageWindow   - Push state: FXGLDefaultMenu
12:08:02.185 [JavaFX Application Thread] DEBUG Input                - Clearing active input actions
12:08:02.188 [JavaFX Application Thread] DEBUG GameApplicationServi - Removing overlay from GameScene and adding to FXGLDefaultMenu
12:08:02.188 [JavaFX Application Thread] DEBUG PrimaryStageWindow   - GameScene -> FXGLDefaultMenu
12:08:04.310 [JavaFX Application Thread] DEBUG FXGLApplication      - Exiting FXGL
12:08:04.310 [JavaFX Application Thread] DEBUG LoopRunner           - Stopping loop
12:08:04.310 [JavaFX Application Thread] DEBUG SystemBundleService  - Saving FXGL system data
12:08:04.328 [JavaFX Application Thread] DEBUG FileSystemAccess     - Writing to: C:\Users\makim\OneDrive - HTL Saalfelden\3AHINF 2025_2026\POS\Spiel\system\fxgl.bundle
12:08:04.337 [JavaFX Application Thread] DEBUG Async                - Shutting down background threads
12:08:04.338 [JavaFX Application Thread] DEBUG PrimaryStageWindow   - Closing main window
12:08:04.365 [JavaFX Application Thread] DEBUG Logger               - Closing Logger
