12:04:04.765 [main                     ] DEBUG Logger               - Configured Logger
12:04:04.782 [main                     ] DEBUG GameApplication      - Logging settings
Title: HTL Mario - Fullscreen & Zoom
Version: 0.0
Width: 1280
Height: 720
Fullscreen: true
Intro: false
Profiling: false
Single step:false
App Mode: DEVELOPER
Menu Key: ESCAPE
Stage Style: DECORATED
Scene Factory: class com.almasb.fxgl.app.scene.SceneFactory

12:04:05.446 [JavaFX Application Thread] DEBUG FXGLApplication      - Initializing FXGL
12:04:05.451 [JavaFX Application Thread] INFO  Engine               - FXGL-17.3 (30.03.2023 11.49) on WINDOWS (J:24.0.2 FX:21.0.2)
12:04:05.453 [JavaFX Application Thread] DEBUG Engine               - JRE Vendor Name: Amazon.com Inc.
12:04:05.453 [JavaFX Application Thread] DEBUG Engine               - Running on OS: Windows 11 version 10.0
12:04:05.453 [JavaFX Application Thread] DEBUG Engine               - Architecture: amd64
12:04:05.454 [JavaFX Application Thread] INFO  Engine               - Source code and latest versions at: https://github.com/AlmasB/FXGL
12:04:05.454 [JavaFX Application Thread] INFO  Engine               -       Ask questions and discuss at: https://github.com/AlmasB/FXGL/discussions
12:04:05.454 [JavaFX Application Thread] INFO  Engine               -              Join the FXGL chat at: https://gitter.im/AlmasB/FXGL
12:04:05.703 [JavaFX Application Thread] DEBUG PrimaryStageWindow   - Creating a JavaFX scene
12:04:05.805 [JavaFX Application Thread] DEBUG PrimaryStageWindow   - Target settings size: 1280.0 x 720.0
12:04:05.806 [JavaFX Application Thread] DEBUG PrimaryStageWindow   - Scaled scene size:    1280.0 x 720.0
12:04:05.806 [JavaFX Application Thread] DEBUG PrimaryStageWindow   - Scaled ratio: (1.0, 1.0)
12:04:05.808 [JavaFX Application Thread] DEBUG PrimaryStageWindow   - Set initial scene to FXGLStartupScene
12:04:05.818 [JavaFX Application Thread] DEBUG PrimaryStageWindow   - Opening main window
12:04:06.011 [JavaFX Application Thread] DEBUG PrimaryStageWindow   - Window border size: (14.4000244140625, 37.5999755859375)
12:04:06.011 [JavaFX Application Thread] DEBUG PrimaryStageWindow   - Scaled size: 1280.0 x 720.0
12:04:06.012 [JavaFX Application Thread] DEBUG PrimaryStageWindow   - Scaled ratio: (1.0, 1.0)
12:04:06.012 [JavaFX Application Thread] DEBUG PrimaryStageWindow   - Scene size: 1280.0 x 720.0
12:04:06.013 [JavaFX Application Thread] DEBUG PrimaryStageWindow   - Stage size: 1294.4000244140625 x 757.5999755859375
12:04:06.126 [JavaFX Application Thread] DEBUG PrimaryStageWindow   - Going fullscreen
12:04:06.151 [FXGL Background Thread 1 ] DEBUG Engine               - Initializing environment variables
12:04:06.288 [FXGL Background Thread 1 ] DEBUG FXGLAssetLoaderServi - User app class for loading assets: class at.htl.spiel.MarioLevel
12:04:06.288 [FXGL Background Thread 1 ] DEBUG GameApplicationServi - Applying CSS: fxgl_dark.css
12:04:06.290 [FXGL Background Thread 1 ] DEBUG FXGLAssetLoaderServi - Loading from file system: jar:file:/C:/Users/makim/.m2/repository/com/github/almasb/fxgl/17.3/fxgl-17.3.jar!/fxglassets/ui/css/fxgl_dark.css
12:04:06.386 [FXGL Background Thread 1 ] DEBUG GameApplicationServi - Initializing application scenes
12:04:06.463 [FXGL Background Thread 1 ] DEBUG GameWorld            - Game world initialized
12:04:06.573 [FXGL Background Thread 1 ] DEBUG PhysicsWorld         - Physics world initialized: appHeight=720, physics.ppm=50,0
12:04:06.573 [FXGL Background Thread 1 ] DEBUG PhysicsWorld         - Using strategy: BRUTE_FORCE
12:04:06.581 [FXGL Background Thread 1 ] DEBUG GameScene            - Game scene initialized: 1280x720
12:04:06.613 [FXGL Background Thread 1 ] DEBUG FXGL.DefaultMenu     - createMenuBodyGameMenu()
12:04:06.642 [FXGL Background Thread 1 ] DEBUG FXGL.DefaultMenu     - createOptionsMenu()
12:04:06.668 [FXGL Background Thread 1 ] DEBUG FXGLAssetLoaderServi - Loading from file system: jar:file:/C:/Users/makim/.m2/repository/com/github/almasb/fxgl/17.3/fxgl-17.3.jar!/fxglassets/textures/particles/smoke.png
12:04:06.845 [FXGL Background Thread 1 ] DEBUG FXGLAssetLoaderServi - Loading from file system: jar:file:/C:/Users/makim/.m2/repository/com/github/almasb/fxgl/17.3/fxgl-17.3.jar!/fxglassets/textures/particles/trace_horizontal.png
12:04:06.885 [FXGL Background Thread 1 ] DEBUG GameApplicationServi - Application scenes initialized
12:04:06.908 [FXGL Background Thread 1 ] DEBUG SystemBundleService  - Loading FXGL system data
12:04:06.914 [FXGL Background Thread 1 ] DEBUG FileSystemAccess     - Reading from: C:\Users\makim\OneDrive - HTL Saalfelden\3AHINF 2025_2026\POS\Spiel\system\fxgl.bundle
12:04:06.924 [FXGL Background Thread 1 ] DEBUG SystemBundleService  - Bundle FXGL: {}
12:04:06.925 [FXGL Background Thread 1 ] DEBUG UpdaterService       - Checking for updates
12:04:06.934 [FXGL Background Thread 4 ] DEBUG FXGLApplication      - Loading fonts
12:04:06.935 [FXGL Background Thread 4 ] DEBUG FXGLAssetLoaderServi - Loading from file system: jar:file:/C:/Users/makim/.m2/repository/com/github/almasb/fxgl/17.3/fxgl-17.3.jar!/fxglassets/ui/fonts/VarelaRound-Regular.ttf
12:04:06.937 [FXGL Background Thread 1 ] DEBUG FXGLApplication      - Loading default localization
12:04:06.938 [FXGL Background Thread 1 ] DEBUG FXGLAssetLoaderServi - Loading from file system: jar:file:/C:/Users/makim/.m2/repository/com/github/almasb/fxgl/17.3/fxgl-17.3.jar!/fxglassets/languages/english.lang
12:04:06.983 [FXGL Background Thread 1 ] INFO  FXGLApplication      - FXGL initialization took: 0,833 sec
12:04:07.007 [JavaFX Application Thread] DEBUG Input                - Registered new binding: action0 - D
12:04:07.008 [JavaFX Application Thread] DEBUG Input                - Registered new binding: action1 - A
12:04:07.010 [JavaFX Application Thread] DEBUG Input                - Registered new binding: action2 - W
12:04:07.011 [JavaFX Application Thread] DEBUG Input                - Registered new binding: action3 - Esc
12:04:07.012 [JavaFX Application Thread] DEBUG FXGLAssetLoaderServi - Loading from file system: jar:file:/C:/Users/makim/.m2/repository/com/github/almasb/fxgl/17.3/fxgl-17.3.jar!/fxglassets/textures/fxgl_icon.png
12:04:07.021 [FXGL Background Thread 4 ] DEBUG FXGLAssetLoaderServi - Loading from file system: jar:file:/C:/Users/makim/.m2/repository/com/github/almasb/fxgl/17.3/fxgl-17.3.jar!/fxglassets/ui/fonts/Abel-Regular.ttf
12:04:07.043 [FXGL Background Thread 4 ] DEBUG FXGLAssetLoaderServi - Loading from file system: jar:file:/C:/Users/makim/.m2/repository/com/github/almasb/fxgl/17.3/fxgl-17.3.jar!/fxglassets/ui/fonts/TerminalLandMono-Regular.otf
12:04:07.061 [JavaFX Application Thread] DEBUG FXGLAssetLoaderServi - Loading from file system: jar:file:/C:/Users/makim/.m2/repository/com/github/almasb/fxgl/17.3/fxgl-17.3.jar!/fxglassets/textures/fxgl_default_cursor.png
12:04:07.065 [FXGL Background Thread 4 ] DEBUG FXGLAssetLoaderServi - Loading from file system: jar:file:/C:/Users/makim/.m2/repository/com/github/almasb/fxgl/17.3/fxgl-17.3.jar!/fxglassets/ui/fonts/Courier-Prime.ttf
12:04:07.066 [JavaFX Application Thread] DEBUG Input                - Registered new binding: Screenshot - CTRL+8
12:04:07.067 [JavaFX Application Thread] DEBUG Input                - Registered new binding: System info dump - CTRL+9
12:04:07.069 [JavaFX Application Thread] DEBUG Input                - Registered new binding: Restart - CTRL+R
12:04:07.071 [JavaFX Application Thread] DEBUG Input                - Registered new binding: Toggle Debug Camera - CTRL+7
12:04:07.078 [JavaFX Application Thread] DEBUG LoopRunner           - Starting loop
12:04:07.079 [JavaFX Application Thread] DEBUG LoopRunner           - Initializing JavaFX AnimationTimerLoop
12:04:07.083 [JavaFX Application Thread] DEBUG GameApplicationServi - Starting new game
12:04:07.084 [JavaFX Application Thread] DEBUG Input                - Clearing active input actions
12:04:07.112 [JavaFX Application Thread] DEBUG GameApplicationServi - Removing overlay from FXGLStartupScene and adding to FXGLLoadingScene
12:04:07.113 [JavaFX Application Thread] DEBUG PrimaryStageWindow   - FXGLStartupScene -> FXGLLoadingScene
12:04:07.113 [JavaFX Application Thread] DEBUG GameApplicationServi - Clearing previous game
12:04:07.113 [JavaFX Application Thread] DEBUG GameScene            - Clearing game scene
12:04:07.113 [JavaFX Application Thread] DEBUG GameWorld            - Clearing game world
12:04:07.113 [JavaFX Application Thread] DEBUG PhysicsWorld         - Clearing physics world
12:04:07.117 [JavaFX Application Thread] DEBUG FXGLApplication      - Registering font factories with UI factory
12:04:07.117 [FXGL Background Thread 4 ] DEBUG FXGLApplication      - Initializing game
12:04:07.261 [FXGL Background Thread 4 ] WARN  TMXLevelLoader       - TiledMap generated from 1.11.2. Supported version: 1.9.0. Some features may not be parsed fully.
12:04:07.289 [FXGL Background Thread 4 ] DEBUG TMXLevelLoader       - Parsed TiledMap: file:/C:/Users/makim/OneDrive%20-%20HTL%20Saalfelden/3AHINF%202025_2026/POS/Spiel/target/classes/assets/levels/level1.tmx
12:04:07.292 [FXGL Background Thread 4 ] DEBUG TMXLevelLoader       - Creating tile layer entities
12:04:07.297 [FXGL Background Thread 4 ] DEBUG TilesetLoader        - Loading view for layer ground
12:04:07.298 [FXGL Background Thread 4 ] DEBUG TilesetLoader        - Created buffer with size 1600.0x240.0
12:04:07.299 [FXGL Background Thread 4 ] DEBUG TilesetLoader        - Loading view for layer Deko
12:04:07.300 [FXGL Background Thread 4 ] DEBUG TilesetLoader        - Created buffer with size 1600.0x240.0
12:04:07.359 [FXGL Background Thread 4 ] DEBUG TilesetLoader        - Loading view for layer Vordergrund
12:04:07.360 [FXGL Background Thread 4 ] DEBUG TilesetLoader        - Created buffer with size 1600.0x240.0
12:04:07.366 [FXGL Background Thread 4 ] DEBUG TMXLevelLoader       - Creating object layer entities
12:04:07.425 [FXGL Background Thread 4 ] DEBUG GameWorld            - Clearing removable entities
12:04:07.426 [FXGL Background Thread 4 ] DEBUG GameWorld            - Setting level: com.almasb.fxgl.entity.level.Level@1b2faa9f
12:04:07.436 [FXGL Background Thread 4 ] DEBUG FXGLAssetLoaderServi - Loading from file system: file:/C:/Users/makim/OneDrive%20-%20HTL%20Saalfelden/3AHINF%202025_2026/POS/Spiel/target/classes/assets/levels/mario_and_items.png
12:04:07.450 [FXGL Background Thread 4 ] INFO  FXGLApplication      - Game initialization took: 0,333 sec
12:04:07.459 [JavaFX Application Thread] DEBUG Input                - Clearing active input actions
12:04:07.480 [JavaFX Application Thread] DEBUG GameApplicationServi - Removing overlay from FXGLLoadingScene and adding to GameScene
12:04:07.480 [JavaFX Application Thread] DEBUG PrimaryStageWindow   - FXGLLoadingScene -> GameScene
12:04:07.821 [FXGL Background Thread 2 ] INFO  UpdaterService       - Your current version:  17.3
12:04:07.821 [FXGL Background Thread 2 ] INFO  UpdaterService       - Latest stable version: 25
12:04:09.932 [FXGL Background Thread 3 ] DEBUG Engine               - Logging environment variables
12:04:09.932 [FXGL Background Thread 3 ] DEBUG Engine               - achievements: []
12:04:09.932 [FXGL Background Thread 3 ] DEBUG Engine               - actualHeight: 864.0
12:04:09.933 [FXGL Background Thread 3 ] DEBUG Engine               - actualHeightProperty: ReadOnlyDoubleProperty [value: 864.0]
12:04:09.933 [FXGL Background Thread 3 ] DEBUG Engine               - actualWidth: 1536.0
12:04:09.933 [FXGL Background Thread 3 ] DEBUG Engine               - actualWidthProperty: ReadOnlyDoubleProperty [value: 1536.0]
12:04:09.933 [FXGL Background Thread 3 ] DEBUG Engine               - appIcon: fxgl_icon.png
12:04:09.933 [FXGL Background Thread 3 ] DEBUG Engine               - applicationMode: DEVELOPER
12:04:09.933 [FXGL Background Thread 3 ] DEBUG Engine               - cSSList: [fxgl_dark.css]
12:04:09.933 [FXGL Background Thread 3 ] DEBUG Engine               - collisionDetectionStrategy: BRUTE_FORCE
12:04:09.934 [FXGL Background Thread 3 ] DEBUG Engine               - configClass: Optional.empty
12:04:09.934 [FXGL Background Thread 3 ] DEBUG Engine               - credits: []
12:04:09.934 [FXGL Background Thread 3 ] DEBUG Engine               - defaultCursor: CursorInfo(imageName=fxgl_default_cursor.png, hotspotX=7.0, hotspotY=6.0)
12:04:09.935 [FXGL Background Thread 3 ] DEBUG Engine               - devBBoxColorProperty: ObjectProperty [value: 0xff0000ff]
12:04:09.935 [FXGL Background Thread 3 ] DEBUG Engine               - devEnableDebugCameraProperty: BooleanProperty [value: false]
12:04:09.935 [FXGL Background Thread 3 ] DEBUG Engine               - devSensorColorProperty: ObjectProperty [value: 0xffff00ff]
12:04:09.935 [FXGL Background Thread 3 ] DEBUG Engine               - devShowBBoxProperty: BooleanProperty [value: false]
12:04:09.935 [FXGL Background Thread 3 ] DEBUG Engine               - devShowPositionProperty: BooleanProperty [value: false]
12:04:09.936 [FXGL Background Thread 3 ] DEBUG Engine               - enabledMenuItems: []
12:04:09.936 [FXGL Background Thread 3 ] DEBUG Engine               - engineServices: [class com.almasb.fxgl.app.services.FXGLAssetLoaderService, class com.almasb.fxgl.app.FXGLApplication$GameApplicationService, class com.almasb.fxgl.app.services.FXGLDialogService, class com.almasb.fxgl.app.services.IOTaskExecutorService, class com.almasb.fxgl.io.FileSystemService, class com.almasb.fxgl.localization.LocalizationService, class com.almasb.fxgl.app.services.SystemBundleService, class com.almasb.fxgl.profile.SaveLoadService, class com.almasb.fxgl.ui.FXGLUIFactoryServiceProvider, class com.almasb.fxgl.ui.FXGLDialogFactoryServiceProvider, class com.almasb.fxgl.audio.AudioPlayer, class com.almasb.fxgl.notification.impl.NotificationServiceProvider, class com.almasb.fxgl.achievement.AchievementService, class com.almasb.fxgl.cutscene.CutsceneService, class com.almasb.fxgl.minigames.MiniGameService, class com.almasb.fxgl.net.NetService, class com.almasb.fxgl.app.services.UpdaterService, class com.almasb.fxgl.dev.DevService]
12:04:09.936 [FXGL Background Thread 3 ] DEBUG Engine               - fontGame: Abel-Regular.ttf
12:04:09.936 [FXGL Background Thread 3 ] DEBUG Engine               - fontMono: TerminalLandMono-Regular.otf
12:04:09.936 [FXGL Background Thread 3 ] DEBUG Engine               - fontSizeScaleUI: 1.0
12:04:09.936 [FXGL Background Thread 3 ] DEBUG Engine               - fontText: Courier-Prime.ttf
12:04:09.936 [FXGL Background Thread 3 ] DEBUG Engine               - fontUI: VarelaRound-Regular.ttf
12:04:09.936 [FXGL Background Thread 3 ] DEBUG Engine               - fullScreen: BooleanProperty [value: true]
12:04:09.937 [FXGL Background Thread 3 ] DEBUG Engine               - gameDifficulty: MEDIUM
12:04:09.937 [FXGL Background Thread 3 ] DEBUG Engine               - gameDifficultyProperty: ObjectProperty [value: MEDIUM]
12:04:09.937 [FXGL Background Thread 3 ] DEBUG Engine               - globalMusicVolume: 0.5
12:04:09.937 [FXGL Background Thread 3 ] DEBUG Engine               - globalMusicVolumeProperty: DoubleProperty [value: 0.5]
12:04:09.937 [FXGL Background Thread 3 ] DEBUG Engine               - globalSoundVolume: 0.5
12:04:09.937 [FXGL Background Thread 3 ] DEBUG Engine               - globalSoundVolumeProperty: DoubleProperty [value: 0.5]
12:04:09.938 [FXGL Background Thread 3 ] DEBUG Engine               - height: 720
12:04:09.938 [FXGL Background Thread 3 ] DEBUG Engine               - is3D: false
12:04:09.938 [FXGL Background Thread 3 ] DEBUG Engine               - isAndroid: false
12:04:09.938 [FXGL Background Thread 3 ] DEBUG Engine               - isBrowser: false
12:04:09.938 [FXGL Background Thread 3 ] DEBUG Engine               - isClickFeedbackEnabled: false
12:04:09.939 [FXGL Background Thread 3 ] DEBUG Engine               - isCloseConfirmation: false
12:04:09.939 [FXGL Background Thread 3 ] DEBUG Engine               - isDesktop: true
12:04:09.939 [FXGL Background Thread 3 ] DEBUG Engine               - isDeveloperMenuEnabled: false
12:04:09.939 [FXGL Background Thread 3 ] DEBUG Engine               - isEmbedded: false
12:04:09.939 [FXGL Background Thread 3 ] DEBUG Engine               - isEntityPreloadEnabled: true
12:04:09.940 [FXGL Background Thread 3 ] DEBUG Engine               - isExperimentalTiledLargeMap: false
12:04:09.940 [FXGL Background Thread 3 ] DEBUG Engine               - isFileSystemWriteAllowed: true
12:04:09.940 [FXGL Background Thread 3 ] DEBUG Engine               - isFullScreenAllowed: true
12:04:09.940 [FXGL Background Thread 3 ] DEBUG Engine               - isFullScreenFromStart: true
12:04:09.941 [FXGL Background Thread 3 ] DEBUG Engine               - isGameMenuEnabled: true
12:04:09.941 [FXGL Background Thread 3 ] DEBUG Engine               - isIOS: false
12:04:09.941 [FXGL Background Thread 3 ] DEBUG Engine               - isIntroEnabled: false
12:04:09.941 [FXGL Background Thread 3 ] DEBUG Engine               - isLinux: false
12:04:09.941 [FXGL Background Thread 3 ] DEBUG Engine               - isMac: false
12:04:09.941 [FXGL Background Thread 3 ] DEBUG Engine               - isMainMenuEnabled: false
12:04:09.942 [FXGL Background Thread 3 ] DEBUG Engine               - isManualResizeEnabled: false
12:04:09.942 [FXGL Background Thread 3 ] DEBUG Engine               - isMobile: false
12:04:09.942 [FXGL Background Thread 3 ] DEBUG Engine               - isNative: false
12:04:09.942 [FXGL Background Thread 3 ] DEBUG Engine               - isPauseMusicWhenMinimized: true
12:04:09.942 [FXGL Background Thread 3 ] DEBUG Engine               - isPreserveResizeRatio: false
12:04:09.942 [FXGL Background Thread 3 ] DEBUG Engine               - isProfilingEnabled: false
12:04:09.942 [FXGL Background Thread 3 ] DEBUG Engine               - isScaleAffectedOnResize: true
12:04:09.942 [FXGL Background Thread 3 ] DEBUG Engine               - isSingleStep: false
12:04:09.942 [FXGL Background Thread 3 ] DEBUG Engine               - isUserProfileEnabled: false
12:04:09.942 [FXGL Background Thread 3 ] DEBUG Engine               - isWindows: true
12:04:09.943 [FXGL Background Thread 3 ] DEBUG Engine               - language: ObjectProperty [value: ENGLISH]
12:04:09.943 [FXGL Background Thread 3 ] DEBUG Engine               - menuKey: ESCAPE
12:04:09.943 [FXGL Background Thread 3 ] DEBUG Engine               - mouseSensitivity: 0.2
12:04:09.943 [FXGL Background Thread 3 ] DEBUG Engine               - notificationViewClass: class com.almasb.fxgl.notification.view.XboxNotificationView
12:04:09.943 [FXGL Background Thread 3 ] DEBUG Engine               - pixelsPerMeter: 50.0
12:04:09.943 [FXGL Background Thread 3 ] DEBUG Engine               - platform: WINDOWS
12:04:09.943 [FXGL Background Thread 3 ] DEBUG Engine               - prefHeightProperty: ReadOnlyDoubleProperty [value: 720.0]
12:04:09.943 [FXGL Background Thread 3 ] DEBUG Engine               - prefWidthProperty: ReadOnlyDoubleProperty [value: 1280.0]
12:04:09.943 [FXGL Background Thread 3 ] DEBUG Engine               - profileDir: profiles/
12:04:09.943 [FXGL Background Thread 3 ] DEBUG Engine               - profileName: StringProperty [value: DEFAULT]
12:04:09.943 [FXGL Background Thread 3 ] DEBUG Engine               - randomSeed: -1
12:04:09.945 [FXGL Background Thread 3 ] DEBUG Engine               - runtimeInfo: RuntimeInfo(platform=WINDOWS, version=17.3, build=30.03.2023 11.49)
12:04:09.945 [FXGL Background Thread 3 ] DEBUG Engine               - saveFileExt: sav
12:04:09.945 [FXGL Background Thread 3 ] DEBUG Engine               - scaledHeightProp$fxgl: DoubleProperty [bound, value: 864.0]
12:04:09.945 [FXGL Background Thread 3 ] DEBUG Engine               - scaledWidthProp$fxgl: DoubleProperty [bound, value: 1536.0]
12:04:09.945 [FXGL Background Thread 3 ] DEBUG Engine               - sceneFactory: com.almasb.fxgl.app.scene.SceneFactory@1ba09d9e
12:04:09.945 [FXGL Background Thread 3 ] DEBUG Engine               - secondsIn24h: 60
12:04:09.946 [FXGL Background Thread 3 ] DEBUG Engine               - soundMenuBack: menu/back.wav
12:04:09.946 [FXGL Background Thread 3 ] DEBUG Engine               - soundMenuPress: menu/press.wav
12:04:09.946 [FXGL Background Thread 3 ] DEBUG Engine               - soundMenuSelect: menu/select.wav
12:04:09.946 [FXGL Background Thread 3 ] DEBUG Engine               - soundNotification: core/notification.wav
12:04:09.946 [FXGL Background Thread 3 ] DEBUG Engine               - stageStyle: DECORATED
12:04:09.946 [FXGL Background Thread 3 ] DEBUG Engine               - supportedLanguages: [ENGLISH, FRENCH, GERMAN, HUNGARIAN, RUSSIAN]
12:04:09.946 [FXGL Background Thread 3 ] DEBUG Engine               - ticksPerSecond: -1
12:04:09.946 [FXGL Background Thread 3 ] DEBUG Engine               - title: HTL Mario - Fullscreen & Zoom
12:04:09.946 [FXGL Background Thread 3 ] DEBUG Engine               - urlGithub: https://github.com/AlmasB/FXGL
12:04:09.946 [FXGL Background Thread 3 ] DEBUG Engine               - urlLeaderboard: http://fxgl-top.herokuapp.com/
12:04:09.946 [FXGL Background Thread 3 ] DEBUG Engine               - urlPOM: https://raw.githubusercontent.com/AlmasB/FXGL/release/README.md
12:04:09.946 [FXGL Background Thread 3 ] DEBUG Engine               - userAppClass: class at.htl.spiel.MarioLevel
12:04:09.946 [FXGL Background Thread 3 ] DEBUG Engine               - version: 0.0
12:04:09.948 [FXGL Background Thread 3 ] DEBUG Engine               - versionCheckDays: 7
12:04:09.948 [FXGL Background Thread 3 ] DEBUG Engine               - width: 1280
12:04:09.948 [FXGL Background Thread 3 ] DEBUG Engine               - Logging services
12:04:09.948 [FXGL Background Thread 3 ] DEBUG Engine               - class com.almasb.fxgl.app.services.FXGLAssetLoaderService
12:04:09.948 [FXGL Background Thread 3 ] DEBUG Engine               - class com.almasb.fxgl.app.FXGLApplication$GameApplicationService
12:04:09.948 [FXGL Background Thread 3 ] DEBUG Engine               - class com.almasb.fxgl.app.services.FXGLDialogService
12:04:09.948 [FXGL Background Thread 3 ] DEBUG Engine               - class com.almasb.fxgl.app.services.IOTaskExecutorService
12:04:09.948 [FXGL Background Thread 3 ] DEBUG Engine               - class com.almasb.fxgl.io.FileSystemService
12:04:09.948 [FXGL Background Thread 3 ] DEBUG Engine               - class com.almasb.fxgl.localization.LocalizationService
12:04:09.948 [FXGL Background Thread 3 ] DEBUG Engine               - class com.almasb.fxgl.app.services.SystemBundleService
12:04:09.948 [FXGL Background Thread 3 ] DEBUG Engine               - class com.almasb.fxgl.profile.SaveLoadService
12:04:09.948 [FXGL Background Thread 3 ] DEBUG Engine               - class com.almasb.fxgl.ui.FXGLUIFactoryServiceProvider
12:04:09.948 [FXGL Background Thread 3 ] DEBUG Engine               - class com.almasb.fxgl.ui.FXGLDialogFactoryServiceProvider
12:04:09.948 [FXGL Background Thread 3 ] DEBUG Engine               - class com.almasb.fxgl.audio.AudioPlayer
12:04:09.948 [FXGL Background Thread 3 ] DEBUG Engine               - class com.almasb.fxgl.notification.impl.NotificationServiceProvider
12:04:09.948 [FXGL Background Thread 3 ] DEBUG Engine               - class com.almasb.fxgl.achievement.AchievementService
12:04:09.948 [FXGL Background Thread 3 ] DEBUG Engine               - class com.almasb.fxgl.cutscene.CutsceneService
12:04:09.948 [FXGL Background Thread 3 ] DEBUG Engine               - class com.almasb.fxgl.minigames.MiniGameService
12:04:09.948 [FXGL Background Thread 3 ] DEBUG Engine               - class com.almasb.fxgl.net.NetService
12:04:09.948 [FXGL Background Thread 3 ] DEBUG Engine               - class com.almasb.fxgl.app.services.UpdaterService
12:04:09.948 [FXGL Background Thread 3 ] DEBUG Engine               - class com.almasb.fxgl.dev.DevService
12:04:13.750 [JavaFX Application Thread] DEBUG FXGLApplication      - Exiting FXGL
12:04:13.750 [JavaFX Application Thread] DEBUG LoopRunner           - Stopping loop
12:04:13.750 [JavaFX Application Thread] DEBUG SystemBundleService  - Saving FXGL system data
12:04:13.758 [JavaFX Application Thread] DEBUG FileSystemAccess     - Writing to: C:\Users\makim\OneDrive - HTL Saalfelden\3AHINF 2025_2026\POS\Spiel\system\fxgl.bundle
12:04:13.763 [JavaFX Application Thread] DEBUG Async                - Shutting down background threads
12:04:13.764 [JavaFX Application Thread] DEBUG PrimaryStageWindow   - Closing main window
12:04:13.807 [JavaFX Application Thread] DEBUG Logger               - Closing Logger
