08:46:02.783 [main                     ] DEBUG Logger               - Configured Logger
08:46:02.804 [main                     ] DEBUG GameApplication      - Logging settings
Title: HTL Mario Test
Version: 1.0
Width: 1280
Height: 720
Fullscreen: false
Intro: false
Profiling: false
Single step:false
App Mode: DEVELOPER
Menu Key: ESCAPE
Stage Style: DECORATED
Scene Factory: class com.almasb.fxgl.app.scene.SceneFactory

08:46:03.700 [JavaFX Application Thread] DEBUG FXGLApplication      - Initializing FXGL
08:46:03.706 [JavaFX Application Thread] INFO  Engine               - FXGL-17.3 (30.03.2023 11.49) on WINDOWS (J:24.0.2 FX:21.0.2)
08:46:03.706 [JavaFX Application Thread] DEBUG Engine               - JRE Vendor Name: Amazon.com Inc.
08:46:03.707 [JavaFX Application Thread] DEBUG Engine               - Running on OS: Windows 11 version 10.0
08:46:03.707 [JavaFX Application Thread] DEBUG Engine               - Architecture: amd64
08:46:03.707 [JavaFX Application Thread] INFO  Engine               - Source code and latest versions at: https://github.com/AlmasB/FXGL
08:46:03.707 [JavaFX Application Thread] INFO  Engine               -       Ask questions and discuss at: https://github.com/AlmasB/FXGL/discussions
08:46:03.708 [JavaFX Application Thread] INFO  Engine               -              Join the FXGL chat at: https://gitter.im/AlmasB/FXGL
08:46:03.993 [JavaFX Application Thread] DEBUG PrimaryStageWindow   - Creating a JavaFX scene
08:46:04.102 [JavaFX Application Thread] DEBUG PrimaryStageWindow   - Target settings size: 1280.0 x 720.0
08:46:04.102 [JavaFX Application Thread] DEBUG PrimaryStageWindow   - Scaled scene size:    1280.0 x 720.0
08:46:04.102 [JavaFX Application Thread] DEBUG PrimaryStageWindow   - Scaled ratio: (1.0, 1.0)
08:46:04.104 [JavaFX Application Thread] DEBUG PrimaryStageWindow   - Set initial scene to FXGLStartupScene
08:46:04.111 [JavaFX Application Thread] DEBUG PrimaryStageWindow   - Opening main window
08:46:04.289 [JavaFX Application Thread] DEBUG PrimaryStageWindow   - Window border size: (14.4000244140625, 37.5999755859375)
08:46:04.289 [JavaFX Application Thread] DEBUG PrimaryStageWindow   - Scaled size: 1280.0 x 720.0
08:46:04.289 [JavaFX Application Thread] DEBUG PrimaryStageWindow   - Scaled ratio: (1.0, 1.0)
08:46:04.290 [JavaFX Application Thread] DEBUG PrimaryStageWindow   - Scene size: 1280.0 x 720.0
08:46:04.290 [JavaFX Application Thread] DEBUG PrimaryStageWindow   - Stage size: 1294.4000244140625 x 757.5999755859375
08:46:04.319 [FXGL Background Thread 1 ] DEBUG Engine               - Initializing environment variables
08:46:04.482 [FXGL Background Thread 1 ] DEBUG FXGLAssetLoaderServi - User app class for loading assets: class at.htl.spiel.MarioLevel
08:46:04.482 [FXGL Background Thread 1 ] DEBUG GameApplicationServi - Applying CSS: fxgl_dark.css
08:46:04.486 [FXGL Background Thread 1 ] DEBUG FXGLAssetLoaderServi - Loading from file system: jar:file:/C:/Users/makim/.m2/repository/com/github/almasb/fxgl/17.3/fxgl-17.3.jar!/fxglassets/ui/css/fxgl_dark.css
08:46:04.616 [FXGL Background Thread 1 ] DEBUG GameApplicationServi - Initializing application scenes
08:46:04.710 [FXGL Background Thread 1 ] DEBUG GameWorld            - Game world initialized
08:46:04.844 [FXGL Background Thread 1 ] DEBUG PhysicsWorld         - Physics world initialized: appHeight=720, physics.ppm=50,0
08:46:04.845 [FXGL Background Thread 1 ] DEBUG PhysicsWorld         - Using strategy: BRUTE_FORCE
08:46:04.852 [FXGL Background Thread 1 ] DEBUG GameScene            - Game scene initialized: 1280x720
08:46:04.884 [FXGL Background Thread 1 ] DEBUG FXGL.DefaultMenu     - createMenuBodyGameMenu()
08:46:04.946 [FXGL Background Thread 1 ] DEBUG FXGL.DefaultMenu     - createOptionsMenu()
08:46:04.977 [FXGL Background Thread 1 ] DEBUG FXGLAssetLoaderServi - Loading from file system: jar:file:/C:/Users/makim/.m2/repository/com/github/almasb/fxgl/17.3/fxgl-17.3.jar!/fxglassets/textures/particles/smoke.png
08:46:05.192 [FXGL Background Thread 1 ] DEBUG FXGLAssetLoaderServi - Loading from file system: jar:file:/C:/Users/makim/.m2/repository/com/github/almasb/fxgl/17.3/fxgl-17.3.jar!/fxglassets/textures/particles/trace_horizontal.png
08:46:05.256 [FXGL Background Thread 1 ] DEBUG GameApplicationServi - Application scenes initialized
08:46:05.286 [FXGL Background Thread 1 ] DEBUG SystemBundleService  - Loading FXGL system data
08:46:05.295 [FXGL Background Thread 1 ] DEBUG FileSystemAccess     - Reading from: C:\Users\makim\OneDrive - HTL Saalfelden\3AHINF 2025_2026\POS\Spiel\system\fxgl.bundle
08:46:05.312 [FXGL Background Thread 1 ] DEBUG SystemBundleService  - Bundle FXGL: {}
08:46:05.312 [FXGL Background Thread 1 ] DEBUG UpdaterService       - Checking for updates
08:46:05.321 [FXGL Background Thread 4 ] DEBUG FXGLApplication      - Loading fonts
08:46:05.322 [FXGL Background Thread 4 ] DEBUG FXGLAssetLoaderServi - Loading from file system: jar:file:/C:/Users/makim/.m2/repository/com/github/almasb/fxgl/17.3/fxgl-17.3.jar!/fxglassets/ui/fonts/VarelaRound-Regular.ttf
08:46:05.323 [FXGL Background Thread 1 ] DEBUG FXGLApplication      - Loading default localization
08:46:05.324 [FXGL Background Thread 1 ] DEBUG FXGLAssetLoaderServi - Loading from file system: jar:file:/C:/Users/makim/.m2/repository/com/github/almasb/fxgl/17.3/fxgl-17.3.jar!/fxglassets/languages/english.lang
08:46:05.382 [FXGL Background Thread 1 ] INFO  FXGLApplication      - FXGL initialization took: 1,063 sec
08:46:05.385 [JavaFX Application Thread] DEBUG FXGLAssetLoaderServi - Loading from file system: jar:file:/C:/Users/makim/.m2/repository/com/github/almasb/fxgl/17.3/fxgl-17.3.jar!/fxglassets/textures/fxgl_icon.png
08:46:05.421 [JavaFX Application Thread] DEBUG FXGLAssetLoaderServi - Loading from file system: jar:file:/C:/Users/makim/.m2/repository/com/github/almasb/fxgl/17.3/fxgl-17.3.jar!/fxglassets/textures/fxgl_default_cursor.png
08:46:05.429 [FXGL Background Thread 4 ] DEBUG FXGLAssetLoaderServi - Loading from file system: jar:file:/C:/Users/makim/.m2/repository/com/github/almasb/fxgl/17.3/fxgl-17.3.jar!/fxglassets/ui/fonts/Abel-Regular.ttf
08:46:05.446 [JavaFX Application Thread] DEBUG Input                - Registered new binding: Screenshot - CTRL+8
08:46:05.447 [JavaFX Application Thread] DEBUG Input                - Registered new binding: System info dump - CTRL+9
08:46:05.448 [JavaFX Application Thread] DEBUG Input                - Registered new binding: Restart - CTRL+R
08:46:05.450 [JavaFX Application Thread] DEBUG Input                - Registered new binding: Toggle Debug Camera - CTRL+7
08:46:05.453 [FXGL Background Thread 4 ] DEBUG FXGLAssetLoaderServi - Loading from file system: jar:file:/C:/Users/makim/.m2/repository/com/github/almasb/fxgl/17.3/fxgl-17.3.jar!/fxglassets/ui/fonts/TerminalLandMono-Regular.otf
08:46:05.457 [JavaFX Application Thread] DEBUG LoopRunner           - Starting loop
08:46:05.457 [JavaFX Application Thread] DEBUG LoopRunner           - Initializing JavaFX AnimationTimerLoop
08:46:05.462 [JavaFX Application Thread] DEBUG GameApplicationServi - Starting new game
08:46:05.463 [JavaFX Application Thread] DEBUG Input                - Clearing active input actions
08:46:05.481 [FXGL Background Thread 4 ] DEBUG FXGLAssetLoaderServi - Loading from file system: jar:file:/C:/Users/makim/.m2/repository/com/github/almasb/fxgl/17.3/fxgl-17.3.jar!/fxglassets/ui/fonts/Courier-Prime.ttf
08:46:05.490 [JavaFX Application Thread] DEBUG GameApplicationServi - Removing overlay from FXGLStartupScene and adding to FXGLLoadingScene
08:46:05.491 [JavaFX Application Thread] DEBUG PrimaryStageWindow   - FXGLStartupScene -> FXGLLoadingScene
08:46:05.491 [JavaFX Application Thread] DEBUG GameApplicationServi - Clearing previous game
08:46:05.491 [JavaFX Application Thread] DEBUG GameScene            - Clearing game scene
08:46:05.491 [JavaFX Application Thread] DEBUG GameWorld            - Clearing game world
08:46:05.491 [JavaFX Application Thread] DEBUG PhysicsWorld         - Clearing physics world
08:46:05.495 [FXGL Background Thread 1 ] DEBUG FXGLApplication      - Initializing game
08:46:05.615 [JavaFX Application Thread] DEBUG FXGLApplication      - Registering font factories with UI factory
08:46:05.681 [FXGL Background Thread 1 ] WARN  TMXLevelLoader       - TiledMap generated from 1.11.2. Supported version: 1.9.0. Some features may not be parsed fully.
08:46:05.695 [FXGL Background Thread 1 ] DEBUG TMXLevelLoader       - Parsed TiledMap: file:/C:/Users/makim/OneDrive%20-%20HTL%20Saalfelden/3AHINF%202025_2026/POS/Spiel/target/classes/assets/levels/level1.tmx
08:46:05.697 [FXGL Background Thread 1 ] DEBUG TMXLevelLoader       - Creating tile layer entities
08:46:05.700 [FXGL Background Thread 1 ] DEBUG TilesetLoader        - Loading view for layer ground
08:46:05.701 [FXGL Background Thread 1 ] DEBUG TilesetLoader        - Created buffer with size 1600.0x240.0
08:46:05.702 [FXGL Background Thread 1 ] DEBUG TilesetLoader        - Loading view for layer Deko
08:46:05.704 [FXGL Background Thread 1 ] DEBUG TilesetLoader        - Created buffer with size 1600.0x240.0
08:46:05.760 [FXGL Background Thread 1 ] DEBUG TilesetLoader        - Loading view for layer Vordergrund
08:46:05.761 [FXGL Background Thread 1 ] DEBUG TilesetLoader        - Created buffer with size 1600.0x240.0
08:46:05.768 [FXGL Background Thread 1 ] DEBUG TMXLevelLoader       - Creating object layer entities
08:46:05.769 [FXGL Background Thread 1 ] DEBUG GameWorld            - Clearing removable entities
08:46:05.771 [FXGL Background Thread 1 ] DEBUG GameWorld            - Setting level: com.almasb.fxgl.entity.level.Level@48b15e30
08:46:05.783 [FXGL Background Thread 1 ] INFO  FXGLApplication      - Game initialization took: 0,288 sec
08:46:05.784 [JavaFX Application Thread] DEBUG Input                - Clearing active input actions
08:46:05.800 [JavaFX Application Thread] DEBUG GameApplicationServi - Removing overlay from FXGLLoadingScene and adding to GameScene
08:46:05.801 [JavaFX Application Thread] DEBUG PrimaryStageWindow   - FXGLLoadingScene -> GameScene
08:46:06.234 [FXGL Background Thread 2 ] INFO  UpdaterService       - Your current version:  17.3
08:46:06.235 [FXGL Background Thread 2 ] INFO  UpdaterService       - Latest stable version: 25
08:46:08.318 [FXGL Background Thread 3 ] DEBUG Engine               - Logging environment variables
08:46:08.319 [FXGL Background Thread 3 ] DEBUG Engine               - achievements: []
08:46:08.319 [FXGL Background Thread 3 ] DEBUG Engine               - actualHeight: 720.0
08:46:08.320 [FXGL Background Thread 3 ] DEBUG Engine               - actualHeightProperty: ReadOnlyDoubleProperty [value: 720.0]
08:46:08.320 [FXGL Background Thread 3 ] DEBUG Engine               - actualWidth: 1280.0
08:46:08.320 [FXGL Background Thread 3 ] DEBUG Engine               - actualWidthProperty: ReadOnlyDoubleProperty [value: 1280.0]
08:46:08.320 [FXGL Background Thread 3 ] DEBUG Engine               - appIcon: fxgl_icon.png
08:46:08.320 [FXGL Background Thread 3 ] DEBUG Engine               - applicationMode: DEVELOPER
08:46:08.320 [FXGL Background Thread 3 ] DEBUG Engine               - cSSList: [fxgl_dark.css]
08:46:08.320 [FXGL Background Thread 3 ] DEBUG Engine               - collisionDetectionStrategy: BRUTE_FORCE
08:46:08.320 [FXGL Background Thread 3 ] DEBUG Engine               - configClass: Optional.empty
08:46:08.320 [FXGL Background Thread 3 ] DEBUG Engine               - credits: []
08:46:08.321 [FXGL Background Thread 3 ] DEBUG Engine               - defaultCursor: CursorInfo(imageName=fxgl_default_cursor.png, hotspotX=7.0, hotspotY=6.0)
08:46:08.321 [FXGL Background Thread 3 ] DEBUG Engine               - devBBoxColorProperty: ObjectProperty [value: 0xff0000ff]
08:46:08.321 [FXGL Background Thread 3 ] DEBUG Engine               - devEnableDebugCameraProperty: BooleanProperty [value: false]
08:46:08.321 [FXGL Background Thread 3 ] DEBUG Engine               - devSensorColorProperty: ObjectProperty [value: 0xffff00ff]
08:46:08.321 [FXGL Background Thread 3 ] DEBUG Engine               - devShowBBoxProperty: BooleanProperty [value: false]
08:46:08.321 [FXGL Background Thread 3 ] DEBUG Engine               - devShowPositionProperty: BooleanProperty [value: false]
08:46:08.321 [FXGL Background Thread 3 ] DEBUG Engine               - enabledMenuItems: []
08:46:08.321 [FXGL Background Thread 3 ] DEBUG Engine               - engineServices: [class com.almasb.fxgl.app.services.FXGLAssetLoaderService, class com.almasb.fxgl.app.FXGLApplication$GameApplicationService, class com.almasb.fxgl.app.services.FXGLDialogService, class com.almasb.fxgl.app.services.IOTaskExecutorService, class com.almasb.fxgl.io.FileSystemService, class com.almasb.fxgl.localization.LocalizationService, class com.almasb.fxgl.app.services.SystemBundleService, class com.almasb.fxgl.profile.SaveLoadService, class com.almasb.fxgl.ui.FXGLUIFactoryServiceProvider, class com.almasb.fxgl.ui.FXGLDialogFactoryServiceProvider, class com.almasb.fxgl.audio.AudioPlayer, class com.almasb.fxgl.notification.impl.NotificationServiceProvider, class com.almasb.fxgl.achievement.AchievementService, class com.almasb.fxgl.cutscene.CutsceneService, class com.almasb.fxgl.minigames.MiniGameService, class com.almasb.fxgl.net.NetService, class com.almasb.fxgl.app.services.UpdaterService, class com.almasb.fxgl.dev.DevService]
08:46:08.322 [FXGL Background Thread 3 ] DEBUG Engine               - fontGame: Abel-Regular.ttf
08:46:08.322 [FXGL Background Thread 3 ] DEBUG Engine               - fontMono: TerminalLandMono-Regular.otf
08:46:08.322 [FXGL Background Thread 3 ] DEBUG Engine               - fontSizeScaleUI: 1.0
08:46:08.322 [FXGL Background Thread 3 ] DEBUG Engine               - fontText: Courier-Prime.ttf
08:46:08.322 [FXGL Background Thread 3 ] DEBUG Engine               - fontUI: VarelaRound-Regular.ttf
08:46:08.322 [FXGL Background Thread 3 ] DEBUG Engine               - fullScreen: BooleanProperty [value: false]
08:46:08.322 [FXGL Background Thread 3 ] DEBUG Engine               - gameDifficulty: MEDIUM
08:46:08.322 [FXGL Background Thread 3 ] DEBUG Engine               - gameDifficultyProperty: ObjectProperty [value: MEDIUM]
08:46:08.322 [FXGL Background Thread 3 ] DEBUG Engine               - globalMusicVolume: 0.5
08:46:08.322 [FXGL Background Thread 3 ] DEBUG Engine               - globalMusicVolumeProperty: DoubleProperty [value: 0.5]
08:46:08.322 [FXGL Background Thread 3 ] DEBUG Engine               - globalSoundVolume: 0.5
08:46:08.323 [FXGL Background Thread 3 ] DEBUG Engine               - globalSoundVolumeProperty: DoubleProperty [value: 0.5]
08:46:08.323 [FXGL Background Thread 3 ] DEBUG Engine               - height: 720
08:46:08.323 [FXGL Background Thread 3 ] DEBUG Engine               - is3D: false
08:46:08.323 [FXGL Background Thread 3 ] DEBUG Engine               - isAndroid: false
08:46:08.323 [FXGL Background Thread 3 ] DEBUG Engine               - isBrowser: false
08:46:08.323 [FXGL Background Thread 3 ] DEBUG Engine               - isClickFeedbackEnabled: false
08:46:08.323 [FXGL Background Thread 3 ] DEBUG Engine               - isCloseConfirmation: false
08:46:08.323 [FXGL Background Thread 3 ] DEBUG Engine               - isDesktop: true
08:46:08.323 [FXGL Background Thread 3 ] DEBUG Engine               - isDeveloperMenuEnabled: false
08:46:08.323 [FXGL Background Thread 3 ] DEBUG Engine               - isEmbedded: false
08:46:08.323 [FXGL Background Thread 3 ] DEBUG Engine               - isEntityPreloadEnabled: true
08:46:08.323 [FXGL Background Thread 3 ] DEBUG Engine               - isExperimentalTiledLargeMap: false
08:46:08.324 [FXGL Background Thread 3 ] DEBUG Engine               - isFileSystemWriteAllowed: true
08:46:08.324 [FXGL Background Thread 3 ] DEBUG Engine               - isFullScreenAllowed: false
08:46:08.324 [FXGL Background Thread 3 ] DEBUG Engine               - isFullScreenFromStart: false
08:46:08.324 [FXGL Background Thread 3 ] DEBUG Engine               - isGameMenuEnabled: true
08:46:08.324 [FXGL Background Thread 3 ] DEBUG Engine               - isIOS: false
08:46:08.324 [FXGL Background Thread 3 ] DEBUG Engine               - isIntroEnabled: false
08:46:08.324 [FXGL Background Thread 3 ] DEBUG Engine               - isLinux: false
08:46:08.324 [FXGL Background Thread 3 ] DEBUG Engine               - isMac: false
08:46:08.324 [FXGL Background Thread 3 ] DEBUG Engine               - isMainMenuEnabled: false
08:46:08.324 [FXGL Background Thread 3 ] DEBUG Engine               - isManualResizeEnabled: false
08:46:08.324 [FXGL Background Thread 3 ] DEBUG Engine               - isMobile: false
08:46:08.324 [FXGL Background Thread 3 ] DEBUG Engine               - isNative: false
08:46:08.324 [FXGL Background Thread 3 ] DEBUG Engine               - isPauseMusicWhenMinimized: true
08:46:08.324 [FXGL Background Thread 3 ] DEBUG Engine               - isPreserveResizeRatio: false
08:46:08.324 [FXGL Background Thread 3 ] DEBUG Engine               - isProfilingEnabled: false
08:46:08.324 [FXGL Background Thread 3 ] DEBUG Engine               - isScaleAffectedOnResize: true
08:46:08.324 [FXGL Background Thread 3 ] DEBUG Engine               - isSingleStep: false
08:46:08.324 [FXGL Background Thread 3 ] DEBUG Engine               - isUserProfileEnabled: false
08:46:08.324 [FXGL Background Thread 3 ] DEBUG Engine               - isWindows: true
08:46:08.324 [FXGL Background Thread 3 ] DEBUG Engine               - language: ObjectProperty [value: ENGLISH]
08:46:08.324 [FXGL Background Thread 3 ] DEBUG Engine               - menuKey: ESCAPE
08:46:08.324 [FXGL Background Thread 3 ] DEBUG Engine               - mouseSensitivity: 0.2
08:46:08.325 [FXGL Background Thread 3 ] DEBUG Engine               - notificationViewClass: class com.almasb.fxgl.notification.view.XboxNotificationView
08:46:08.325 [FXGL Background Thread 3 ] DEBUG Engine               - pixelsPerMeter: 50.0
08:46:08.325 [FXGL Background Thread 3 ] DEBUG Engine               - platform: WINDOWS
08:46:08.325 [FXGL Background Thread 3 ] DEBUG Engine               - prefHeightProperty: ReadOnlyDoubleProperty [value: 720.0]
08:46:08.325 [FXGL Background Thread 3 ] DEBUG Engine               - prefWidthProperty: ReadOnlyDoubleProperty [value: 1280.0]
08:46:08.325 [FXGL Background Thread 3 ] DEBUG Engine               - profileDir: profiles/
08:46:08.325 [FXGL Background Thread 3 ] DEBUG Engine               - profileName: StringProperty [value: DEFAULT]
08:46:08.325 [FXGL Background Thread 3 ] DEBUG Engine               - randomSeed: -1
08:46:08.325 [FXGL Background Thread 3 ] DEBUG Engine               - runtimeInfo: RuntimeInfo(platform=WINDOWS, version=17.3, build=30.03.2023 11.49)
08:46:08.325 [FXGL Background Thread 3 ] DEBUG Engine               - saveFileExt: sav
08:46:08.327 [FXGL Background Thread 3 ] DEBUG Engine               - scaledHeightProp$fxgl: DoubleProperty [bound, value: 720.0]
08:46:08.327 [FXGL Background Thread 3 ] DEBUG Engine               - scaledWidthProp$fxgl: DoubleProperty [bound, value: 1280.0]
08:46:08.327 [FXGL Background Thread 3 ] DEBUG Engine               - sceneFactory: com.almasb.fxgl.app.scene.SceneFactory@2fcd6c80
08:46:08.327 [FXGL Background Thread 3 ] DEBUG Engine               - secondsIn24h: 60
08:46:08.327 [FXGL Background Thread 3 ] DEBUG Engine               - soundMenuBack: menu/back.wav
08:46:08.327 [FXGL Background Thread 3 ] DEBUG Engine               - soundMenuPress: menu/press.wav
08:46:08.327 [FXGL Background Thread 3 ] DEBUG Engine               - soundMenuSelect: menu/select.wav
08:46:08.327 [FXGL Background Thread 3 ] DEBUG Engine               - soundNotification: core/notification.wav
08:46:08.327 [FXGL Background Thread 3 ] DEBUG Engine               - stageStyle: DECORATED
08:46:08.327 [FXGL Background Thread 3 ] DEBUG Engine               - supportedLanguages: [ENGLISH, FRENCH, GERMAN, HUNGARIAN, RUSSIAN]
08:46:08.327 [FXGL Background Thread 3 ] DEBUG Engine               - ticksPerSecond: -1
08:46:08.327 [FXGL Background Thread 3 ] DEBUG Engine               - title: HTL Mario Test
08:46:08.327 [FXGL Background Thread 3 ] DEBUG Engine               - urlGithub: https://github.com/AlmasB/FXGL
08:46:08.327 [FXGL Background Thread 3 ] DEBUG Engine               - urlLeaderboard: http://fxgl-top.herokuapp.com/
08:46:08.327 [FXGL Background Thread 3 ] DEBUG Engine               - urlPOM: https://raw.githubusercontent.com/AlmasB/FXGL/release/README.md
08:46:08.327 [FXGL Background Thread 3 ] DEBUG Engine               - userAppClass: class at.htl.spiel.MarioLevel
08:46:08.327 [FXGL Background Thread 3 ] DEBUG Engine               - version: 1.0
08:46:08.327 [FXGL Background Thread 3 ] DEBUG Engine               - versionCheckDays: 7
08:46:08.327 [FXGL Background Thread 3 ] DEBUG Engine               - width: 1280
08:46:08.327 [FXGL Background Thread 3 ] DEBUG Engine               - Logging services
08:46:08.328 [FXGL Background Thread 3 ] DEBUG Engine               - class com.almasb.fxgl.app.services.FXGLAssetLoaderService
08:46:08.328 [FXGL Background Thread 3 ] DEBUG Engine               - class com.almasb.fxgl.app.FXGLApplication$GameApplicationService
08:46:08.328 [FXGL Background Thread 3 ] DEBUG Engine               - class com.almasb.fxgl.app.services.FXGLDialogService
08:46:08.328 [FXGL Background Thread 3 ] DEBUG Engine               - class com.almasb.fxgl.app.services.IOTaskExecutorService
08:46:08.328 [FXGL Background Thread 3 ] DEBUG Engine               - class com.almasb.fxgl.io.FileSystemService
08:46:08.328 [FXGL Background Thread 3 ] DEBUG Engine               - class com.almasb.fxgl.localization.LocalizationService
08:46:08.328 [FXGL Background Thread 3 ] DEBUG Engine               - class com.almasb.fxgl.app.services.SystemBundleService
08:46:08.328 [FXGL Background Thread 3 ] DEBUG Engine               - class com.almasb.fxgl.profile.SaveLoadService
08:46:08.328 [FXGL Background Thread 3 ] DEBUG Engine               - class com.almasb.fxgl.ui.FXGLUIFactoryServiceProvider
08:46:08.328 [FXGL Background Thread 3 ] DEBUG Engine               - class com.almasb.fxgl.ui.FXGLDialogFactoryServiceProvider
08:46:08.328 [FXGL Background Thread 3 ] DEBUG Engine               - class com.almasb.fxgl.audio.AudioPlayer
08:46:08.328 [FXGL Background Thread 3 ] DEBUG Engine               - class com.almasb.fxgl.notification.impl.NotificationServiceProvider
08:46:08.328 [FXGL Background Thread 3 ] DEBUG Engine               - class com.almasb.fxgl.achievement.AchievementService
08:46:08.328 [FXGL Background Thread 3 ] DEBUG Engine               - class com.almasb.fxgl.cutscene.CutsceneService
08:46:08.328 [FXGL Background Thread 3 ] DEBUG Engine               - class com.almasb.fxgl.minigames.MiniGameService
08:46:08.328 [FXGL Background Thread 3 ] DEBUG Engine               - class com.almasb.fxgl.net.NetService
08:46:08.328 [FXGL Background Thread 3 ] DEBUG Engine               - class com.almasb.fxgl.app.services.UpdaterService
08:46:08.328 [FXGL Background Thread 3 ] DEBUG Engine               - class com.almasb.fxgl.dev.DevService
08:46:12.906 [JavaFX Application Thread] DEBUG PrimaryStageWindow   - Push state: FXGLDefaultMenu
08:46:12.922 [JavaFX Application Thread] DEBUG Input                - Clearing active input actions
08:46:12.930 [JavaFX Application Thread] DEBUG GameApplicationServi - Removing overlay from GameScene and adding to FXGLDefaultMenu
08:46:12.931 [JavaFX Application Thread] DEBUG PrimaryStageWindow   - GameScene -> FXGLDefaultMenu
08:46:13.864 [JavaFX Application Thread] DEBUG PrimaryStageWindow   - Pop state: FXGLDefaultMenu
08:46:13.864 [JavaFX Application Thread] DEBUG Input                - Clearing active input actions
08:46:13.866 [JavaFX Application Thread] DEBUG GameApplicationServi - Removing overlay from FXGLDefaultMenu and adding to GameScene
08:46:13.868 [JavaFX Application Thread] DEBUG PrimaryStageWindow   - GameScene <- FXGLDefaultMenu
08:46:22.558 [JavaFX Application Thread] DEBUG FXGLApplication      - Exiting FXGL
08:46:22.560 [JavaFX Application Thread] DEBUG LoopRunner           - Stopping loop
08:46:22.560 [JavaFX Application Thread] DEBUG SystemBundleService  - Saving FXGL system data
08:46:22.566 [JavaFX Application Thread] DEBUG FileSystemAccess     - Writing to: C:\Users\makim\OneDrive - HTL Saalfelden\3AHINF 2025_2026\POS\Spiel\system\fxgl.bundle
08:46:22.570 [JavaFX Application Thread] DEBUG Async                - Shutting down background threads
08:46:22.570 [JavaFX Application Thread] DEBUG PrimaryStageWindow   - Closing main window
08:46:22.596 [JavaFX Application Thread] DEBUG Logger               - Closing Logger
