11:57:28.898 [main                     ] DEBUG Logger               - Configured Logger
11:57:28.917 [main                     ] DEBUG GameApplication      - Logging settings
Title: HTL Mario Fix
Version: 0.0
Width: 1280
Height: 720
Fullscreen: false
Intro: false
Profiling: false
Single step:false
App Mode: DEVELOPER
Menu Key: ESCAPE
Stage Style: DECORATED
Scene Factory: class com.almasb.fxgl.app.scene.SceneFactory

11:57:29.753 [JavaFX Application Thread] DEBUG FXGLApplication      - Initializing FXGL
11:57:29.759 [JavaFX Application Thread] INFO  Engine               - FXGL-17.3 (30.03.2023 11.49) on WINDOWS (J:24.0.2 FX:21.0.2)
11:57:29.759 [JavaFX Application Thread] DEBUG Engine               - JRE Vendor Name: Amazon.com Inc.
11:57:29.759 [JavaFX Application Thread] DEBUG Engine               - Running on OS: Windows 11 version 10.0
11:57:29.760 [JavaFX Application Thread] DEBUG Engine               - Architecture: amd64
11:57:29.760 [JavaFX Application Thread] INFO  Engine               - Source code and latest versions at: https://github.com/AlmasB/FXGL
11:57:29.760 [JavaFX Application Thread] INFO  Engine               -       Ask questions and discuss at: https://github.com/AlmasB/FXGL/discussions
11:57:29.760 [JavaFX Application Thread] INFO  Engine               -              Join the FXGL chat at: https://gitter.im/AlmasB/FXGL
11:57:30.066 [JavaFX Application Thread] DEBUG PrimaryStageWindow   - Creating a JavaFX scene
11:57:30.180 [JavaFX Application Thread] DEBUG PrimaryStageWindow   - Target settings size: 1280.0 x 720.0
11:57:30.180 [JavaFX Application Thread] DEBUG PrimaryStageWindow   - Scaled scene size:    1280.0 x 720.0
11:57:30.180 [JavaFX Application Thread] DEBUG PrimaryStageWindow   - Scaled ratio: (1.0, 1.0)
11:57:30.182 [JavaFX Application Thread] DEBUG PrimaryStageWindow   - Set initial scene to FXGLStartupScene
11:57:30.187 [JavaFX Application Thread] DEBUG PrimaryStageWindow   - Opening main window
11:57:30.355 [JavaFX Application Thread] DEBUG PrimaryStageWindow   - Window border size: (14.4000244140625, 37.5999755859375)
11:57:30.356 [JavaFX Application Thread] DEBUG PrimaryStageWindow   - Scaled size: 1280.0 x 720.0
11:57:30.356 [JavaFX Application Thread] DEBUG PrimaryStageWindow   - Scaled ratio: (1.0, 1.0)
11:57:30.356 [JavaFX Application Thread] DEBUG PrimaryStageWindow   - Scene size: 1280.0 x 720.0
11:57:30.356 [JavaFX Application Thread] DEBUG PrimaryStageWindow   - Stage size: 1294.4000244140625 x 757.5999755859375
11:57:30.378 [FXGL Background Thread 1 ] DEBUG Engine               - Initializing environment variables
11:57:30.514 [FXGL Background Thread 1 ] DEBUG FXGLAssetLoaderServi - User app class for loading assets: class at.htl.spiel.MarioLevel
11:57:30.515 [FXGL Background Thread 1 ] DEBUG GameApplicationServi - Applying CSS: fxgl_dark.css
11:57:30.516 [FXGL Background Thread 1 ] DEBUG FXGLAssetLoaderServi - Loading from file system: jar:file:/C:/Users/makim/.m2/repository/com/github/almasb/fxgl/17.3/fxgl-17.3.jar!/fxglassets/ui/css/fxgl_dark.css
11:57:30.605 [FXGL Background Thread 1 ] DEBUG GameApplicationServi - Initializing application scenes
11:57:30.699 [FXGL Background Thread 1 ] DEBUG GameWorld            - Game world initialized
11:57:30.830 [FXGL Background Thread 1 ] DEBUG PhysicsWorld         - Physics world initialized: appHeight=720, physics.ppm=50,0
11:57:30.831 [FXGL Background Thread 1 ] DEBUG PhysicsWorld         - Using strategy: BRUTE_FORCE
11:57:30.839 [FXGL Background Thread 1 ] DEBUG GameScene            - Game scene initialized: 1280x720
11:57:30.863 [FXGL Background Thread 1 ] DEBUG FXGL.DefaultMenu     - createMenuBodyGameMenu()
11:57:30.905 [FXGL Background Thread 1 ] DEBUG FXGL.DefaultMenu     - createOptionsMenu()
11:57:30.925 [FXGL Background Thread 1 ] DEBUG FXGLAssetLoaderServi - Loading from file system: jar:file:/C:/Users/makim/.m2/repository/com/github/almasb/fxgl/17.3/fxgl-17.3.jar!/fxglassets/textures/particles/smoke.png
11:57:31.079 [FXGL Background Thread 1 ] DEBUG FXGLAssetLoaderServi - Loading from file system: jar:file:/C:/Users/makim/.m2/repository/com/github/almasb/fxgl/17.3/fxgl-17.3.jar!/fxglassets/textures/particles/trace_horizontal.png
11:57:31.117 [FXGL Background Thread 1 ] DEBUG GameApplicationServi - Application scenes initialized
11:57:31.143 [FXGL Background Thread 1 ] DEBUG SystemBundleService  - Loading FXGL system data
11:57:31.149 [FXGL Background Thread 1 ] DEBUG FileSystemAccess     - Reading from: C:\Users\makim\OneDrive - HTL Saalfelden\3AHINF 2025_2026\POS\Spiel\system\fxgl.bundle
11:57:31.162 [FXGL Background Thread 1 ] DEBUG SystemBundleService  - Bundle FXGL: {}
11:57:31.162 [FXGL Background Thread 1 ] DEBUG UpdaterService       - Checking for updates
11:57:31.170 [FXGL Background Thread 4 ] DEBUG FXGLApplication      - Loading fonts
11:57:31.171 [FXGL Background Thread 4 ] DEBUG FXGLAssetLoaderServi - Loading from file system: jar:file:/C:/Users/makim/.m2/repository/com/github/almasb/fxgl/17.3/fxgl-17.3.jar!/fxglassets/ui/fonts/VarelaRound-Regular.ttf
11:57:31.171 [FXGL Background Thread 1 ] DEBUG FXGLApplication      - Loading default localization
11:57:31.172 [FXGL Background Thread 1 ] DEBUG FXGLAssetLoaderServi - Loading from file system: jar:file:/C:/Users/makim/.m2/repository/com/github/almasb/fxgl/17.3/fxgl-17.3.jar!/fxglassets/languages/english.lang
11:57:31.221 [FXGL Background Thread 1 ] INFO  FXGLApplication      - FXGL initialization took: 0,842 sec
11:57:31.240 [JavaFX Application Thread] DEBUG Input                - Registered new binding: action0 - D
11:57:31.241 [JavaFX Application Thread] DEBUG Input                - Registered new binding: action1 - A
11:57:31.243 [JavaFX Application Thread] DEBUG Input                - Registered new binding: action2 - W
11:57:31.244 [JavaFX Application Thread] DEBUG FXGLAssetLoaderServi - Loading from file system: jar:file:/C:/Users/makim/.m2/repository/com/github/almasb/fxgl/17.3/fxgl-17.3.jar!/fxglassets/textures/fxgl_icon.png
11:57:31.256 [FXGL Background Thread 4 ] DEBUG FXGLAssetLoaderServi - Loading from file system: jar:file:/C:/Users/makim/.m2/repository/com/github/almasb/fxgl/17.3/fxgl-17.3.jar!/fxglassets/ui/fonts/Abel-Regular.ttf
11:57:31.277 [FXGL Background Thread 4 ] DEBUG FXGLAssetLoaderServi - Loading from file system: jar:file:/C:/Users/makim/.m2/repository/com/github/almasb/fxgl/17.3/fxgl-17.3.jar!/fxglassets/ui/fonts/TerminalLandMono-Regular.otf
11:57:31.283 [JavaFX Application Thread] DEBUG FXGLAssetLoaderServi - Loading from file system: jar:file:/C:/Users/makim/.m2/repository/com/github/almasb/fxgl/17.3/fxgl-17.3.jar!/fxglassets/textures/fxgl_default_cursor.png
11:57:31.286 [JavaFX Application Thread] DEBUG Input                - Registered new binding: Screenshot - CTRL+8
11:57:31.288 [JavaFX Application Thread] DEBUG Input                - Registered new binding: System info dump - CTRL+9
11:57:31.289 [JavaFX Application Thread] DEBUG Input                - Registered new binding: Restart - CTRL+R
11:57:31.291 [JavaFX Application Thread] DEBUG Input                - Registered new binding: Toggle Debug Camera - CTRL+7
11:57:31.297 [JavaFX Application Thread] DEBUG LoopRunner           - Starting loop
11:57:31.298 [JavaFX Application Thread] DEBUG LoopRunner           - Initializing JavaFX AnimationTimerLoop
11:57:31.301 [FXGL Background Thread 4 ] DEBUG FXGLAssetLoaderServi - Loading from file system: jar:file:/C:/Users/makim/.m2/repository/com/github/almasb/fxgl/17.3/fxgl-17.3.jar!/fxglassets/ui/fonts/Courier-Prime.ttf
11:57:31.302 [JavaFX Application Thread] DEBUG GameApplicationServi - Starting new game
11:57:31.303 [JavaFX Application Thread] DEBUG Input                - Clearing active input actions
11:57:31.329 [JavaFX Application Thread] DEBUG GameApplicationServi - Removing overlay from FXGLStartupScene and adding to FXGLLoadingScene
11:57:31.329 [JavaFX Application Thread] DEBUG PrimaryStageWindow   - FXGLStartupScene -> FXGLLoadingScene
11:57:31.329 [JavaFX Application Thread] DEBUG GameApplicationServi - Clearing previous game
11:57:31.330 [JavaFX Application Thread] DEBUG GameScene            - Clearing game scene
11:57:31.330 [JavaFX Application Thread] DEBUG GameWorld            - Clearing game world
11:57:31.330 [JavaFX Application Thread] DEBUG PhysicsWorld         - Clearing physics world
11:57:31.332 [FXGL Background Thread 4 ] DEBUG FXGLApplication      - Initializing game
11:57:31.428 [JavaFX Application Thread] DEBUG FXGLApplication      - Registering font factories with UI factory
11:57:31.502 [FXGL Background Thread 4 ] WARN  TMXLevelLoader       - TiledMap generated from 1.11.2. Supported version: 1.9.0. Some features may not be parsed fully.
11:57:31.525 [FXGL Background Thread 4 ] DEBUG TMXLevelLoader       - Parsed TiledMap: file:/C:/Users/makim/OneDrive%20-%20HTL%20Saalfelden/3AHINF%202025_2026/POS/Spiel/target/classes/assets/levels/level1.tmx
11:57:31.526 [FXGL Background Thread 4 ] DEBUG TMXLevelLoader       - Creating tile layer entities
11:57:31.530 [FXGL Background Thread 4 ] DEBUG TilesetLoader        - Loading view for layer ground
11:57:31.531 [FXGL Background Thread 4 ] DEBUG TilesetLoader        - Created buffer with size 1600.0x240.0
11:57:31.533 [FXGL Background Thread 4 ] DEBUG TilesetLoader        - Loading view for layer Deko
11:57:31.534 [FXGL Background Thread 4 ] DEBUG TilesetLoader        - Created buffer with size 1600.0x240.0
11:57:31.597 [FXGL Background Thread 4 ] DEBUG TilesetLoader        - Loading view for layer Vordergrund
11:57:31.598 [FXGL Background Thread 4 ] DEBUG TilesetLoader        - Created buffer with size 1600.0x240.0
11:57:31.605 [FXGL Background Thread 4 ] DEBUG TMXLevelLoader       - Creating object layer entities
11:57:31.664 [FXGL Background Thread 4 ] DEBUG GameWorld            - Clearing removable entities
11:57:31.666 [FXGL Background Thread 4 ] DEBUG GameWorld            - Setting level: com.almasb.fxgl.entity.level.Level@47eaa89e
11:57:31.677 [FXGL Background Thread 4 ] DEBUG FXGLAssetLoaderServi - Loading from file system: file:/C:/Users/makim/OneDrive%20-%20HTL%20Saalfelden/3AHINF%202025_2026/POS/Spiel/target/classes/assets/levels/mario_and_items.png
11:57:31.684 [FXGL Background Thread 4 ] INFO  FXGLApplication      - Game initialization took: 0,352 sec
11:57:31.685 [JavaFX Application Thread] DEBUG Input                - Clearing active input actions
11:57:31.702 [JavaFX Application Thread] DEBUG GameApplicationServi - Removing overlay from FXGLLoadingScene and adding to GameScene
11:57:31.702 [JavaFX Application Thread] DEBUG PrimaryStageWindow   - FXGLLoadingScene -> GameScene
11:57:32.183 [FXGL Background Thread 2 ] INFO  UpdaterService       - Your current version:  17.3
11:57:32.184 [FXGL Background Thread 2 ] INFO  UpdaterService       - Latest stable version: 25
11:57:34.168 [FXGL Background Thread 3 ] DEBUG Engine               - Logging environment variables
11:57:34.169 [FXGL Background Thread 3 ] DEBUG Engine               - achievements: []
11:57:34.169 [FXGL Background Thread 3 ] DEBUG Engine               - actualHeight: 720.0
11:57:34.170 [FXGL Background Thread 3 ] DEBUG Engine               - actualHeightProperty: ReadOnlyDoubleProperty [value: 720.0]
11:57:34.170 [FXGL Background Thread 3 ] DEBUG Engine               - actualWidth: 1280.0
11:57:34.170 [FXGL Background Thread 3 ] DEBUG Engine               - actualWidthProperty: ReadOnlyDoubleProperty [value: 1280.0]
11:57:34.170 [FXGL Background Thread 3 ] DEBUG Engine               - appIcon: fxgl_icon.png
11:57:34.170 [FXGL Background Thread 3 ] DEBUG Engine               - applicationMode: DEVELOPER
11:57:34.170 [FXGL Background Thread 3 ] DEBUG Engine               - cSSList: [fxgl_dark.css]
11:57:34.170 [FXGL Background Thread 3 ] DEBUG Engine               - collisionDetectionStrategy: BRUTE_FORCE
11:57:34.170 [FXGL Background Thread 3 ] DEBUG Engine               - configClass: Optional.empty
11:57:34.170 [FXGL Background Thread 3 ] DEBUG Engine               - credits: []
11:57:34.171 [FXGL Background Thread 3 ] DEBUG Engine               - defaultCursor: CursorInfo(imageName=fxgl_default_cursor.png, hotspotX=7.0, hotspotY=6.0)
11:57:34.171 [FXGL Background Thread 3 ] DEBUG Engine               - devBBoxColorProperty: ObjectProperty [value: 0xff0000ff]
11:57:34.172 [FXGL Background Thread 3 ] DEBUG Engine               - devEnableDebugCameraProperty: BooleanProperty [value: false]
11:57:34.172 [FXGL Background Thread 3 ] DEBUG Engine               - devSensorColorProperty: ObjectProperty [value: 0xffff00ff]
11:57:34.172 [FXGL Background Thread 3 ] DEBUG Engine               - devShowBBoxProperty: BooleanProperty [value: false]
11:57:34.172 [FXGL Background Thread 3 ] DEBUG Engine               - devShowPositionProperty: BooleanProperty [value: false]
11:57:34.172 [FXGL Background Thread 3 ] DEBUG Engine               - enabledMenuItems: []
11:57:34.172 [FXGL Background Thread 3 ] DEBUG Engine               - engineServices: [class com.almasb.fxgl.app.services.FXGLAssetLoaderService, class com.almasb.fxgl.app.FXGLApplication$GameApplicationService, class com.almasb.fxgl.app.services.FXGLDialogService, class com.almasb.fxgl.app.services.IOTaskExecutorService, class com.almasb.fxgl.io.FileSystemService, class com.almasb.fxgl.localization.LocalizationService, class com.almasb.fxgl.app.services.SystemBundleService, class com.almasb.fxgl.profile.SaveLoadService, class com.almasb.fxgl.ui.FXGLUIFactoryServiceProvider, class com.almasb.fxgl.ui.FXGLDialogFactoryServiceProvider, class com.almasb.fxgl.audio.AudioPlayer, class com.almasb.fxgl.notification.impl.NotificationServiceProvider, class com.almasb.fxgl.achievement.AchievementService, class com.almasb.fxgl.cutscene.CutsceneService, class com.almasb.fxgl.minigames.MiniGameService, class com.almasb.fxgl.net.NetService, class com.almasb.fxgl.app.services.UpdaterService, class com.almasb.fxgl.dev.DevService]
11:57:34.172 [FXGL Background Thread 3 ] DEBUG Engine               - fontGame: Abel-Regular.ttf
11:57:34.172 [FXGL Background Thread 3 ] DEBUG Engine               - fontMono: TerminalLandMono-Regular.otf
11:57:34.173 [FXGL Background Thread 3 ] DEBUG Engine               - fontSizeScaleUI: 1.0
11:57:34.173 [FXGL Background Thread 3 ] DEBUG Engine               - fontText: Courier-Prime.ttf
11:57:34.173 [FXGL Background Thread 3 ] DEBUG Engine               - fontUI: VarelaRound-Regular.ttf
11:57:34.173 [FXGL Background Thread 3 ] DEBUG Engine               - fullScreen: BooleanProperty [value: false]
11:57:34.173 [FXGL Background Thread 3 ] DEBUG Engine               - gameDifficulty: MEDIUM
11:57:34.173 [FXGL Background Thread 3 ] DEBUG Engine               - gameDifficultyProperty: ObjectProperty [value: MEDIUM]
11:57:34.173 [FXGL Background Thread 3 ] DEBUG Engine               - globalMusicVolume: 0.5
11:57:34.173 [FXGL Background Thread 3 ] DEBUG Engine               - globalMusicVolumeProperty: DoubleProperty [value: 0.5]
11:57:34.173 [FXGL Background Thread 3 ] DEBUG Engine               - globalSoundVolume: 0.5
11:57:34.173 [FXGL Background Thread 3 ] DEBUG Engine               - globalSoundVolumeProperty: DoubleProperty [value: 0.5]
11:57:34.173 [FXGL Background Thread 3 ] DEBUG Engine               - height: 720
11:57:34.173 [FXGL Background Thread 3 ] DEBUG Engine               - is3D: false
11:57:34.173 [FXGL Background Thread 3 ] DEBUG Engine               - isAndroid: false
11:57:34.173 [FXGL Background Thread 3 ] DEBUG Engine               - isBrowser: false
11:57:34.173 [FXGL Background Thread 3 ] DEBUG Engine               - isClickFeedbackEnabled: false
11:57:34.173 [FXGL Background Thread 3 ] DEBUG Engine               - isCloseConfirmation: false
11:57:34.173 [FXGL Background Thread 3 ] DEBUG Engine               - isDesktop: true
11:57:34.174 [FXGL Background Thread 3 ] DEBUG Engine               - isDeveloperMenuEnabled: false
11:57:34.174 [FXGL Background Thread 3 ] DEBUG Engine               - isEmbedded: false
11:57:34.174 [FXGL Background Thread 3 ] DEBUG Engine               - isEntityPreloadEnabled: true
11:57:34.174 [FXGL Background Thread 3 ] DEBUG Engine               - isExperimentalTiledLargeMap: false
11:57:34.174 [FXGL Background Thread 3 ] DEBUG Engine               - isFileSystemWriteAllowed: true
11:57:34.174 [FXGL Background Thread 3 ] DEBUG Engine               - isFullScreenAllowed: false
11:57:34.174 [FXGL Background Thread 3 ] DEBUG Engine               - isFullScreenFromStart: false
11:57:34.174 [FXGL Background Thread 3 ] DEBUG Engine               - isGameMenuEnabled: true
11:57:34.174 [FXGL Background Thread 3 ] DEBUG Engine               - isIOS: false
11:57:34.174 [FXGL Background Thread 3 ] DEBUG Engine               - isIntroEnabled: false
11:57:34.174 [FXGL Background Thread 3 ] DEBUG Engine               - isLinux: false
11:57:34.174 [FXGL Background Thread 3 ] DEBUG Engine               - isMac: false
11:57:34.174 [FXGL Background Thread 3 ] DEBUG Engine               - isMainMenuEnabled: false
11:57:34.174 [FXGL Background Thread 3 ] DEBUG Engine               - isManualResizeEnabled: false
11:57:34.175 [FXGL Background Thread 3 ] DEBUG Engine               - isMobile: false
11:57:34.175 [FXGL Background Thread 3 ] DEBUG Engine               - isNative: false
11:57:34.175 [FXGL Background Thread 3 ] DEBUG Engine               - isPauseMusicWhenMinimized: true
11:57:34.175 [FXGL Background Thread 3 ] DEBUG Engine               - isPreserveResizeRatio: false
11:57:34.175 [FXGL Background Thread 3 ] DEBUG Engine               - isProfilingEnabled: false
11:57:34.175 [FXGL Background Thread 3 ] DEBUG Engine               - isScaleAffectedOnResize: true
11:57:34.175 [FXGL Background Thread 3 ] DEBUG Engine               - isSingleStep: false
11:57:34.175 [FXGL Background Thread 3 ] DEBUG Engine               - isUserProfileEnabled: false
11:57:34.175 [FXGL Background Thread 3 ] DEBUG Engine               - isWindows: true
11:57:34.175 [FXGL Background Thread 3 ] DEBUG Engine               - language: ObjectProperty [value: ENGLISH]
11:57:34.175 [FXGL Background Thread 3 ] DEBUG Engine               - menuKey: ESCAPE
11:57:34.175 [FXGL Background Thread 3 ] DEBUG Engine               - mouseSensitivity: 0.2
11:57:34.175 [FXGL Background Thread 3 ] DEBUG Engine               - notificationViewClass: class com.almasb.fxgl.notification.view.XboxNotificationView
11:57:34.175 [FXGL Background Thread 3 ] DEBUG Engine               - pixelsPerMeter: 50.0
11:57:34.175 [FXGL Background Thread 3 ] DEBUG Engine               - platform: WINDOWS
11:57:34.175 [FXGL Background Thread 3 ] DEBUG Engine               - prefHeightProperty: ReadOnlyDoubleProperty [value: 720.0]
11:57:34.176 [FXGL Background Thread 3 ] DEBUG Engine               - prefWidthProperty: ReadOnlyDoubleProperty [value: 1280.0]
11:57:34.176 [FXGL Background Thread 3 ] DEBUG Engine               - profileDir: profiles/
11:57:34.176 [FXGL Background Thread 3 ] DEBUG Engine               - profileName: StringProperty [value: DEFAULT]
11:57:34.176 [FXGL Background Thread 3 ] DEBUG Engine               - randomSeed: -1
11:57:34.176 [FXGL Background Thread 3 ] DEBUG Engine               - runtimeInfo: RuntimeInfo(platform=WINDOWS, version=17.3, build=30.03.2023 11.49)
11:57:34.176 [FXGL Background Thread 3 ] DEBUG Engine               - saveFileExt: sav
11:57:34.176 [FXGL Background Thread 3 ] DEBUG Engine               - scaledHeightProp$fxgl: DoubleProperty [bound, value: 720.0]
11:57:34.176 [FXGL Background Thread 3 ] DEBUG Engine               - scaledWidthProp$fxgl: DoubleProperty [bound, value: 1280.0]
11:57:34.176 [FXGL Background Thread 3 ] DEBUG Engine               - sceneFactory: com.almasb.fxgl.app.scene.SceneFactory@3ffc269a
11:57:34.176 [FXGL Background Thread 3 ] DEBUG Engine               - secondsIn24h: 60
11:57:34.177 [FXGL Background Thread 3 ] DEBUG Engine               - soundMenuBack: menu/back.wav
11:57:34.177 [FXGL Background Thread 3 ] DEBUG Engine               - soundMenuPress: menu/press.wav
11:57:34.177 [FXGL Background Thread 3 ] DEBUG Engine               - soundMenuSelect: menu/select.wav
11:57:34.177 [FXGL Background Thread 3 ] DEBUG Engine               - soundNotification: core/notification.wav
11:57:34.177 [FXGL Background Thread 3 ] DEBUG Engine               - stageStyle: DECORATED
11:57:34.177 [FXGL Background Thread 3 ] DEBUG Engine               - supportedLanguages: [ENGLISH, FRENCH, GERMAN, HUNGARIAN, RUSSIAN]
11:57:34.177 [FXGL Background Thread 3 ] DEBUG Engine               - ticksPerSecond: -1
11:57:34.177 [FXGL Background Thread 3 ] DEBUG Engine               - title: HTL Mario Fix
11:57:34.177 [FXGL Background Thread 3 ] DEBUG Engine               - urlGithub: https://github.com/AlmasB/FXGL
11:57:34.177 [FXGL Background Thread 3 ] DEBUG Engine               - urlLeaderboard: http://fxgl-top.herokuapp.com/
11:57:34.177 [FXGL Background Thread 3 ] DEBUG Engine               - urlPOM: https://raw.githubusercontent.com/AlmasB/FXGL/release/README.md
11:57:34.177 [FXGL Background Thread 3 ] DEBUG Engine               - userAppClass: class at.htl.spiel.MarioLevel
11:57:34.177 [FXGL Background Thread 3 ] DEBUG Engine               - version: 0.0
11:57:34.177 [FXGL Background Thread 3 ] DEBUG Engine               - versionCheckDays: 7
11:57:34.177 [FXGL Background Thread 3 ] DEBUG Engine               - width: 1280
11:57:34.177 [FXGL Background Thread 3 ] DEBUG Engine               - Logging services
11:57:34.177 [FXGL Background Thread 3 ] DEBUG Engine               - class com.almasb.fxgl.app.services.FXGLAssetLoaderService
11:57:34.178 [FXGL Background Thread 3 ] DEBUG Engine               - class com.almasb.fxgl.app.FXGLApplication$GameApplicationService
11:57:34.178 [FXGL Background Thread 3 ] DEBUG Engine               - class com.almasb.fxgl.app.services.FXGLDialogService
11:57:34.178 [FXGL Background Thread 3 ] DEBUG Engine               - class com.almasb.fxgl.app.services.IOTaskExecutorService
11:57:34.178 [FXGL Background Thread 3 ] DEBUG Engine               - class com.almasb.fxgl.io.FileSystemService
11:57:34.178 [FXGL Background Thread 3 ] DEBUG Engine               - class com.almasb.fxgl.localization.LocalizationService
11:57:34.178 [FXGL Background Thread 3 ] DEBUG Engine               - class com.almasb.fxgl.app.services.SystemBundleService
11:57:34.178 [FXGL Background Thread 3 ] DEBUG Engine               - class com.almasb.fxgl.profile.SaveLoadService
11:57:34.178 [FXGL Background Thread 3 ] DEBUG Engine               - class com.almasb.fxgl.ui.FXGLUIFactoryServiceProvider
11:57:34.178 [FXGL Background Thread 3 ] DEBUG Engine               - class com.almasb.fxgl.ui.FXGLDialogFactoryServiceProvider
11:57:34.178 [FXGL Background Thread 3 ] DEBUG Engine               - class com.almasb.fxgl.audio.AudioPlayer
11:57:34.178 [FXGL Background Thread 3 ] DEBUG Engine               - class com.almasb.fxgl.notification.impl.NotificationServiceProvider
11:57:34.178 [FXGL Background Thread 3 ] DEBUG Engine               - class com.almasb.fxgl.achievement.AchievementService
11:57:34.178 [FXGL Background Thread 3 ] DEBUG Engine               - class com.almasb.fxgl.cutscene.CutsceneService
11:57:34.178 [FXGL Background Thread 3 ] DEBUG Engine               - class com.almasb.fxgl.minigames.MiniGameService
11:57:34.178 [FXGL Background Thread 3 ] DEBUG Engine               - class com.almasb.fxgl.net.NetService
11:57:34.178 [FXGL Background Thread 3 ] DEBUG Engine               - class com.almasb.fxgl.app.services.UpdaterService
11:57:34.178 [FXGL Background Thread 3 ] DEBUG Engine               - class com.almasb.fxgl.dev.DevService
11:58:03.731 [JavaFX Application Thread] DEBUG FXGLApplication      - Exiting FXGL
11:58:03.731 [JavaFX Application Thread] DEBUG LoopRunner           - Stopping loop
11:58:03.731 [JavaFX Application Thread] DEBUG SystemBundleService  - Saving FXGL system data
11:58:03.737 [JavaFX Application Thread] DEBUG FileSystemAccess     - Writing to: C:\Users\makim\OneDrive - HTL Saalfelden\3AHINF 2025_2026\POS\Spiel\system\fxgl.bundle
11:58:03.742 [JavaFX Application Thread] DEBUG Async                - Shutting down background threads
11:58:03.742 [JavaFX Application Thread] DEBUG PrimaryStageWindow   - Closing main window
11:58:03.769 [JavaFX Application Thread] DEBUG Logger               - Closing Logger
